{"/Users/mac/mekong-cli/SALE MLM/src/api/alerts.js": {"path":"/Users/mac/mekong-cli/SALE MLM/src/api/alerts.js","statementMap":{"0":{"start":{"line":1,"column":16},"end":{"line":1,"column":34}},"1":{"start":{"line":2,"column":15},"end":{"line":2,"column":31}},"2":{"start":{"line":3,"column":42},"end":{"line":3,"column":78}},"3":{"start":{"line":6,"column":20},"end":{"line":13,"column":1}},"4":{"start":{"line":15,"column":17},"end":{"line":15,"column":19}},"5":{"start":{"line":18,"column":0},"end":{"line":20,"column":3}},"6":{"start":{"line":19,"column":2},"end":{"line":19,"column":24}},"7":{"start":{"line":23,"column":0},"end":{"line":36,"column":3}},"8":{"start":{"line":24,"column":97},"end":{"line":24,"column":105}},"9":{"start":{"line":25,"column":20},"end":{"line":25,"column":22}},"10":{"start":{"line":27,"column":2},"end":{"line":27,"column":75}},"11":{"start":{"line":27,"column":27},"end":{"line":27,"column":75}},"12":{"start":{"line":28,"column":2},"end":{"line":28,"column":71}},"13":{"start":{"line":28,"column":23},"end":{"line":28,"column":71}},"14":{"start":{"line":29,"column":2},"end":{"line":29,"column":70}},"15":{"start":{"line":29,"column":22},"end":{"line":29,"column":70}},"16":{"start":{"line":30,"column":2},"end":{"line":30,"column":71}},"17":{"start":{"line":30,"column":23},"end":{"line":30,"column":71}},"18":{"start":{"line":31,"column":2},"end":{"line":31,"column":80}},"19":{"start":{"line":31,"column":32},"end":{"line":31,"column":80}},"20":{"start":{"line":32,"column":2},"end":{"line":32,"column":66}},"21":{"start":{"line":32,"column":18},"end":{"line":32,"column":66}},"22":{"start":{"line":34,"column":2},"end":{"line":34,"column":88}},"23":{"start":{"line":34,"column":39},"end":{"line":34,"column":84}},"24":{"start":{"line":35,"column":2},"end":{"line":35,"column":69}},"25":{"start":{"line":39,"column":0},"end":{"line":41,"column":3}},"26":{"start":{"line":40,"column":2},"end":{"line":40,"column":21}},"27":{"start":{"line":43,"column":0},"end":{"line":43,"column":24}}},"fnMap":{"0":{"name":"(anonymous_0)","decl":{"start":{"line":18,"column":34},"end":{"line":18,"column":35}},"loc":{"start":{"line":18,"column":48},"end":{"line":20,"column":1}},"line":18},"1":{"name":"(anonymous_1)","decl":{"start":{"line":23,"column":35},"end":{"line":23,"column":36}},"loc":{"start":{"line":23,"column":49},"end":{"line":36,"column":1}},"line":23},"2":{"name":"(anonymous_2)","decl":{"start":{"line":34,"column":33},"end":{"line":34,"column":34}},"loc":{"start":{"line":34,"column":39},"end":{"line":34,"column":84}},"line":34},"3":{"name":"(anonymous_3)","decl":{"start":{"line":39,"column":50},"end":{"line":39,"column":51}},"loc":{"start":{"line":39,"column":64},"end":{"line":41,"column":1}},"line":39}},"branchMap":{"0":{"loc":{"start":{"line":27,"column":2},"end":{"line":27,"column":75}},"type":"if","locations":[{"start":{"line":27,"column":2},"end":{"line":27,"column":75}},{"start":{},"end":{}}],"line":27},"1":{"loc":{"start":{"line":28,"column":2},"end":{"line":28,"column":71}},"type":"if","locations":[{"start":{"line":28,"column":2},"end":{"line":28,"column":71}},{"start":{},"end":{}}],"line":28},"2":{"loc":{"start":{"line":29,"column":2},"end":{"line":29,"column":70}},"type":"if","locations":[{"start":{"line":29,"column":2},"end":{"line":29,"column":70}},{"start":{},"end":{}}],"line":29},"3":{"loc":{"start":{"line":30,"column":2},"end":{"line":30,"column":71}},"type":"if","locations":[{"start":{"line":30,"column":2},"end":{"line":30,"column":71}},{"start":{},"end":{}}],"line":30},"4":{"loc":{"start":{"line":31,"column":2},"end":{"line":31,"column":80}},"type":"if","locations":[{"start":{"line":31,"column":2},"end":{"line":31,"column":80}},{"start":{},"end":{}}],"line":31},"5":{"loc":{"start":{"line":32,"column":2},"end":{"line":32,"column":66}},"type":"if","locations":[{"start":{"line":32,"column":2},"end":{"line":32,"column":66}},{"start":{},"end":{}}],"line":32}},"s":{"0":9,"1":9,"2":9,"3":9,"4":9,"5":9,"6":1,"7":9,"8":2,"9":2,"10":2,"11":1,"12":2,"13":1,"14":2,"15":1,"16":2,"17":1,"18":2,"19":1,"20":2,"21":1,"22":2,"23":6,"24":2,"25":9,"26":1,"27":9},"f":{"0":1,"1":2,"2":6,"3":1},"b":{"0":[1,1],"1":[1,1],"2":[1,1],"3":[1,1],"4":[1,1],"5":[1,1]},"_coverageSchema":"1a1c01bbd47fc00a2c39e90264f33305004495a9","hash":"4209ba4de4b22a4c0202d75c022f7c277111e942"}
,"/Users/mac/mekong-cli/SALE MLM/src/api/analytics-funnel.js": {"path":"/Users/mac/mekong-cli/SALE MLM/src/api/analytics-funnel.js","statementMap":{"0":{"start":{"line":10,"column":16},"end":{"line":10,"column":34}},"1":{"start":{"line":11,"column":15},"end":{"line":11,"column":31}},"2":{"start":{"line":12,"column":42},"end":{"line":12,"column":78}},"3":{"start":{"line":13,"column":58},"end":{"line":13,"column":83}},"4":{"start":{"line":14,"column":42},"end":{"line":14,"column":78}},"5":{"start":{"line":15,"column":33},"end":{"line":15,"column":60}},"6":{"start":{"line":21,"column":17},"end":{"line":21,"column":59}},"7":{"start":{"line":21,"column":23},"end":{"line":21,"column":59}},"8":{"start":{"line":24,"column":15},"end":{"line":24,"column":44}},"9":{"start":{"line":25,"column":17},"end":{"line":25,"column":29}},"10":{"start":{"line":26,"column":2},"end":{"line":26,"column":34}},"11":{"start":{"line":26,"column":24},"end":{"line":26,"column":34}},"12":{"start":{"line":27,"column":16},"end":{"line":27,"column":41}},"13":{"start":{"line":28,"column":2},"end":{"line":28,"column":36}},"14":{"start":{"line":28,"column":18},"end":{"line":28,"column":36}},"15":{"start":{"line":29,"column":2},"end":{"line":29,"column":47}},"16":{"start":{"line":29,"column":29},"end":{"line":29,"column":47}},"17":{"start":{"line":30,"column":2},"end":{"line":30,"column":60}},"18":{"start":{"line":30,"column":32},"end":{"line":30,"column":58}},"19":{"start":{"line":34,"column":2},"end":{"line":34,"column":28}},"20":{"start":{"line":34,"column":16},"end":{"line":34,"column":28}},"21":{"start":{"line":35,"column":2},"end":{"line":35,"column":63}},"22":{"start":{"line":42,"column":0},"end":{"line":78,"column":3}},"23":{"start":{"line":43,"column":16},"end":{"line":43,"column":37}},"24":{"start":{"line":46,"column":17},"end":{"line":49,"column":4}},"25":{"start":{"line":47,"column":18},"end":{"line":47,"column":60}},"26":{"start":{"line":47,"column":36},"end":{"line":47,"column":59}},"27":{"start":{"line":48,"column":4},"end":{"line":48,"column":74}},"28":{"start":{"line":52,"column":16},"end":{"line":52,"column":18}},"29":{"start":{"line":53,"column":2},"end":{"line":63,"column":3}},"30":{"start":{"line":53,"column":15},"end":{"line":53,"column":16}},"31":{"start":{"line":54,"column":22},"end":{"line":54,"column":37}},"32":{"start":{"line":55,"column":20},"end":{"line":55,"column":39}},"33":{"start":{"line":56,"column":4},"end":{"line":62,"column":7}},"34":{"start":{"line":64,"column":21},"end":{"line":64,"column":60}},"35":{"start":{"line":64,"column":45},"end":{"line":64,"column":56}},"36":{"start":{"line":67,"column":20},"end":{"line":67,"column":58}},"37":{"start":{"line":68,"column":18},"end":{"line":75,"column":4}},"38":{"start":{"line":69,"column":22},"end":{"line":69,"column":40}},"39":{"start":{"line":71,"column":20},"end":{"line":71,"column":96}},"40":{"start":{"line":71,"column":42},"end":{"line":71,"column":95}},"41":{"start":{"line":72,"column":23},"end":{"line":72,"column":37}},"42":{"start":{"line":73,"column":23},"end":{"line":73,"column":70}},"43":{"start":{"line":73,"column":50},"end":{"line":73,"column":66}},"44":{"start":{"line":74,"column":4},"end":{"line":74,"column":81}},"45":{"start":{"line":77,"column":2},"end":{"line":77,"column":51}},"46":{"start":{"line":84,"column":0},"end":{"line":128,"column":3}},"47":{"start":{"line":85,"column":16},"end":{"line":85,"column":37}},"48":{"start":{"line":86,"column":21},"end":{"line":86,"column":31}},"49":{"start":{"line":87,"column":2},"end":{"line":87,"column":48}},"50":{"start":{"line":90,"column":25},"end":{"line":97,"column":4}},"51":{"start":{"line":91,"column":18},"end":{"line":91,"column":60}},"52":{"start":{"line":91,"column":36},"end":{"line":91,"column":59}},"53":{"start":{"line":92,"column":18},"end":{"line":94,"column":50}},"54":{"start":{"line":93,"column":16},"end":{"line":93,"column":59}},"55":{"start":{"line":94,"column":19},"end":{"line":94,"column":49}},"56":{"start":{"line":95,"column":16},"end":{"line":95,"column":111}},"57":{"start":{"line":95,"column":70},"end":{"line":95,"column":75}},"58":{"start":{"line":96,"column":4},"end":{"line":96,"column":67}},"59":{"start":{"line":100,"column":23},"end":{"line":105,"column":4}},"60":{"start":{"line":101,"column":25},"end":{"line":101,"column":74}},"61":{"start":{"line":101,"column":43},"end":{"line":101,"column":66}},"62":{"start":{"line":102,"column":4},"end":{"line":102,"column":92}},"63":{"start":{"line":102,"column":28},"end":{"line":102,"column":92}},"64":{"start":{"line":103,"column":21},"end":{"line":103,"column":122}},"65":{"start":{"line":103,"column":39},"end":{"line":103,"column":114}},"66":{"start":{"line":104,"column":4},"end":{"line":104,"column":123}},"67":{"start":{"line":108,"column":19},"end":{"line":108,"column":21}},"68":{"start":{"line":109,"column":2},"end":{"line":113,"column":7}},"69":{"start":{"line":110,"column":17},"end":{"line":110,"column":60}},"70":{"start":{"line":112,"column":6},"end":{"line":112,"column":71}},"71":{"start":{"line":115,"column":24},"end":{"line":125,"column":6}},"72":{"start":{"line":116,"column":20},"end":{"line":116,"column":31}},"73":{"start":{"line":119,"column":21},"end":{"line":119,"column":54}},"74":{"start":{"line":119,"column":39},"end":{"line":119,"column":53}},"75":{"start":{"line":120,"column":6},"end":{"line":124,"column":8}},"76":{"start":{"line":127,"column":2},"end":{"line":127,"column":60}},"77":{"start":{"line":134,"column":0},"end":{"line":158,"column":3}},"78":{"start":{"line":135,"column":16},"end":{"line":135,"column":37}},"79":{"start":{"line":136,"column":18},"end":{"line":136,"column":60}},"80":{"start":{"line":138,"column":17},"end":{"line":138,"column":107}},"81":{"start":{"line":139,"column":15},"end":{"line":152,"column":4}},"82":{"start":{"line":140,"column":18},"end":{"line":140,"column":57}},"83":{"start":{"line":141,"column":4},"end":{"line":151,"column":63}},"84":{"start":{"line":151,"column":15},"end":{"line":151,"column":51}},"85":{"start":{"line":154,"column":14},"end":{"line":154,"column":52}},"86":{"start":{"line":155,"column":2},"end":{"line":155,"column":59}},"87":{"start":{"line":156,"column":2},"end":{"line":156,"column":83}},"88":{"start":{"line":157,"column":2},"end":{"line":157,"column":16}},"89":{"start":{"line":160,"column":0},"end":{"line":160,"column":24}}},"fnMap":{"0":{"name":"(anonymous_0)","decl":{"start":{"line":21,"column":17},"end":{"line":21,"column":18}},"loc":{"start":{"line":21,"column":23},"end":{"line":21,"column":59}},"line":21},"1":{"name":"visibleLeadScope","decl":{"start":{"line":23,"column":9},"end":{"line":23,"column":25}},"loc":{"start":{"line":23,"column":31},"end":{"line":31,"column":1}},"line":23},"2":{"name":"(anonymous_2)","decl":{"start":{"line":30,"column":27},"end":{"line":30,"column":28}},"loc":{"start":{"line":30,"column":32},"end":{"line":30,"column":58}},"line":30},"3":{"name":"daysBetween","decl":{"start":{"line":33,"column":9},"end":{"line":33,"column":20}},"loc":{"start":{"line":33,"column":27},"end":{"line":36,"column":1}},"line":33},"4":{"name":"(anonymous_4)","decl":{"start":{"line":42,"column":29},"end":{"line":42,"column":30}},"loc":{"start":{"line":42,"column":43},"end":{"line":78,"column":1}},"line":42},"5":{"name":"(anonymous_5)","decl":{"start":{"line":46,"column":35},"end":{"line":46,"column":36}},"loc":{"start":{"line":46,"column":44},"end":{"line":49,"column":3}},"line":46},"6":{"name":"(anonymous_6)","decl":{"start":{"line":47,"column":31},"end":{"line":47,"column":32}},"loc":{"start":{"line":47,"column":36},"end":{"line":47,"column":59}},"line":47},"7":{"name":"(anonymous_7)","decl":{"start":{"line":64,"column":35},"end":{"line":64,"column":36}},"loc":{"start":{"line":64,"column":45},"end":{"line":64,"column":56}},"line":64},"8":{"name":"(anonymous_8)","decl":{"start":{"line":68,"column":36},"end":{"line":68,"column":37}},"loc":{"start":{"line":68,"column":45},"end":{"line":75,"column":3}},"line":68},"9":{"name":"(anonymous_9)","decl":{"start":{"line":71,"column":37},"end":{"line":71,"column":38}},"loc":{"start":{"line":71,"column":42},"end":{"line":71,"column":95}},"line":71},"10":{"name":"(anonymous_10)","decl":{"start":{"line":73,"column":38},"end":{"line":73,"column":39}},"loc":{"start":{"line":73,"column":50},"end":{"line":73,"column":66}},"line":73},"11":{"name":"(anonymous_11)","decl":{"start":{"line":84,"column":34},"end":{"line":84,"column":35}},"loc":{"start":{"line":84,"column":48},"end":{"line":128,"column":1}},"line":84},"12":{"name":"(anonymous_12)","decl":{"start":{"line":90,"column":43},"end":{"line":90,"column":44}},"loc":{"start":{"line":90,"column":52},"end":{"line":97,"column":3}},"line":90},"13":{"name":"(anonymous_13)","decl":{"start":{"line":91,"column":31},"end":{"line":91,"column":32}},"loc":{"start":{"line":91,"column":36},"end":{"line":91,"column":59}},"line":91},"14":{"name":"(anonymous_14)","decl":{"start":{"line":93,"column":11},"end":{"line":93,"column":12}},"loc":{"start":{"line":93,"column":16},"end":{"line":93,"column":59}},"line":93},"15":{"name":"(anonymous_15)","decl":{"start":{"line":94,"column":14},"end":{"line":94,"column":15}},"loc":{"start":{"line":94,"column":19},"end":{"line":94,"column":49}},"line":94},"16":{"name":"(anonymous_16)","decl":{"start":{"line":95,"column":60},"end":{"line":95,"column":61}},"loc":{"start":{"line":95,"column":70},"end":{"line":95,"column":75}},"line":95},"17":{"name":"(anonymous_17)","decl":{"start":{"line":100,"column":41},"end":{"line":100,"column":42}},"loc":{"start":{"line":100,"column":50},"end":{"line":105,"column":3}},"line":100},"18":{"name":"(anonymous_18)","decl":{"start":{"line":101,"column":38},"end":{"line":101,"column":39}},"loc":{"start":{"line":101,"column":43},"end":{"line":101,"column":66}},"line":101},"19":{"name":"(anonymous_19)","decl":{"start":{"line":103,"column":34},"end":{"line":103,"column":35}},"loc":{"start":{"line":103,"column":39},"end":{"line":103,"column":114}},"line":103},"20":{"name":"(anonymous_20)","decl":{"start":{"line":110,"column":12},"end":{"line":110,"column":13}},"loc":{"start":{"line":110,"column":17},"end":{"line":110,"column":60}},"line":110},"21":{"name":"(anonymous_21)","decl":{"start":{"line":111,"column":13},"end":{"line":111,"column":14}},"loc":{"start":{"line":111,"column":18},"end":{"line":113,"column":5}},"line":111},"22":{"name":"(anonymous_22)","decl":{"start":{"line":116,"column":10},"end":{"line":116,"column":11}},"loc":{"start":{"line":116,"column":20},"end":{"line":116,"column":31}},"line":116},"23":{"name":"(anonymous_23)","decl":{"start":{"line":118,"column":9},"end":{"line":118,"column":10}},"loc":{"start":{"line":118,"column":38},"end":{"line":125,"column":5}},"line":118},"24":{"name":"(anonymous_24)","decl":{"start":{"line":119,"column":34},"end":{"line":119,"column":35}},"loc":{"start":{"line":119,"column":39},"end":{"line":119,"column":53}},"line":119},"25":{"name":"(anonymous_25)","decl":{"start":{"line":134,"column":41},"end":{"line":134,"column":42}},"loc":{"start":{"line":134,"column":55},"end":{"line":158,"column":1}},"line":134},"26":{"name":"(anonymous_26)","decl":{"start":{"line":139,"column":25},"end":{"line":139,"column":26}},"loc":{"start":{"line":139,"column":30},"end":{"line":152,"column":3}},"line":139},"27":{"name":"(anonymous_27)","decl":{"start":{"line":151,"column":10},"end":{"line":151,"column":11}},"loc":{"start":{"line":151,"column":15},"end":{"line":151,"column":51}},"line":151}},"branchMap":{"0":{"loc":{"start":{"line":26,"column":2},"end":{"line":26,"column":34}},"type":"if","locations":[{"start":{"line":26,"column":2},"end":{"line":26,"column":34}},{"start":{},"end":{}}],"line":26},"1":{"loc":{"start":{"line":26,"column":6},"end":{"line":26,"column":22}},"type":"binary-expr","locations":[{"start":{"line":26,"column":6},"end":{"line":26,"column":11}},{"start":{"line":26,"column":15},"end":{"line":26,"column":22}}],"line":26},"2":{"loc":{"start":{"line":27,"column":16},"end":{"line":27,"column":41}},"type":"binary-expr","locations":[{"start":{"line":27,"column":16},"end":{"line":27,"column":36}},{"start":{"line":27,"column":40},"end":{"line":27,"column":41}}],"line":27},"3":{"loc":{"start":{"line":28,"column":2},"end":{"line":28,"column":36}},"type":"if","locations":[{"start":{"line":28,"column":2},"end":{"line":28,"column":36}},{"start":{},"end":{}}],"line":28},"4":{"loc":{"start":{"line":29,"column":2},"end":{"line":29,"column":47}},"type":"if","locations":[{"start":{"line":29,"column":2},"end":{"line":29,"column":47}},{"start":{},"end":{}}],"line":29},"5":{"loc":{"start":{"line":34,"column":2},"end":{"line":34,"column":28}},"type":"if","locations":[{"start":{"line":34,"column":2},"end":{"line":34,"column":28}},{"start":{},"end":{}}],"line":34},"6":{"loc":{"start":{"line":34,"column":6},"end":{"line":34,"column":14}},"type":"binary-expr","locations":[{"start":{"line":34,"column":6},"end":{"line":34,"column":8}},{"start":{"line":34,"column":12},"end":{"line":34,"column":14}}],"line":34},"7":{"loc":{"start":{"line":59,"column":22},"end":{"line":59,"column":94}},"type":"cond-expr","locations":[{"start":{"line":59,"column":38},"end":{"line":59,"column":90}},{"start":{"line":59,"column":93},"end":{"line":59,"column":94}}],"line":59},"8":{"loc":{"start":{"line":71,"column":42},"end":{"line":71,"column":95}},"type":"binary-expr","locations":[{"start":{"line":71,"column":42},"end":{"line":71,"column":65}},{"start":{"line":71,"column":69},"end":{"line":71,"column":95}}],"line":71},"9":{"loc":{"start":{"line":94,"column":19},"end":{"line":94,"column":49}},"type":"binary-expr","locations":[{"start":{"line":94,"column":19},"end":{"line":94,"column":29}},{"start":{"line":94,"column":33},"end":{"line":94,"column":49}}],"line":94},"10":{"loc":{"start":{"line":95,"column":16},"end":{"line":95,"column":111}},"type":"cond-expr","locations":[{"start":{"line":95,"column":35},"end":{"line":95,"column":107}},{"start":{"line":95,"column":110},"end":{"line":95,"column":111}}],"line":95},"11":{"loc":{"start":{"line":102,"column":4},"end":{"line":102,"column":92}},"type":"if","locations":[{"start":{"line":102,"column":4},"end":{"line":102,"column":92}},{"start":{},"end":{}}],"line":102},"12":{"loc":{"start":{"line":103,"column":39},"end":{"line":103,"column":114}},"type":"binary-expr","locations":[{"start":{"line":103,"column":39},"end":{"line":103,"column":62}},{"start":{"line":103,"column":67},"end":{"line":103,"column":86}},{"start":{"line":103,"column":90},"end":{"line":103,"column":113}}],"line":103},"13":{"loc":{"start":{"line":110,"column":17},"end":{"line":110,"column":60}},"type":"binary-expr","locations":[{"start":{"line":110,"column":17},"end":{"line":110,"column":32}},{"start":{"line":110,"column":36},"end":{"line":110,"column":60}}],"line":110},"14":{"loc":{"start":{"line":112,"column":35},"end":{"line":112,"column":65}},"type":"binary-expr","locations":[{"start":{"line":112,"column":35},"end":{"line":112,"column":60}},{"start":{"line":112,"column":64},"end":{"line":112,"column":65}}],"line":112},"15":{"loc":{"start":{"line":122,"column":14},"end":{"line":122,"column":35}},"type":"binary-expr","locations":[{"start":{"line":122,"column":14},"end":{"line":122,"column":26}},{"start":{"line":122,"column":30},"end":{"line":122,"column":35}}],"line":122},"16":{"loc":{"start":{"line":136,"column":19},"end":{"line":136,"column":54}},"type":"binary-expr","locations":[{"start":{"line":136,"column":19},"end":{"line":136,"column":49}},{"start":{"line":136,"column":53},"end":{"line":136,"column":54}}],"line":136},"17":{"loc":{"start":{"line":140,"column":18},"end":{"line":140,"column":57}},"type":"cond-expr","locations":[{"start":{"line":140,"column":28},"end":{"line":140,"column":44}},{"start":{"line":140,"column":47},"end":{"line":140,"column":57}}],"line":140},"18":{"loc":{"start":{"line":143,"column":6},"end":{"line":143,"column":22}},"type":"binary-expr","locations":[{"start":{"line":143,"column":6},"end":{"line":143,"column":16}},{"start":{"line":143,"column":20},"end":{"line":143,"column":22}}],"line":143},"19":{"loc":{"start":{"line":144,"column":6},"end":{"line":144,"column":23}},"type":"binary-expr","locations":[{"start":{"line":144,"column":6},"end":{"line":144,"column":17}},{"start":{"line":144,"column":21},"end":{"line":144,"column":23}}],"line":144},"20":{"loc":{"start":{"line":145,"column":6},"end":{"line":145,"column":23}},"type":"binary-expr","locations":[{"start":{"line":145,"column":6},"end":{"line":145,"column":17}},{"start":{"line":145,"column":21},"end":{"line":145,"column":23}}],"line":145},"21":{"loc":{"start":{"line":148,"column":6},"end":{"line":148,"column":27}},"type":"binary-expr","locations":[{"start":{"line":148,"column":6},"end":{"line":148,"column":21}},{"start":{"line":148,"column":25},"end":{"line":148,"column":27}}],"line":148}},"s":{"0":8,"1":8,"2":8,"3":8,"4":8,"5":8,"6":8,"7":14,"8":14,"9":14,"10":14,"11":0,"12":14,"13":14,"14":11,"15":3,"16":3,"17":0,"18":0,"19":0,"20":0,"21":0,"22":8,"23":6,"24":6,"25":30,"26":0,"27":30,"28":6,"29":6,"30":6,"31":24,"32":24,"33":24,"34":6,"35":30,"36":6,"37":6,"38":30,"39":30,"40":120,"41":30,"42":30,"43":24,"44":30,"45":6,"46":8,"47":6,"48":6,"49":6,"50":6,"51":30,"52":0,"53":30,"54":0,"55":0,"56":30,"57":0,"58":30,"59":6,"60":30,"61":0,"62":30,"63":30,"64":0,"65":0,"66":0,"67":6,"68":6,"69":0,"70":0,"71":6,"72":0,"73":0,"74":0,"75":0,"76":6,"77":8,"78":2,"79":2,"80":2,"81":2,"82":0,"83":0,"84":0,"85":2,"86":2,"87":2,"88":2,"89":8},"f":{"0":14,"1":14,"2":0,"3":0,"4":6,"5":30,"6":0,"7":30,"8":30,"9":120,"10":24,"11":6,"12":30,"13":0,"14":0,"15":0,"16":0,"17":30,"18":0,"19":0,"20":0,"21":0,"22":0,"23":0,"24":0,"25":2,"26":0,"27":0},"b":{"0":[0,14],"1":[14,14],"2":[14,0],"3":[11,3],"4":[3,0],"5":[0,0],"6":[0,0],"7":[0,24],"8":[120,24],"9":[0,0],"10":[0,30],"11":[30,0],"12":[0,0,0],"13":[0,0],"14":[0,0],"15":[0,0],"16":[2,0],"17":[0,0],"18":[0,0],"19":[0,0],"20":[0,0],"21":[0,0]},"_coverageSchema":"1a1c01bbd47fc00a2c39e90264f33305004495a9","hash":"e95a764d55875c0461f41eb53b2c07aee1865d38"}
,"/Users/mac/mekong-cli/SALE MLM/src/api/auth.js": {"path":"/Users/mac/mekong-cli/SALE MLM/src/api/auth.js","statementMap":{"0":{"start":{"line":1,"column":16},"end":{"line":1,"column":34}},"1":{"start":{"line":2,"column":15},"end":{"line":2,"column":32}},"2":{"start":{"line":3,"column":12},"end":{"line":3,"column":34}},"3":{"start":{"line":4,"column":19},"end":{"line":4,"column":46}},"4":{"start":{"line":6,"column":15},"end":{"line":6,"column":31}},"5":{"start":{"line":9,"column":15},"end":{"line":9,"column":40}},"6":{"start":{"line":10,"column":2},"end":{"line":10,"column":63}},"7":{"start":{"line":10,"column":13},"end":{"line":10,"column":63}},"8":{"start":{"line":11,"column":2},"end":{"line":11,"column":81}},"9":{"start":{"line":14,"column":0},"end":{"line":42,"column":3}},"10":{"start":{"line":15,"column":30},"end":{"line":15,"column":38}},"11":{"start":{"line":16,"column":2},"end":{"line":18,"column":3}},"12":{"start":{"line":17,"column":4},"end":{"line":17,"column":105}},"13":{"start":{"line":19,"column":22},"end":{"line":19,"column":44}},"14":{"start":{"line":20,"column":2},"end":{"line":22,"column":3}},"15":{"start":{"line":21,"column":4},"end":{"line":21,"column":105}},"16":{"start":{"line":24,"column":2},"end":{"line":24,"column":68}},"17":{"start":{"line":24,"column":8},"end":{"line":24,"column":42}},"18":{"start":{"line":24,"column":53},"end":{"line":24,"column":66}},"19":{"start":{"line":26,"column":23},"end":{"line":26,"column":80}},"20":{"start":{"line":27,"column":15},"end":{"line":27,"column":98}},"21":{"start":{"line":27,"column":38},"end":{"line":27,"column":97}},"22":{"start":{"line":28,"column":2},"end":{"line":30,"column":3}},"23":{"start":{"line":29,"column":4},"end":{"line":29,"column":106}},"24":{"start":{"line":31,"column":23},"end":{"line":31,"column":45}},"25":{"start":{"line":32,"column":2},"end":{"line":34,"column":3}},"26":{"start":{"line":33,"column":4},"end":{"line":33,"column":106}},"27":{"start":{"line":35,"column":17},"end":{"line":35,"column":40}},"28":{"start":{"line":36,"column":2},"end":{"line":36,"column":48}},"29":{"start":{"line":37,"column":16},"end":{"line":40,"column":4}},"30":{"start":{"line":41,"column":2},"end":{"line":41,"column":93}},"31":{"start":{"line":44,"column":0},"end":{"line":53,"column":3}},"32":{"start":{"line":45,"column":20},"end":{"line":45,"column":28}},"33":{"start":{"line":46,"column":2},"end":{"line":46,"column":74}},"34":{"start":{"line":46,"column":14},"end":{"line":46,"column":74}},"35":{"start":{"line":47,"column":2},"end":{"line":52,"column":3}},"36":{"start":{"line":48,"column":20},"end":{"line":48,"column":37}},"37":{"start":{"line":49,"column":4},"end":{"line":49,"column":45}},"38":{"start":{"line":51,"column":4},"end":{"line":51,"column":67}},"39":{"start":{"line":55,"column":0},"end":{"line":62,"column":3}},"40":{"start":{"line":56,"column":22},"end":{"line":56,"column":44}},"41":{"start":{"line":57,"column":2},"end":{"line":57,"column":40}},"42":{"start":{"line":57,"column":20},"end":{"line":57,"column":40}},"43":{"start":{"line":58,"column":2},"end":{"line":61,"column":27}},"44":{"start":{"line":59,"column":20},"end":{"line":59,"column":43}},"45":{"start":{"line":60,"column":4},"end":{"line":60,"column":140}},"46":{"start":{"line":60,"column":31},"end":{"line":60,"column":136}},"47":{"start":{"line":61,"column":12},"end":{"line":61,"column":25}},"48":{"start":{"line":64,"column":0},"end":{"line":64,"column":24}}},"fnMap":{"0":{"name":"hashPassword","decl":{"start":{"line":8,"column":9},"end":{"line":8,"column":21}},"loc":{"start":{"line":8,"column":32},"end":{"line":12,"column":1}},"line":8},"1":{"name":"(anonymous_1)","decl":{"start":{"line":14,"column":22},"end":{"line":14,"column":23}},"loc":{"start":{"line":14,"column":42},"end":{"line":42,"column":1}},"line":14},"2":{"name":"(anonymous_2)","decl":{"start":{"line":27,"column":33},"end":{"line":27,"column":34}},"loc":{"start":{"line":27,"column":38},"end":{"line":27,"column":97}},"line":27},"3":{"name":"(anonymous_3)","decl":{"start":{"line":44,"column":23},"end":{"line":44,"column":24}},"loc":{"start":{"line":44,"column":37},"end":{"line":53,"column":1}},"line":44},"4":{"name":"(anonymous_4)","decl":{"start":{"line":55,"column":21},"end":{"line":55,"column":22}},"loc":{"start":{"line":55,"column":35},"end":{"line":62,"column":1}},"line":55},"5":{"name":"(anonymous_5)","decl":{"start":{"line":60,"column":25},"end":{"line":60,"column":26}},"loc":{"start":{"line":60,"column":31},"end":{"line":60,"column":136}},"line":60}},"branchMap":{"0":{"loc":{"start":{"line":10,"column":2},"end":{"line":10,"column":63}},"type":"if","locations":[{"start":{"line":10,"column":2},"end":{"line":10,"column":63}},{"start":{},"end":{}}],"line":10},"1":{"loc":{"start":{"line":16,"column":2},"end":{"line":18,"column":3}},"type":"if","locations":[{"start":{"line":16,"column":2},"end":{"line":18,"column":3}},{"start":{},"end":{}}],"line":16},"2":{"loc":{"start":{"line":16,"column":6},"end":{"line":16,"column":25}},"type":"binary-expr","locations":[{"start":{"line":16,"column":6},"end":{"line":16,"column":12}},{"start":{"line":16,"column":16},"end":{"line":16,"column":25}}],"line":16},"3":{"loc":{"start":{"line":20,"column":2},"end":{"line":22,"column":3}},"type":"if","locations":[{"start":{"line":20,"column":2},"end":{"line":22,"column":3}},{"start":{},"end":{}}],"line":20},"4":{"loc":{"start":{"line":26,"column":23},"end":{"line":26,"column":80}},"type":"cond-expr","locations":[{"start":{"line":26,"column":48},"end":{"line":26,"column":55}},{"start":{"line":26,"column":58},"end":{"line":26,"column":80}}],"line":26},"5":{"loc":{"start":{"line":27,"column":38},"end":{"line":27,"column":97}},"type":"binary-expr","locations":[{"start":{"line":27,"column":38},"end":{"line":27,"column":55}},{"start":{"line":27,"column":60},"end":{"line":27,"column":68}},{"start":{"line":27,"column":72},"end":{"line":27,"column":96}}],"line":27},"6":{"loc":{"start":{"line":28,"column":2},"end":{"line":30,"column":3}},"type":"if","locations":[{"start":{"line":28,"column":2},"end":{"line":30,"column":3}},{"start":{},"end":{}}],"line":28},"7":{"loc":{"start":{"line":32,"column":2},"end":{"line":34,"column":3}},"type":"if","locations":[{"start":{"line":32,"column":2},"end":{"line":34,"column":3}},{"start":{},"end":{}}],"line":32},"8":{"loc":{"start":{"line":46,"column":2},"end":{"line":46,"column":74}},"type":"if","locations":[{"start":{"line":46,"column":2},"end":{"line":46,"column":74}},{"start":{},"end":{}}],"line":46},"9":{"loc":{"start":{"line":57,"column":2},"end":{"line":57,"column":40}},"type":"if","locations":[{"start":{"line":57,"column":2},"end":{"line":57,"column":40}},{"start":{},"end":{}}],"line":57}},"s":{"0":9,"1":9,"2":9,"3":9,"4":9,"5":3,"6":3,"7":0,"8":3,"9":9,"10":5,"11":5,"12":2,"13":3,"14":3,"15":0,"16":3,"17":3,"18":0,"19":3,"20":3,"21":3,"22":3,"23":0,"24":3,"25":3,"26":3,"27":0,"28":0,"29":0,"30":0,"31":9,"32":0,"33":0,"34":0,"35":0,"36":0,"37":0,"38":0,"39":9,"40":0,"41":0,"42":0,"43":0,"44":0,"45":0,"46":0,"47":0,"48":9},"f":{"0":3,"1":5,"2":3,"3":0,"4":0,"5":0},"b":{"0":[0,3],"1":[2,3],"2":[5,4],"3":[0,3],"4":[3,0],"5":[3,3,3],"6":[0,3],"7":[3,0],"8":[0,0],"9":[0,0]},"_coverageSchema":"1a1c01bbd47fc00a2c39e90264f33305004495a9","hash":"3a82857431093c50ae9a359299f3d2dde0f87f25"}
,"/Users/mac/mekong-cli/SALE MLM/src/api/habits.js": {"path":"/Users/mac/mekong-cli/SALE MLM/src/api/habits.js","statementMap":{"0":{"start":{"line":1,"column":16},"end":{"line":1,"column":34}},"1":{"start":{"line":2,"column":15},"end":{"line":2,"column":31}},"2":{"start":{"line":3,"column":14},"end":{"line":3,"column":40}},"3":{"start":{"line":6,"column":15},"end":{"line":6,"column":17}},"4":{"start":{"line":9,"column":0},"end":{"line":76,"column":3}},"5":{"start":{"line":10,"column":2},"end":{"line":75,"column":3}},"6":{"start":{"line":11,"column":39},"end":{"line":11,"column":47}},"7":{"start":{"line":14,"column":4},"end":{"line":16,"column":5}},"8":{"start":{"line":15,"column":6},"end":{"line":15,"column":70}},"9":{"start":{"line":17,"column":4},"end":{"line":19,"column":5}},"10":{"start":{"line":18,"column":6},"end":{"line":18,"column":71}},"11":{"start":{"line":21,"column":24},"end":{"line":21,"column":70}},"12":{"start":{"line":24,"column":16},"end":{"line":24,"column":84}},"13":{"start":{"line":24,"column":33},"end":{"line":24,"column":83}},"14":{"start":{"line":25,"column":4},"end":{"line":28,"column":5}},"15":{"start":{"line":26,"column":6},"end":{"line":26,"column":68}},"16":{"start":{"line":27,"column":6},"end":{"line":27,"column":25}},"17":{"start":{"line":31,"column":4},"end":{"line":56,"column":7}},"18":{"start":{"line":32,"column":6},"end":{"line":55,"column":7}},"19":{"start":{"line":34,"column":10},"end":{"line":34,"column":33}},"20":{"start":{"line":35,"column":10},"end":{"line":35,"column":16}},"21":{"start":{"line":37,"column":10},"end":{"line":37,"column":34}},"22":{"start":{"line":38,"column":10},"end":{"line":38,"column":16}},"23":{"start":{"line":40,"column":10},"end":{"line":40,"column":37}},"24":{"start":{"line":41,"column":10},"end":{"line":41,"column":16}},"25":{"start":{"line":43,"column":10},"end":{"line":43,"column":30}},"26":{"start":{"line":44,"column":10},"end":{"line":44,"column":16}},"27":{"start":{"line":46,"column":10},"end":{"line":46,"column":28}},"28":{"start":{"line":47,"column":10},"end":{"line":47,"column":16}},"29":{"start":{"line":50,"column":10},"end":{"line":54,"column":11}},"30":{"start":{"line":51,"column":12},"end":{"line":51,"column":34}},"31":{"start":{"line":52,"column":17},"end":{"line":54,"column":11}},"32":{"start":{"line":53,"column":12},"end":{"line":53,"column":44}},"33":{"start":{"line":59,"column":25},"end":{"line":61,"column":51}},"34":{"start":{"line":60,"column":19},"end":{"line":60,"column":67}},"35":{"start":{"line":61,"column":22},"end":{"line":61,"column":50}},"36":{"start":{"line":63,"column":36},"end":{"line":63,"column":77}},"37":{"start":{"line":63,"column":59},"end":{"line":63,"column":76}},"38":{"start":{"line":64,"column":4},"end":{"line":64,"column":48}},"39":{"start":{"line":66,"column":4},"end":{"line":71,"column":7}},"40":{"start":{"line":74,"column":4},"end":{"line":74,"column":61}},"41":{"start":{"line":79,"column":0},"end":{"line":85,"column":3}},"42":{"start":{"line":80,"column":29},"end":{"line":80,"column":38}},"43":{"start":{"line":81,"column":15},"end":{"line":81,"column":21}},"44":{"start":{"line":82,"column":2},"end":{"line":82,"column":69}},"45":{"start":{"line":82,"column":16},"end":{"line":82,"column":69}},"46":{"start":{"line":82,"column":44},"end":{"line":82,"column":67}},"47":{"start":{"line":83,"column":2},"end":{"line":83,"column":57}},"48":{"start":{"line":83,"column":12},"end":{"line":83,"column":57}},"49":{"start":{"line":83,"column":40},"end":{"line":83,"column":55}},"50":{"start":{"line":84,"column":2},"end":{"line":84,"column":40}},"51":{"start":{"line":84,"column":27},"end":{"line":84,"column":37}},"52":{"start":{"line":88,"column":0},"end":{"line":103,"column":3}},"53":{"start":{"line":89,"column":23},"end":{"line":89,"column":33}},"54":{"start":{"line":90,"column":23},"end":{"line":92,"column":49}},"55":{"start":{"line":91,"column":17},"end":{"line":91,"column":40}},"56":{"start":{"line":92,"column":20},"end":{"line":92,"column":48}},"57":{"start":{"line":94,"column":24},"end":{"line":94,"column":52}},"58":{"start":{"line":95,"column":19},"end":{"line":95,"column":40}},"59":{"start":{"line":97,"column":2},"end":{"line":102,"column":5}},"60":{"start":{"line":106,"column":0},"end":{"line":129,"column":3}},"61":{"start":{"line":107,"column":2},"end":{"line":128,"column":3}},"62":{"start":{"line":108,"column":46},"end":{"line":108,"column":54}},"63":{"start":{"line":109,"column":16},"end":{"line":109,"column":26}},"64":{"start":{"line":110,"column":21},"end":{"line":123,"column":5}},"65":{"start":{"line":113,"column":43},"end":{"line":113,"column":53}},"66":{"start":{"line":115,"column":21},"end":{"line":115,"column":33}},"67":{"start":{"line":117,"column":10},"end":{"line":119,"column":11}},"68":{"start":{"line":118,"column":12},"end":{"line":118,"column":39}},"69":{"start":{"line":120,"column":10},"end":{"line":120,"column":21}},"70":{"start":{"line":125,"column":4},"end":{"line":125,"column":23}},"71":{"start":{"line":127,"column":4},"end":{"line":127,"column":55}},"72":{"start":{"line":132,"column":0},"end":{"line":154,"column":3}},"73":{"start":{"line":133,"column":31},"end":{"line":133,"column":39}},"74":{"start":{"line":134,"column":16},"end":{"line":134,"column":54}},"75":{"start":{"line":135,"column":14},"end":{"line":135,"column":75}},"76":{"start":{"line":135,"column":31},"end":{"line":135,"column":74}},"77":{"start":{"line":136,"column":2},"end":{"line":139,"column":3}},"78":{"start":{"line":137,"column":4},"end":{"line":137,"column":49}},"79":{"start":{"line":138,"column":4},"end":{"line":138,"column":23}},"80":{"start":{"line":140,"column":2},"end":{"line":140,"column":47}},"81":{"start":{"line":140,"column":24},"end":{"line":140,"column":47}},"82":{"start":{"line":141,"column":2},"end":{"line":141,"column":49}},"83":{"start":{"line":141,"column":25},"end":{"line":141,"column":49}},"84":{"start":{"line":142,"column":2},"end":{"line":142,"column":54}},"85":{"start":{"line":142,"column":27},"end":{"line":142,"column":54}},"86":{"start":{"line":143,"column":2},"end":{"line":143,"column":48}},"87":{"start":{"line":143,"column":28},"end":{"line":143,"column":48}},"88":{"start":{"line":144,"column":2},"end":{"line":144,"column":44}},"89":{"start":{"line":144,"column":26},"end":{"line":144,"column":44}},"90":{"start":{"line":147,"column":23},"end":{"line":149,"column":49}},"91":{"start":{"line":148,"column":17},"end":{"line":148,"column":58}},"92":{"start":{"line":149,"column":20},"end":{"line":149,"column":48}},"93":{"start":{"line":150,"column":34},"end":{"line":150,"column":75}},"94":{"start":{"line":150,"column":57},"end":{"line":150,"column":74}},"95":{"start":{"line":151,"column":2},"end":{"line":151,"column":46}},"96":{"start":{"line":153,"column":2},"end":{"line":153,"column":66}},"97":{"start":{"line":157,"column":0},"end":{"line":166,"column":3}},"98":{"start":{"line":159,"column":19},"end":{"line":164,"column":3}},"99":{"start":{"line":165,"column":2},"end":{"line":165,"column":21}},"100":{"start":{"line":168,"column":0},"end":{"line":168,"column":24}}},"fnMap":{"0":{"name":"(anonymous_0)","decl":{"start":{"line":9,"column":24},"end":{"line":9,"column":25}},"loc":{"start":{"line":9,"column":38},"end":{"line":76,"column":1}},"line":9},"1":{"name":"(anonymous_1)","decl":{"start":{"line":24,"column":28},"end":{"line":24,"column":29}},"loc":{"start":{"line":24,"column":33},"end":{"line":24,"column":83}},"line":24},"2":{"name":"(anonymous_2)","decl":{"start":{"line":31,"column":18},"end":{"line":31,"column":19}},"loc":{"start":{"line":31,"column":26},"end":{"line":56,"column":5}},"line":31},"3":{"name":"(anonymous_3)","decl":{"start":{"line":60,"column":14},"end":{"line":60,"column":15}},"loc":{"start":{"line":60,"column":19},"end":{"line":60,"column":67}},"line":60},"4":{"name":"(anonymous_4)","decl":{"start":{"line":61,"column":12},"end":{"line":61,"column":13}},"loc":{"start":{"line":61,"column":22},"end":{"line":61,"column":50}},"line":61},"5":{"name":"(anonymous_5)","decl":{"start":{"line":63,"column":54},"end":{"line":63,"column":55}},"loc":{"start":{"line":63,"column":59},"end":{"line":63,"column":76}},"line":63},"6":{"name":"(anonymous_6)","decl":{"start":{"line":79,"column":16},"end":{"line":79,"column":17}},"loc":{"start":{"line":79,"column":30},"end":{"line":85,"column":1}},"line":79},"7":{"name":"(anonymous_7)","decl":{"start":{"line":82,"column":39},"end":{"line":82,"column":40}},"loc":{"start":{"line":82,"column":44},"end":{"line":82,"column":67}},"line":82},"8":{"name":"(anonymous_8)","decl":{"start":{"line":83,"column":35},"end":{"line":83,"column":36}},"loc":{"start":{"line":83,"column":40},"end":{"line":83,"column":55}},"line":83},"9":{"name":"(anonymous_9)","decl":{"start":{"line":84,"column":22},"end":{"line":84,"column":23}},"loc":{"start":{"line":84,"column":27},"end":{"line":84,"column":37}},"line":84},"10":{"name":"(anonymous_10)","decl":{"start":{"line":88,"column":32},"end":{"line":88,"column":33}},"loc":{"start":{"line":88,"column":46},"end":{"line":103,"column":1}},"line":88},"11":{"name":"(anonymous_11)","decl":{"start":{"line":91,"column":12},"end":{"line":91,"column":13}},"loc":{"start":{"line":91,"column":17},"end":{"line":91,"column":40}},"line":91},"12":{"name":"(anonymous_12)","decl":{"start":{"line":92,"column":10},"end":{"line":92,"column":11}},"loc":{"start":{"line":92,"column":20},"end":{"line":92,"column":48}},"line":92},"13":{"name":"(anonymous_13)","decl":{"start":{"line":106,"column":25},"end":{"line":106,"column":26}},"loc":{"start":{"line":106,"column":39},"end":{"line":129,"column":1}},"line":106},"14":{"name":"(anonymous_14)","decl":{"start":{"line":113,"column":38},"end":{"line":113,"column":39}},"loc":{"start":{"line":113,"column":43},"end":{"line":113,"column":53}},"line":113},"15":{"name":"(anonymous_15)","decl":{"start":{"line":115,"column":16},"end":{"line":115,"column":17}},"loc":{"start":{"line":115,"column":21},"end":{"line":115,"column":33}},"line":115},"16":{"name":"(anonymous_16)","decl":{"start":{"line":116,"column":16},"end":{"line":116,"column":17}},"loc":{"start":{"line":116,"column":28},"end":{"line":121,"column":9}},"line":116},"17":{"name":"(anonymous_17)","decl":{"start":{"line":132,"column":22},"end":{"line":132,"column":23}},"loc":{"start":{"line":132,"column":36},"end":{"line":154,"column":1}},"line":132},"18":{"name":"(anonymous_18)","decl":{"start":{"line":135,"column":26},"end":{"line":135,"column":27}},"loc":{"start":{"line":135,"column":31},"end":{"line":135,"column":74}},"line":135},"19":{"name":"(anonymous_19)","decl":{"start":{"line":148,"column":12},"end":{"line":148,"column":13}},"loc":{"start":{"line":148,"column":17},"end":{"line":148,"column":58}},"line":148},"20":{"name":"(anonymous_20)","decl":{"start":{"line":149,"column":10},"end":{"line":149,"column":11}},"loc":{"start":{"line":149,"column":20},"end":{"line":149,"column":48}},"line":149},"21":{"name":"(anonymous_21)","decl":{"start":{"line":150,"column":52},"end":{"line":150,"column":53}},"loc":{"start":{"line":150,"column":57},"end":{"line":150,"column":74}},"line":150},"22":{"name":"(anonymous_22)","decl":{"start":{"line":157,"column":38},"end":{"line":157,"column":39}},"loc":{"start":{"line":157,"column":52},"end":{"line":166,"column":1}},"line":157}},"branchMap":{"0":{"loc":{"start":{"line":14,"column":4},"end":{"line":16,"column":5}},"type":"if","locations":[{"start":{"line":14,"column":4},"end":{"line":16,"column":5}},{"start":{},"end":{}}],"line":14},"1":{"loc":{"start":{"line":17,"column":4},"end":{"line":19,"column":5}},"type":"if","locations":[{"start":{"line":17,"column":4},"end":{"line":19,"column":5}},{"start":{},"end":{}}],"line":17},"2":{"loc":{"start":{"line":21,"column":24},"end":{"line":21,"column":70}},"type":"binary-expr","locations":[{"start":{"line":21,"column":24},"end":{"line":21,"column":28}},{"start":{"line":21,"column":32},"end":{"line":21,"column":70}}],"line":21},"3":{"loc":{"start":{"line":24,"column":33},"end":{"line":24,"column":83}},"type":"binary-expr","locations":[{"start":{"line":24,"column":33},"end":{"line":24,"column":57}},{"start":{"line":24,"column":61},"end":{"line":24,"column":83}}],"line":24},"4":{"loc":{"start":{"line":25,"column":4},"end":{"line":28,"column":5}},"type":"if","locations":[{"start":{"line":25,"column":4},"end":{"line":28,"column":5}},{"start":{},"end":{}}],"line":25},"5":{"loc":{"start":{"line":32,"column":6},"end":{"line":55,"column":7}},"type":"switch","locations":[{"start":{"line":33,"column":8},"end":{"line":35,"column":16}},{"start":{"line":36,"column":8},"end":{"line":38,"column":16}},{"start":{"line":39,"column":8},"end":{"line":41,"column":16}},{"start":{"line":42,"column":8},"end":{"line":44,"column":16}},{"start":{"line":45,"column":8},"end":{"line":47,"column":16}},{"start":{"line":48,"column":8},"end":{"line":54,"column":11}}],"line":32},"6":{"loc":{"start":{"line":50,"column":10},"end":{"line":54,"column":11}},"type":"if","locations":[{"start":{"line":50,"column":10},"end":{"line":54,"column":11}},{"start":{"line":52,"column":17},"end":{"line":54,"column":11}}],"line":50},"7":{"loc":{"start":{"line":50,"column":14},"end":{"line":50,"column":50}},"type":"binary-expr","locations":[{"start":{"line":50,"column":14},"end":{"line":50,"column":38}},{"start":{"line":50,"column":42},"end":{"line":50,"column":50}}],"line":50},"8":{"loc":{"start":{"line":52,"column":17},"end":{"line":54,"column":11}},"type":"if","locations":[{"start":{"line":52,"column":17},"end":{"line":54,"column":11}},{"start":{},"end":{}}],"line":52},"9":{"loc":{"start":{"line":52,"column":21},"end":{"line":52,"column":83}},"type":"binary-expr","locations":[{"start":{"line":52,"column":21},"end":{"line":52,"column":45}},{"start":{"line":52,"column":49},"end":{"line":52,"column":61}},{"start":{"line":52,"column":65},"end":{"line":52,"column":83}}],"line":52},"10":{"loc":{"start":{"line":60,"column":19},"end":{"line":60,"column":67}},"type":"binary-expr","locations":[{"start":{"line":60,"column":19},"end":{"line":60,"column":43}},{"start":{"line":60,"column":47},"end":{"line":60,"column":67}}],"line":60},"11":{"loc":{"start":{"line":82,"column":2},"end":{"line":82,"column":69}},"type":"if","locations":[{"start":{"line":82,"column":2},"end":{"line":82,"column":69}},{"start":{},"end":{}}],"line":82},"12":{"loc":{"start":{"line":83,"column":2},"end":{"line":83,"column":57}},"type":"if","locations":[{"start":{"line":83,"column":2},"end":{"line":83,"column":57}},{"start":{},"end":{}}],"line":83},"13":{"loc":{"start":{"line":94,"column":24},"end":{"line":94,"column":52}},"type":"binary-expr","locations":[{"start":{"line":94,"column":24},"end":{"line":94,"column":47}},{"start":{"line":94,"column":51},"end":{"line":94,"column":52}}],"line":94},"14":{"loc":{"start":{"line":108,"column":12},"end":{"line":108,"column":41}},"type":"default-arg","locations":[{"start":{"line":108,"column":23},"end":{"line":108,"column":41}}],"line":108},"15":{"loc":{"start":{"line":117,"column":10},"end":{"line":119,"column":11}},"type":"if","locations":[{"start":{"line":117,"column":10},"end":{"line":119,"column":11}},{"start":{},"end":{}}],"line":117},"16":{"loc":{"start":{"line":117,"column":14},"end":{"line":117,"column":60}},"type":"binary-expr","locations":[{"start":{"line":117,"column":14},"end":{"line":117,"column":30}},{"start":{"line":117,"column":34},"end":{"line":117,"column":60}}],"line":117},"17":{"loc":{"start":{"line":135,"column":31},"end":{"line":135,"column":74}},"type":"binary-expr","locations":[{"start":{"line":135,"column":31},"end":{"line":135,"column":54}},{"start":{"line":135,"column":58},"end":{"line":135,"column":74}}],"line":135},"18":{"loc":{"start":{"line":136,"column":2},"end":{"line":139,"column":3}},"type":"if","locations":[{"start":{"line":136,"column":2},"end":{"line":139,"column":3}},{"start":{},"end":{}}],"line":136},"19":{"loc":{"start":{"line":140,"column":2},"end":{"line":140,"column":47}},"type":"if","locations":[{"start":{"line":140,"column":2},"end":{"line":140,"column":47}},{"start":{},"end":{}}],"line":140},"20":{"loc":{"start":{"line":141,"column":2},"end":{"line":141,"column":49}},"type":"if","locations":[{"start":{"line":141,"column":2},"end":{"line":141,"column":49}},{"start":{},"end":{}}],"line":141},"21":{"loc":{"start":{"line":142,"column":2},"end":{"line":142,"column":54}},"type":"if","locations":[{"start":{"line":142,"column":2},"end":{"line":142,"column":54}},{"start":{},"end":{}}],"line":142},"22":{"loc":{"start":{"line":143,"column":2},"end":{"line":143,"column":48}},"type":"if","locations":[{"start":{"line":143,"column":2},"end":{"line":143,"column":48}},{"start":{},"end":{}}],"line":143},"23":{"loc":{"start":{"line":144,"column":2},"end":{"line":144,"column":44}},"type":"if","locations":[{"start":{"line":144,"column":2},"end":{"line":144,"column":44}},{"start":{},"end":{}}],"line":144},"24":{"loc":{"start":{"line":148,"column":17},"end":{"line":148,"column":58}},"type":"binary-expr","locations":[{"start":{"line":148,"column":17},"end":{"line":148,"column":40}},{"start":{"line":148,"column":44},"end":{"line":148,"column":58}}],"line":148}},"s":{"0":10,"1":10,"2":10,"3":10,"4":10,"5":13,"6":13,"7":13,"8":2,"9":11,"10":2,"11":9,"12":9,"13":8,"14":9,"15":9,"16":9,"17":9,"18":32,"19":7,"20":7,"21":7,"22":7,"23":7,"24":7,"25":1,"26":1,"27":1,"28":1,"29":9,"30":8,"31":1,"32":1,"33":9,"34":17,"35":0,"36":9,"37":2,"38":9,"39":9,"40":0,"41":10,"42":4,"43":4,"44":4,"45":2,"46":4,"47":4,"48":2,"49":3,"50":4,"51":6,"52":10,"53":4,"54":4,"55":7,"56":0,"57":4,"58":4,"59":4,"60":10,"61":4,"62":4,"63":4,"64":4,"65":17,"66":17,"67":5,"68":5,"69":5,"70":4,"71":0,"72":10,"73":5,"74":5,"75":5,"76":20,"77":5,"78":5,"79":5,"80":5,"81":1,"82":5,"83":1,"84":5,"85":1,"86":5,"87":1,"88":5,"89":1,"90":5,"91":25,"92":0,"93":5,"94":0,"95":5,"96":5,"97":10,"98":2,"99":2,"100":10},"f":{"0":13,"1":8,"2":32,"3":17,"4":0,"5":2,"6":4,"7":4,"8":3,"9":6,"10":4,"11":7,"12":0,"13":4,"14":17,"15":17,"16":5,"17":5,"18":20,"19":25,"20":0,"21":0,"22":2},"b":{"0":[2,11],"1":[2,9],"2":[9,0],"3":[8,2],"4":[9,0],"5":[7,7,7,1,1,9],"6":[8,1],"7":[9,8],"8":[1,0],"9":[1,1,1],"10":[17,11],"11":[2,2],"12":[2,2],"13":[4,2],"14":[2],"15":[5,0],"16":[5,1],"17":[20,0],"18":[5,0],"19":[1,4],"20":[1,4],"21":[1,4],"22":[1,4],"23":[1,4],"24":[25,5]},"_coverageSchema":"1a1c01bbd47fc00a2c39e90264f33305004495a9","hash":"d91bdb526d0ca77715a9a420f2a23381f6815b77"}
,"/Users/mac/mekong-cli/SALE MLM/src/api/kpi.js": {"path":"/Users/mac/mekong-cli/SALE MLM/src/api/kpi.js","statementMap":{"0":{"start":{"line":1,"column":16},"end":{"line":1,"column":34}},"1":{"start":{"line":2,"column":15},"end":{"line":2,"column":31}},"2":{"start":{"line":3,"column":12},"end":{"line":3,"column":36}},"3":{"start":{"line":4,"column":19},"end":{"line":4,"column":46}},"4":{"start":{"line":5,"column":24},"end":{"line":5,"column":60}},"5":{"start":{"line":8,"column":13},"end":{"line":8,"column":15}},"6":{"start":{"line":9,"column":16},"end":{"line":9,"column":44}},"7":{"start":{"line":14,"column":0},"end":{"line":22,"column":3}},"8":{"start":{"line":15,"column":2},"end":{"line":21,"column":3}},"9":{"start":{"line":16,"column":16},"end":{"line":16,"column":33}},"10":{"start":{"line":17,"column":4},"end":{"line":17,"column":19}},"11":{"start":{"line":18,"column":4},"end":{"line":18,"column":39}},"12":{"start":{"line":20,"column":4},"end":{"line":20,"column":51}},"13":{"start":{"line":28,"column":0},"end":{"line":91,"column":3}},"14":{"start":{"line":29,"column":2},"end":{"line":90,"column":3}},"15":{"start":{"line":30,"column":45},"end":{"line":30,"column":54}},"16":{"start":{"line":33,"column":21},"end":{"line":76,"column":6}},"17":{"start":{"line":34,"column":25},"end":{"line":34,"column":67}},"18":{"start":{"line":34,"column":42},"end":{"line":34,"column":66}},"19":{"start":{"line":35,"column":26},"end":{"line":35,"column":46}},"20":{"start":{"line":36,"column":22},"end":{"line":36,"column":64}},"21":{"start":{"line":38,"column":6},"end":{"line":46,"column":7}},"22":{"start":{"line":39,"column":8},"end":{"line":45,"column":10}},"23":{"start":{"line":48,"column":21},"end":{"line":48,"column":41}},"24":{"start":{"line":49,"column":26},"end":{"line":49,"column":94}},"25":{"start":{"line":49,"column":52},"end":{"line":49,"column":74}},"26":{"start":{"line":50,"column":27},"end":{"line":50,"column":96}},"27":{"start":{"line":50,"column":53},"end":{"line":50,"column":76}},"28":{"start":{"line":51,"column":28},"end":{"line":51,"column":66}},"29":{"start":{"line":51,"column":45},"end":{"line":51,"column":65}},"30":{"start":{"line":53,"column":23},"end":{"line":57,"column":7}},"31":{"start":{"line":59,"column":30},"end":{"line":62,"column":41}},"32":{"start":{"line":60,"column":8},"end":{"line":60,"column":45}},"33":{"start":{"line":61,"column":8},"end":{"line":61,"column":19}},"34":{"start":{"line":65,"column":20},"end":{"line":65,"column":70}},"35":{"start":{"line":67,"column":6},"end":{"line":75,"column":8}},"36":{"start":{"line":79,"column":4},"end":{"line":79,"column":47}},"37":{"start":{"line":79,"column":28},"end":{"line":79,"column":45}},"38":{"start":{"line":81,"column":21},"end":{"line":81,"column":42}},"39":{"start":{"line":82,"column":4},"end":{"line":86,"column":7}},"40":{"start":{"line":88,"column":4},"end":{"line":88,"column":59}},"41":{"start":{"line":89,"column":4},"end":{"line":89,"column":71}},"42":{"start":{"line":97,"column":0},"end":{"line":150,"column":3}},"43":{"start":{"line":98,"column":2},"end":{"line":149,"column":3}},"44":{"start":{"line":99,"column":26},"end":{"line":99,"column":36}},"45":{"start":{"line":100,"column":46},"end":{"line":100,"column":55}},"46":{"start":{"line":103,"column":19},"end":{"line":103,"column":56}},"47":{"start":{"line":103,"column":37},"end":{"line":103,"column":55}},"48":{"start":{"line":104,"column":4},"end":{"line":106,"column":5}},"49":{"start":{"line":105,"column":6},"end":{"line":105,"column":65}},"50":{"start":{"line":109,"column":24},"end":{"line":109,"column":44}},"51":{"start":{"line":110,"column":30},"end":{"line":110,"column":72}},"52":{"start":{"line":113,"column":23},"end":{"line":113,"column":65}},"53":{"start":{"line":113,"column":40},"end":{"line":113,"column":64}},"54":{"start":{"line":116,"column":16},"end":{"line":116,"column":26}},"55":{"start":{"line":117,"column":22},"end":{"line":117,"column":35}},"56":{"start":{"line":118,"column":4},"end":{"line":118,"column":56}},"57":{"start":{"line":119,"column":25},"end":{"line":119,"column":62}},"58":{"start":{"line":122,"column":25},"end":{"line":122,"column":71}},"59":{"start":{"line":122,"column":48},"end":{"line":122,"column":70}},"60":{"start":{"line":127,"column":4},"end":{"line":135,"column":5}},"61":{"start":{"line":128,"column":6},"end":{"line":128,"column":73}},"62":{"start":{"line":129,"column":11},"end":{"line":135,"column":5}},"63":{"start":{"line":130,"column":6},"end":{"line":130,"column":74}},"64":{"start":{"line":131,"column":11},"end":{"line":135,"column":5}},"65":{"start":{"line":132,"column":6},"end":{"line":132,"column":75}},"66":{"start":{"line":134,"column":6},"end":{"line":134,"column":94}},"67":{"start":{"line":137,"column":4},"end":{"line":145,"column":7}},"68":{"start":{"line":147,"column":4},"end":{"line":147,"column":51}},"69":{"start":{"line":148,"column":4},"end":{"line":148,"column":63}},"70":{"start":{"line":152,"column":0},"end":{"line":152,"column":24}},"71":{"start":{"line":157,"column":2},"end":{"line":159,"column":3}},"72":{"start":{"line":158,"column":4},"end":{"line":158,"column":88}},"73":{"start":{"line":161,"column":22},"end":{"line":161,"column":86}},"74":{"start":{"line":161,"column":46},"end":{"line":161,"column":68}},"75":{"start":{"line":162,"column":23},"end":{"line":162,"column":88}},"76":{"start":{"line":162,"column":47},"end":{"line":162,"column":70}},"77":{"start":{"line":163,"column":25},"end":{"line":163,"column":84}},"78":{"start":{"line":163,"column":42},"end":{"line":163,"column":62}},"79":{"start":{"line":165,"column":19},"end":{"line":169,"column":3}},"80":{"start":{"line":171,"column":24},"end":{"line":172,"column":52}},"81":{"start":{"line":174,"column":2},"end":{"line":174,"column":80}},"82":{"start":{"line":178,"column":2},"end":{"line":180,"column":3}},"83":{"start":{"line":179,"column":4},"end":{"line":179,"column":99}},"84":{"start":{"line":183,"column":18},"end":{"line":183,"column":27}},"85":{"start":{"line":184,"column":2},"end":{"line":188,"column":5}},"86":{"start":{"line":185,"column":20},"end":{"line":185,"column":51}},"87":{"start":{"line":186,"column":4},"end":{"line":186,"column":56}},"88":{"start":{"line":186,"column":31},"end":{"line":186,"column":56}},"89":{"start":{"line":187,"column":4},"end":{"line":187,"column":33}},"90":{"start":{"line":190,"column":16},"end":{"line":194,"column":4}},"91":{"start":{"line":191,"column":24},"end":{"line":191,"column":96}},"92":{"start":{"line":191,"column":52},"end":{"line":191,"column":74}},"93":{"start":{"line":192,"column":25},"end":{"line":192,"column":98}},"94":{"start":{"line":192,"column":53},"end":{"line":192,"column":76}},"95":{"start":{"line":193,"column":4},"end":{"line":193,"column":70}},"96":{"start":{"line":196,"column":22},"end":{"line":196,"column":86}},"97":{"start":{"line":196,"column":46},"end":{"line":196,"column":68}},"98":{"start":{"line":197,"column":23},"end":{"line":197,"column":88}},"99":{"start":{"line":197,"column":47},"end":{"line":197,"column":70}},"100":{"start":{"line":198,"column":25},"end":{"line":198,"column":84}},"101":{"start":{"line":198,"column":42},"end":{"line":198,"column":62}},"102":{"start":{"line":200,"column":2},"end":{"line":206,"column":4}},"103":{"start":{"line":210,"column":2},"end":{"line":212,"column":3}},"104":{"start":{"line":211,"column":4},"end":{"line":211,"column":102}},"105":{"start":{"line":214,"column":22},"end":{"line":214,"column":86}},"106":{"start":{"line":214,"column":46},"end":{"line":214,"column":68}},"107":{"start":{"line":215,"column":23},"end":{"line":215,"column":88}},"108":{"start":{"line":215,"column":47},"end":{"line":215,"column":70}},"109":{"start":{"line":216,"column":25},"end":{"line":216,"column":84}},"110":{"start":{"line":216,"column":42},"end":{"line":216,"column":62}},"111":{"start":{"line":218,"column":2},"end":{"line":224,"column":4}},"112":{"start":{"line":231,"column":12},"end":{"line":231,"column":83}},"113":{"start":{"line":232,"column":17},"end":{"line":232,"column":35}},"114":{"start":{"line":233,"column":2},"end":{"line":233,"column":44}},"115":{"start":{"line":234,"column":20},"end":{"line":234,"column":64}},"116":{"start":{"line":235,"column":2},"end":{"line":235,"column":59}}},"fnMap":{"0":{"name":"(anonymous_0)","decl":{"start":{"line":14,"column":70},"end":{"line":14,"column":71}},"loc":{"start":{"line":14,"column":84},"end":{"line":22,"column":1}},"line":14},"1":{"name":"(anonymous_1)","decl":{"start":{"line":28,"column":27},"end":{"line":28,"column":28}},"loc":{"start":{"line":28,"column":41},"end":{"line":91,"column":1}},"line":28},"2":{"name":"(anonymous_2)","decl":{"start":{"line":33,"column":33},"end":{"line":33,"column":34}},"loc":{"start":{"line":33,"column":43},"end":{"line":76,"column":5}},"line":33},"3":{"name":"(anonymous_3)","decl":{"start":{"line":34,"column":37},"end":{"line":34,"column":38}},"loc":{"start":{"line":34,"column":42},"end":{"line":34,"column":66}},"line":34},"4":{"name":"(anonymous_4)","decl":{"start":{"line":49,"column":40},"end":{"line":49,"column":41}},"loc":{"start":{"line":49,"column":52},"end":{"line":49,"column":74}},"line":49},"5":{"name":"(anonymous_5)","decl":{"start":{"line":50,"column":41},"end":{"line":50,"column":42}},"loc":{"start":{"line":50,"column":53},"end":{"line":50,"column":76}},"line":50},"6":{"name":"(anonymous_6)","decl":{"start":{"line":51,"column":40},"end":{"line":51,"column":41}},"loc":{"start":{"line":51,"column":45},"end":{"line":51,"column":65}},"line":51},"7":{"name":"(anonymous_7)","decl":{"start":{"line":59,"column":46},"end":{"line":59,"column":47}},"loc":{"start":{"line":59,"column":63},"end":{"line":62,"column":7}},"line":59},"8":{"name":"(anonymous_8)","decl":{"start":{"line":79,"column":18},"end":{"line":79,"column":19}},"loc":{"start":{"line":79,"column":28},"end":{"line":79,"column":45}},"line":79},"9":{"name":"(anonymous_9)","decl":{"start":{"line":97,"column":26},"end":{"line":97,"column":27}},"loc":{"start":{"line":97,"column":40},"end":{"line":150,"column":1}},"line":97},"10":{"name":"(anonymous_10)","decl":{"start":{"line":103,"column":32},"end":{"line":103,"column":33}},"loc":{"start":{"line":103,"column":37},"end":{"line":103,"column":55}},"line":103},"11":{"name":"(anonymous_11)","decl":{"start":{"line":113,"column":35},"end":{"line":113,"column":36}},"loc":{"start":{"line":113,"column":40},"end":{"line":113,"column":64}},"line":113},"12":{"name":"(anonymous_12)","decl":{"start":{"line":122,"column":43},"end":{"line":122,"column":44}},"loc":{"start":{"line":122,"column":48},"end":{"line":122,"column":70}},"line":122},"13":{"name":"calculateDailyRollup","decl":{"start":{"line":156,"column":9},"end":{"line":156,"column":29}},"loc":{"start":{"line":156,"column":45},"end":{"line":175,"column":1}},"line":156},"14":{"name":"(anonymous_14)","decl":{"start":{"line":161,"column":34},"end":{"line":161,"column":35}},"loc":{"start":{"line":161,"column":46},"end":{"line":161,"column":68}},"line":161},"15":{"name":"(anonymous_15)","decl":{"start":{"line":162,"column":35},"end":{"line":162,"column":36}},"loc":{"start":{"line":162,"column":47},"end":{"line":162,"column":70}},"line":162},"16":{"name":"(anonymous_16)","decl":{"start":{"line":163,"column":37},"end":{"line":163,"column":38}},"loc":{"start":{"line":163,"column":42},"end":{"line":163,"column":62}},"line":163},"17":{"name":"calculateWeeklyRollup","decl":{"start":{"line":177,"column":9},"end":{"line":177,"column":30}},"loc":{"start":{"line":177,"column":46},"end":{"line":207,"column":1}},"line":177},"18":{"name":"(anonymous_18)","decl":{"start":{"line":184,"column":15},"end":{"line":184,"column":16}},"loc":{"start":{"line":184,"column":20},"end":{"line":188,"column":3}},"line":184},"19":{"name":"(anonymous_19)","decl":{"start":{"line":190,"column":50},"end":{"line":190,"column":51}},"loc":{"start":{"line":190,"column":72},"end":{"line":194,"column":3}},"line":190},"20":{"name":"(anonymous_20)","decl":{"start":{"line":191,"column":40},"end":{"line":191,"column":41}},"loc":{"start":{"line":191,"column":52},"end":{"line":191,"column":74}},"line":191},"21":{"name":"(anonymous_21)","decl":{"start":{"line":192,"column":41},"end":{"line":192,"column":42}},"loc":{"start":{"line":192,"column":53},"end":{"line":192,"column":76}},"line":192},"22":{"name":"(anonymous_22)","decl":{"start":{"line":196,"column":34},"end":{"line":196,"column":35}},"loc":{"start":{"line":196,"column":46},"end":{"line":196,"column":68}},"line":196},"23":{"name":"(anonymous_23)","decl":{"start":{"line":197,"column":35},"end":{"line":197,"column":36}},"loc":{"start":{"line":197,"column":47},"end":{"line":197,"column":70}},"line":197},"24":{"name":"(anonymous_24)","decl":{"start":{"line":198,"column":37},"end":{"line":198,"column":38}},"loc":{"start":{"line":198,"column":42},"end":{"line":198,"column":62}},"line":198},"25":{"name":"calculateMonthlyRollup","decl":{"start":{"line":209,"column":9},"end":{"line":209,"column":31}},"loc":{"start":{"line":209,"column":47},"end":{"line":225,"column":1}},"line":209},"26":{"name":"(anonymous_26)","decl":{"start":{"line":214,"column":34},"end":{"line":214,"column":35}},"loc":{"start":{"line":214,"column":46},"end":{"line":214,"column":68}},"line":214},"27":{"name":"(anonymous_27)","decl":{"start":{"line":215,"column":35},"end":{"line":215,"column":36}},"loc":{"start":{"line":215,"column":47},"end":{"line":215,"column":70}},"line":215},"28":{"name":"(anonymous_28)","decl":{"start":{"line":216,"column":37},"end":{"line":216,"column":38}},"loc":{"start":{"line":216,"column":42},"end":{"line":216,"column":62}},"line":216},"29":{"name":"getWeekNumber","decl":{"start":{"line":230,"column":9},"end":{"line":230,"column":22}},"loc":{"start":{"line":230,"column":29},"end":{"line":236,"column":1}},"line":230}},"branchMap":{"0":{"loc":{"start":{"line":30,"column":12},"end":{"line":30,"column":28}},"type":"default-arg","locations":[{"start":{"line":30,"column":21},"end":{"line":30,"column":28}}],"line":30},"1":{"loc":{"start":{"line":30,"column":30},"end":{"line":30,"column":40}},"type":"default-arg","locations":[{"start":{"line":30,"column":38},"end":{"line":30,"column":40}}],"line":30},"2":{"loc":{"start":{"line":36,"column":22},"end":{"line":36,"column":64}},"type":"binary-expr","locations":[{"start":{"line":36,"column":22},"end":{"line":36,"column":46}},{"start":{"line":36,"column":50},"end":{"line":36,"column":64}}],"line":36},"3":{"loc":{"start":{"line":38,"column":6},"end":{"line":46,"column":7}},"type":"if","locations":[{"start":{"line":38,"column":6},"end":{"line":46,"column":7}},{"start":{},"end":{}}],"line":38},"4":{"loc":{"start":{"line":60,"column":23},"end":{"line":60,"column":39}},"type":"binary-expr","locations":[{"start":{"line":60,"column":23},"end":{"line":60,"column":34}},{"start":{"line":60,"column":38},"end":{"line":60,"column":39}}],"line":60},"5":{"loc":{"start":{"line":81,"column":21},"end":{"line":81,"column":42}},"type":"binary-expr","locations":[{"start":{"line":81,"column":21},"end":{"line":81,"column":36}},{"start":{"line":81,"column":40},"end":{"line":81,"column":42}}],"line":81},"6":{"loc":{"start":{"line":100,"column":12},"end":{"line":100,"column":28}},"type":"default-arg","locations":[{"start":{"line":100,"column":21},"end":{"line":100,"column":28}}],"line":100},"7":{"loc":{"start":{"line":100,"column":30},"end":{"line":100,"column":41}},"type":"default-arg","locations":[{"start":{"line":100,"column":39},"end":{"line":100,"column":41}}],"line":100},"8":{"loc":{"start":{"line":104,"column":4},"end":{"line":106,"column":5}},"type":"if","locations":[{"start":{"line":104,"column":4},"end":{"line":106,"column":5}},{"start":{},"end":{}}],"line":104},"9":{"loc":{"start":{"line":110,"column":30},"end":{"line":110,"column":72}},"type":"binary-expr","locations":[{"start":{"line":110,"column":30},"end":{"line":110,"column":54}},{"start":{"line":110,"column":58},"end":{"line":110,"column":72}}],"line":110},"10":{"loc":{"start":{"line":127,"column":4},"end":{"line":135,"column":5}},"type":"if","locations":[{"start":{"line":127,"column":4},"end":{"line":135,"column":5}},{"start":{"line":129,"column":11},"end":{"line":135,"column":5}}],"line":127},"11":{"loc":{"start":{"line":129,"column":11},"end":{"line":135,"column":5}},"type":"if","locations":[{"start":{"line":129,"column":11},"end":{"line":135,"column":5}},{"start":{"line":131,"column":11},"end":{"line":135,"column":5}}],"line":129},"12":{"loc":{"start":{"line":131,"column":11},"end":{"line":135,"column":5}},"type":"if","locations":[{"start":{"line":131,"column":11},"end":{"line":135,"column":5}},{"start":{"line":133,"column":11},"end":{"line":135,"column":5}}],"line":131},"13":{"loc":{"start":{"line":157,"column":2},"end":{"line":159,"column":3}},"type":"if","locations":[{"start":{"line":157,"column":2},"end":{"line":159,"column":3}},{"start":{},"end":{}}],"line":157},"14":{"loc":{"start":{"line":171,"column":24},"end":{"line":172,"column":52}},"type":"cond-expr","locations":[{"start":{"line":171,"column":51},"end":{"line":171,"column":56}},{"start":{"line":172,"column":4},"end":{"line":172,"column":52}}],"line":171},"15":{"loc":{"start":{"line":172,"column":4},"end":{"line":172,"column":52}},"type":"cond-expr","locations":[{"start":{"line":172,"column":34},"end":{"line":172,"column":42}},{"start":{"line":172,"column":45},"end":{"line":172,"column":52}}],"line":172},"16":{"loc":{"start":{"line":178,"column":2},"end":{"line":180,"column":3}},"type":"if","locations":[{"start":{"line":178,"column":2},"end":{"line":180,"column":3}},{"start":{},"end":{}}],"line":178},"17":{"loc":{"start":{"line":186,"column":4},"end":{"line":186,"column":56}},"type":"if","locations":[{"start":{"line":186,"column":4},"end":{"line":186,"column":56}},{"start":{},"end":{}}],"line":186},"18":{"loc":{"start":{"line":204,"column":19},"end":{"line":204,"column":76}},"type":"cond-expr","locations":[{"start":{"line":204,"column":61},"end":{"line":204,"column":68}},{"start":{"line":204,"column":71},"end":{"line":204,"column":76}}],"line":204},"19":{"loc":{"start":{"line":210,"column":2},"end":{"line":212,"column":3}},"type":"if","locations":[{"start":{"line":210,"column":2},"end":{"line":212,"column":3}},{"start":{},"end":{}}],"line":210},"20":{"loc":{"start":{"line":222,"column":19},"end":{"line":222,"column":76}},"type":"cond-expr","locations":[{"start":{"line":222,"column":61},"end":{"line":222,"column":68}},{"start":{"line":222,"column":71},"end":{"line":222,"column":76}}],"line":222},"21":{"loc":{"start":{"line":232,"column":17},"end":{"line":232,"column":35}},"type":"binary-expr","locations":[{"start":{"line":232,"column":17},"end":{"line":232,"column":30}},{"start":{"line":232,"column":34},"end":{"line":232,"column":35}}],"line":232}},"s":{"0":9,"1":9,"2":9,"3":9,"4":9,"5":9,"6":9,"7":9,"8":3,"9":3,"10":3,"11":3,"12":0,"13":9,"14":3,"15":3,"16":3,"17":12,"18":24,"19":12,"20":12,"21":12,"22":9,"23":3,"24":3,"25":3,"26":3,"27":3,"28":3,"29":3,"30":3,"31":3,"32":9,"33":9,"34":3,"35":3,"36":3,"37":15,"38":3,"39":3,"40":0,"41":0,"42":9,"43":13,"44":13,"45":13,"46":13,"47":52,"48":13,"49":3,"50":10,"51":10,"52":10,"53":8,"54":10,"55":10,"56":10,"57":10,"58":10,"59":4,"60":10,"61":4,"62":6,"63":2,"64":4,"65":2,"66":2,"67":8,"68":0,"69":0,"70":9,"71":4,"72":3,"73":1,"74":1,"75":1,"76":1,"77":1,"78":1,"79":1,"80":1,"81":1,"82":2,"83":1,"84":1,"85":1,"86":1,"87":1,"88":1,"89":1,"90":1,"91":1,"92":1,"93":1,"94":1,"95":1,"96":1,"97":1,"98":1,"99":1,"100":1,"101":1,"102":1,"103":2,"104":1,"105":1,"106":1,"107":1,"108":1,"109":1,"110":1,"111":1,"112":1,"113":1,"114":1,"115":1,"116":1},"f":{"0":3,"1":3,"2":12,"3":24,"4":3,"5":3,"6":3,"7":9,"8":15,"9":13,"10":52,"11":8,"12":4,"13":4,"14":1,"15":1,"16":1,"17":2,"18":1,"19":1,"20":1,"21":1,"22":1,"23":1,"24":1,"25":2,"26":1,"27":1,"28":1,"29":1},"b":{"0":[0],"1":[2],"2":[12,0],"3":[9,3],"4":[9,3],"5":[3,0],"6":[5],"7":[11],"8":[3,10],"9":[10,0],"10":[4,6],"11":[2,4],"12":[2,2],"13":[3,1],"14":[0,1],"15":[0,1],"16":[1,1],"17":[1,0],"18":[1,0],"19":[1,1],"20":[1,0],"21":[1,1]},"_coverageSchema":"1a1c01bbd47fc00a2c39e90264f33305004495a9","hash":"7d1da3b0fc4461dfff3f46f573f862987f838198"}
,"/Users/mac/mekong-cli/SALE MLM/src/api/leads.js": {"path":"/Users/mac/mekong-cli/SALE MLM/src/api/leads.js","statementMap":{"0":{"start":{"line":20,"column":16},"end":{"line":20,"column":34}},"1":{"start":{"line":21,"column":15},"end":{"line":21,"column":31}},"2":{"start":{"line":22,"column":56},"end":{"line":22,"column":92}},"3":{"start":{"line":23,"column":68},"end":{"line":23,"column":93}},"4":{"start":{"line":24,"column":27},"end":{"line":24,"column":63}},"5":{"start":{"line":30,"column":21},"end":{"line":30,"column":46}},"6":{"start":{"line":31,"column":26},"end":{"line":31,"column":62}},"7":{"start":{"line":32,"column":22},"end":{"line":32,"column":40}},"8":{"start":{"line":35,"column":15},"end":{"line":35,"column":44}},"9":{"start":{"line":36,"column":17},"end":{"line":36,"column":29}},"10":{"start":{"line":38,"column":2},"end":{"line":38,"column":34}},"11":{"start":{"line":38,"column":24},"end":{"line":38,"column":34}},"12":{"start":{"line":40,"column":16},"end":{"line":40,"column":41}},"13":{"start":{"line":41,"column":2},"end":{"line":41,"column":36}},"14":{"start":{"line":41,"column":18},"end":{"line":41,"column":36}},"15":{"start":{"line":43,"column":2},"end":{"line":46,"column":3}},"16":{"start":{"line":45,"column":4},"end":{"line":45,"column":22}},"17":{"start":{"line":49,"column":2},"end":{"line":49,"column":60}},"18":{"start":{"line":49,"column":32},"end":{"line":49,"column":58}},"19":{"start":{"line":53,"column":2},"end":{"line":53,"column":55}},"20":{"start":{"line":58,"column":2},"end":{"line":61,"column":3}},"21":{"start":{"line":59,"column":22},"end":{"line":59,"column":71}},"22":{"start":{"line":59,"column":43},"end":{"line":59,"column":70}},"23":{"start":{"line":60,"column":4},"end":{"line":60,"column":39}},"24":{"start":{"line":60,"column":19},"end":{"line":60,"column":39}},"25":{"start":{"line":62,"column":2},"end":{"line":62,"column":13}},"26":{"start":{"line":69,"column":0},"end":{"line":100,"column":3}},"27":{"start":{"line":70,"column":15},"end":{"line":70,"column":63}},"28":{"start":{"line":71,"column":16},"end":{"line":71,"column":81}},"29":{"start":{"line":72,"column":23},"end":{"line":72,"column":39}},"30":{"start":{"line":73,"column":22},"end":{"line":73,"column":44}},"31":{"start":{"line":74,"column":20},"end":{"line":74,"column":45}},"32":{"start":{"line":76,"column":14},"end":{"line":76,"column":35}},"33":{"start":{"line":78,"column":2},"end":{"line":80,"column":3}},"34":{"start":{"line":79,"column":4},"end":{"line":79,"column":57}},"35":{"start":{"line":79,"column":30},"end":{"line":79,"column":55}},"36":{"start":{"line":81,"column":2},"end":{"line":83,"column":3}},"37":{"start":{"line":82,"column":4},"end":{"line":82,"column":75}},"38":{"start":{"line":82,"column":30},"end":{"line":82,"column":73}},"39":{"start":{"line":84,"column":2},"end":{"line":86,"column":3}},"40":{"start":{"line":85,"column":4},"end":{"line":85,"column":107}},"41":{"start":{"line":85,"column":30},"end":{"line":85,"column":105}},"42":{"start":{"line":88,"column":16},"end":{"line":88,"column":28}},"43":{"start":{"line":89,"column":21},"end":{"line":89,"column":50}},"44":{"start":{"line":90,"column":16},"end":{"line":90,"column":34}},"45":{"start":{"line":91,"column":18},"end":{"line":91,"column":60}},"46":{"start":{"line":93,"column":2},"end":{"line":99,"column":5}},"47":{"start":{"line":94,"column":54},"end":{"line":94,"column":71}},"48":{"start":{"line":106,"column":0},"end":{"line":120,"column":3}},"49":{"start":{"line":107,"column":17},"end":{"line":107,"column":40}},"50":{"start":{"line":108,"column":15},"end":{"line":108,"column":52}},"51":{"start":{"line":108,"column":36},"end":{"line":108,"column":51}},"52":{"start":{"line":110,"column":2},"end":{"line":110,"column":94}},"53":{"start":{"line":110,"column":13},"end":{"line":110,"column":94}},"54":{"start":{"line":113,"column":16},"end":{"line":113,"column":37}},"55":{"start":{"line":114,"column":2},"end":{"line":116,"column":3}},"56":{"start":{"line":114,"column":23},"end":{"line":114,"column":39}},"57":{"start":{"line":115,"column":4},"end":{"line":115,"column":91}},"58":{"start":{"line":118,"column":18},"end":{"line":118,"column":60}},"59":{"start":{"line":119,"column":2},"end":{"line":119,"column":33}},"60":{"start":{"line":126,"column":0},"end":{"line":149,"column":3}},"61":{"start":{"line":127,"column":100},"end":{"line":127,"column":108}},"62":{"start":{"line":129,"column":2},"end":{"line":131,"column":3}},"63":{"start":{"line":130,"column":4},"end":{"line":130,"column":85}},"64":{"start":{"line":133,"column":15},"end":{"line":143,"column":4}},"65":{"start":{"line":144,"column":2},"end":{"line":144,"column":98}},"66":{"start":{"line":144,"column":71},"end":{"line":144,"column":87}},"67":{"start":{"line":146,"column":2},"end":{"line":146,"column":24}},"68":{"start":{"line":148,"column":2},"end":{"line":148,"column":80}},"69":{"start":{"line":155,"column":0},"end":{"line":192,"column":3}},"70":{"start":{"line":156,"column":17},"end":{"line":156,"column":40}},"71":{"start":{"line":157,"column":15},"end":{"line":157,"column":52}},"72":{"start":{"line":157,"column":36},"end":{"line":157,"column":51}},"73":{"start":{"line":159,"column":2},"end":{"line":159,"column":94}},"74":{"start":{"line":159,"column":13},"end":{"line":159,"column":94}},"75":{"start":{"line":161,"column":16},"end":{"line":161,"column":37}},"76":{"start":{"line":162,"column":2},"end":{"line":164,"column":3}},"77":{"start":{"line":162,"column":23},"end":{"line":162,"column":39}},"78":{"start":{"line":163,"column":4},"end":{"line":163,"column":91}},"79":{"start":{"line":166,"column":18},"end":{"line":166,"column":150}},"80":{"start":{"line":168,"column":2},"end":{"line":187,"column":3}},"81":{"start":{"line":169,"column":4},"end":{"line":186,"column":5}},"82":{"start":{"line":170,"column":6},"end":{"line":185,"column":7}},"83":{"start":{"line":171,"column":23},"end":{"line":171,"column":73}},"84":{"start":{"line":172,"column":8},"end":{"line":172,"column":36}},"85":{"start":{"line":173,"column":13},"end":{"line":185,"column":7}},"86":{"start":{"line":174,"column":8},"end":{"line":174,"column":136}},"87":{"start":{"line":174,"column":52},"end":{"line":174,"column":136}},"88":{"start":{"line":175,"column":8},"end":{"line":175,"column":41}},"89":{"start":{"line":176,"column":13},"end":{"line":185,"column":7}},"90":{"start":{"line":177,"column":8},"end":{"line":177,"column":128}},"91":{"start":{"line":177,"column":47},"end":{"line":177,"column":128}},"92":{"start":{"line":178,"column":8},"end":{"line":178,"column":36}},"93":{"start":{"line":179,"column":8},"end":{"line":179,"column":50}},"94":{"start":{"line":180,"column":13},"end":{"line":185,"column":7}},"95":{"start":{"line":181,"column":8},"end":{"line":181,"column":34}},"96":{"start":{"line":182,"column":8},"end":{"line":182,"column":50}},"97":{"start":{"line":184,"column":8},"end":{"line":184,"column":34}},"98":{"start":{"line":189,"column":2},"end":{"line":189,"column":44}},"99":{"start":{"line":190,"column":18},"end":{"line":190,"column":60}},"100":{"start":{"line":191,"column":2},"end":{"line":191,"column":33}},"101":{"start":{"line":198,"column":0},"end":{"line":222,"column":3}},"102":{"start":{"line":199,"column":17},"end":{"line":199,"column":40}},"103":{"start":{"line":200,"column":14},"end":{"line":200,"column":56}},"104":{"start":{"line":200,"column":40},"end":{"line":200,"column":55}},"105":{"start":{"line":202,"column":2},"end":{"line":202,"column":99}},"106":{"start":{"line":202,"column":18},"end":{"line":202,"column":99}},"107":{"start":{"line":204,"column":16},"end":{"line":204,"column":37}},"108":{"start":{"line":205,"column":2},"end":{"line":207,"column":3}},"109":{"start":{"line":205,"column":23},"end":{"line":205,"column":38}},"110":{"start":{"line":206,"column":4},"end":{"line":206,"column":91}},"111":{"start":{"line":209,"column":23},"end":{"line":209,"column":65}},"112":{"start":{"line":211,"column":2},"end":{"line":215,"column":3}},"113":{"start":{"line":213,"column":4},"end":{"line":213,"column":30}},"114":{"start":{"line":214,"column":4},"end":{"line":214,"column":57}},"115":{"start":{"line":218,"column":2},"end":{"line":218,"column":38}},"116":{"start":{"line":219,"column":2},"end":{"line":219,"column":56}},"117":{"start":{"line":220,"column":2},"end":{"line":220,"column":55}},"118":{"start":{"line":221,"column":2},"end":{"line":221,"column":45}},"119":{"start":{"line":228,"column":0},"end":{"line":258,"column":3}},"120":{"start":{"line":229,"column":17},"end":{"line":229,"column":40}},"121":{"start":{"line":230,"column":15},"end":{"line":230,"column":52}},"122":{"start":{"line":230,"column":36},"end":{"line":230,"column":51}},"123":{"start":{"line":232,"column":2},"end":{"line":232,"column":94}},"124":{"start":{"line":232,"column":13},"end":{"line":232,"column":94}},"125":{"start":{"line":234,"column":16},"end":{"line":234,"column":37}},"126":{"start":{"line":235,"column":2},"end":{"line":237,"column":3}},"127":{"start":{"line":235,"column":23},"end":{"line":235,"column":39}},"128":{"start":{"line":236,"column":4},"end":{"line":236,"column":91}},"129":{"start":{"line":239,"column":22},"end":{"line":239,"column":54}},"130":{"start":{"line":240,"column":17},"end":{"line":255,"column":3}},"131":{"start":{"line":248,"column":29},"end":{"line":254,"column":5}},"132":{"start":{"line":257,"column":2},"end":{"line":257,"column":23}},"133":{"start":{"line":264,"column":0},"end":{"line":286,"column":3}},"134":{"start":{"line":265,"column":17},"end":{"line":265,"column":40}},"135":{"start":{"line":266,"column":20},"end":{"line":266,"column":28}},"136":{"start":{"line":268,"column":2},"end":{"line":270,"column":3}},"137":{"start":{"line":269,"column":4},"end":{"line":269,"column":88}},"138":{"start":{"line":272,"column":15},"end":{"line":272,"column":52}},"139":{"start":{"line":272,"column":36},"end":{"line":272,"column":51}},"140":{"start":{"line":273,"column":2},"end":{"line":273,"column":94}},"141":{"start":{"line":273,"column":13},"end":{"line":273,"column":94}},"142":{"start":{"line":275,"column":16},"end":{"line":275,"column":37}},"143":{"start":{"line":276,"column":2},"end":{"line":278,"column":3}},"144":{"start":{"line":276,"column":23},"end":{"line":276,"column":39}},"145":{"start":{"line":277,"column":4},"end":{"line":277,"column":91}},"146":{"start":{"line":280,"column":2},"end":{"line":280,"column":29}},"147":{"start":{"line":281,"column":2},"end":{"line":281,"column":44}},"148":{"start":{"line":282,"column":2},"end":{"line":282,"column":50}},"149":{"start":{"line":284,"column":18},"end":{"line":284,"column":60}},"150":{"start":{"line":285,"column":2},"end":{"line":285,"column":33}},"151":{"start":{"line":292,"column":0},"end":{"line":320,"column":3}},"152":{"start":{"line":293,"column":17},"end":{"line":293,"column":40}},"153":{"start":{"line":294,"column":21},"end":{"line":294,"column":29}},"154":{"start":{"line":296,"column":2},"end":{"line":298,"column":3}},"155":{"start":{"line":297,"column":4},"end":{"line":297,"column":104}},"156":{"start":{"line":300,"column":15},"end":{"line":300,"column":52}},"157":{"start":{"line":300,"column":36},"end":{"line":300,"column":51}},"158":{"start":{"line":301,"column":2},"end":{"line":301,"column":94}},"159":{"start":{"line":301,"column":13},"end":{"line":301,"column":94}},"160":{"start":{"line":303,"column":16},"end":{"line":303,"column":37}},"161":{"start":{"line":304,"column":2},"end":{"line":306,"column":3}},"162":{"start":{"line":304,"column":23},"end":{"line":304,"column":39}},"163":{"start":{"
[...]
{"line":102,"column":51}},"27":{"start":{"line":102,"column":41},"end":{"line":102,"column":51}},"28":{"start":{"line":104,"column":2},"end":{"line":104,"column":58}},"29":{"start":{"line":104,"column":41},"end":{"line":104,"column":56}},"30":{"start":{"line":107,"column":0},"end":{"line":113,"column":2}}},"fnMap":{"0":{"name":"logPIIAccess","decl":{"start":{"line":27,"column":9},"end":{"line":27,"column":21}},"loc":{"start":{"line":27,"column":29},"end":{"line":48,"column":1}},"line":27},"1":{"name":"getAuditLogs","decl":{"start":{"line":60,"column":9},"end":{"line":60,"column":21}},"loc":{"start":{"line":60,"column":36},"end":{"line":85,"column":1}},"line":60},"2":{"name":"(anonymous_2)","decl":{"start":{"line":64,"column":23},"end":{"line":64,"column":24}},"loc":{"start":{"line":64,"column":30},"end":{"line":64,"column":59}},"line":64},"3":{"name":"(anonymous_3)","decl":{"start":{"line":68,"column":23},"end":{"line":68,"column":24}},"loc":{"start":{"line":68,"column":30},"end":{"line":68,"column":63}},"line":68},"4":{"name":"(anonymous_4)","decl":{"start":{"line":72,"column":23},"end":{"line":72,"column":24}},"loc":{"start":{"line":72,"column":30},"end":{"line":72,"column":59}},"line":72},"5":{"name":"(anonymous_5)","decl":{"start":{"line":76,"column":23},"end":{"line":76,"column":24}},"loc":{"start":{"line":76,"column":30},"end":{"line":76,"column":73}},"line":76},"6":{"name":"(anonymous_6)","decl":{"start":{"line":80,"column":23},"end":{"line":80,"column":24}},"loc":{"start":{"line":80,"column":30},"end":{"line":80,"column":71}},"line":80},"7":{"name":"(anonymous_7)","decl":{"start":{"line":84,"column":19},"end":{"line":84,"column":20}},"loc":{"start":{"line":84,"column":29},"end":{"line":84,"column":74}},"line":84},"8":{"name":"isPIIField","decl":{"start":{"line":92,"column":9},"end":{"line":92,"column":19}},"loc":{"start":{"line":92,"column":31},"end":{"line":94,"column":1}},"line":92},"9":{"name":"extractPIIFields","decl":{"start":{"line":101,"column":9},"end":{"line":101,"column":25}},"loc":{"start":{"line":101,"column":32},"end":{"line":105,"column":1}},"line":101},"10":{"name":"(anonymous_10)","decl":{"start":{"line":104,"column":34},"end":{"line":104,"column":35}},"loc":{"start":{"line":104,"column":41},"end":{"line":104,"column":56}},"line":104}},"branchMap":{"0":{"loc":{"start":{"line":37,"column":15},"end":{"line":37,"column":43}},"type":"binary-expr","locations":[{"start":{"line":37,"column":15},"end":{"line":37,"column":30}},{"start":{"line":37,"column":34},"end":{"line":37,"column":43}}],"line":37},"1":{"loc":{"start":{"line":38,"column":15},"end":{"line":38,"column":43}},"type":"binary-expr","locations":[{"start":{"line":38,"column":15},"end":{"line":38,"column":30}},{"start":{"line":38,"column":34},"end":{"line":38,"column":43}}],"line":38},"2":{"loc":{"start":{"line":60,"column":22},"end":{"line":60,"column":34}},"type":"default-arg","locations":[{"start":{"line":60,"column":32},"end":{"line":60,"column":34}}],"line":60},"3":{"loc":{"start":{"line":63,"column":2},"end":{"line":65,"column":3}},"type":"if","locations":[{"start":{"line":63,"column":2},"end":{"line":65,"column":3}},{"start":{},"end":{}}],"line":63},"4":{"loc":{"start":{"line":67,"column":2},"end":{"line":69,"column":3}},"type":"if","locations":[{"start":{"line":67,"column":2},"end":{"line":69,"column":3}},{"start":{},"end":{}}],"line":67},"5":{"loc":{"start":{"line":71,"column":2},"end":{"line":73,"column":3}},"type":"if","locations":[{"start":{"line":71,"column":2},"end":{"line":73,"column":3}},{"start":{},"end":{}}],"line":71},"6":{"loc":{"start":{"line":75,"column":2},"end":{"line":77,"column":3}},"type":"if","locations":[{"start":{"line":75,"column":2},"end":{"line":77,"column":3}},{"start":{},"end":{}}],"line":75},"7":{"loc":{"start":{"line":79,"column":2},"end":{"line":81,"column":3}},"type":"if","locations":[{"start":{"line":79,"column":2},"end":{"line":81,"column":3}},{"start":{},"end":{}}],"line":79},"8":{"loc":{"start":{"line":102,"column":2},"end":{"line":102,"column":51}},"type":"if","locations":[{"start":{"line":102,"column":2},"end":{"line":102,"column":51}},{"start":{},"end":{}}],"line":102},"9":{"loc":{"start":{"line":102,"column":6},"end":{"line":102,"column":39}},"type":"binary-expr","locations":[{"start":{"line":102,"column":6},"end":{"line":102,"column":11}},{"start":{"line":102,"column":15},"end":{"line":102,"column":39}}],"line":102}},"s":{"0":10,"1":10,"2":10,"3":9,"4":9,"5":9,"6":9,"7":6,"8":6,"9":2,"10":7,"11":6,"12":0,"13":0,"14":6,"15":2,"16":5,"17":6,"18":0,"19":0,"20":6,"21":0,"22":0,"23":6,"24":1,"25":21,"26":5,"27":2,"28":3,"29":16,"30":10},"f":{"0":9,"1":6,"2":7,"3":0,"4":5,"5":0,"6":0,"7":1,"8":21,"9":5,"10":16},"b":{"0":[9,4],"1":[9,9],"2":[2],"3":[2,4],"4":[0,6],"5":[2,4],"6":[0,6],"7":[0,6],"8":[2,3],"9":[5,4]},"_coverageSchema":"1a1c01bbd47fc00a2c39e90264f33305004495a9","hash":"b767bda48c1cb8b6663524ccb04a771fe9a91b56"}
,"/Users/mac/mekong-cli/SALE MLM/src/utils/encryption.js": {"path":"/Users/mac/mekong-cli/SALE MLM/src/utils/encryption.js","statementMap":{"0":{"start":{"line":1,"column":15},"end":{"line":1,"column":32}},"1":{"start":{"line":8,"column":18},"end":{"line":8,"column":31}},"2":{"start":{"line":9,"column":23},"end":{"line":9,"column":49}},"3":{"start":{"line":10,"column":0},"end":{"line":12,"column":1}},"4":{"start":{"line":11,"column":2},"end":{"line":11,"column":111}},"5":{"start":{"line":15,"column":12},"end":{"line":15,"column":72}},"6":{"start":{"line":23,"column":2},"end":{"line":23,"column":30}},"7":{"start":{"line":23,"column":18},"end":{"line":23,"column":30}},"8":{"start":{"line":25,"column":13},"end":{"line":25,"column":35}},"9":{"start":{"line":26,"column":17},"end":{"line":26,"column":58}},"10":{"start":{"line":28,"column":18},"end":{"line":28,"column":57}},"11":{"start":{"line":29,"column":2},"end":{"line":29,"column":35}},"12":{"start":{"line":32,"column":2},"end":{"line":32,"column":46}},"13":{"start":{"line":41,"column":2},"end":{"line":41,"column":34}},"14":{"start":{"line":41,"column":22},"end":{"line":41,"column":34}},"15":{"start":{"line":43,"column":2},"end":{"line":59,"column":3}},"16":{"start":{"line":44,"column":18},"end":{"line":44,"column":42}},"17":{"start":{"line":45,"column":4},"end":{"line":45,"column":40}},"18":{"start":{"line":45,"column":28},"end":{"line":45,"column":40}},"19":{"start":{"line":47,"column":32},"end":{"line":47,"column":37}},"20":{"start":{"line":48,"column":15},"end":{"line":48,"column":40}},"21":{"start":{"line":50,"column":21},"end":{"line":50,"column":64}},"22":{"start":{"line":52,"column":20},"end":{"line":52,"column":62}},"23":{"start":{"line":53,"column":4},"end":{"line":53,"column":40}},"24":{"start":{"line":55,"column":4},"end":{"line":55,"column":21}},"25":{"start":{"line":57,"column":4},"end":{"line":57,"column":55}},"26":{"start":{"line":58,"column":4},"end":{"line":58,"column":16}},"27":{"start":{"line":68,"column":2},"end":{"line":68,"column":54}},"28":{"start":{"line":68,"column":41},"end":{"line":68,"column":54}},"29":{"start":{"line":70,"column":16},"end":{"line":70,"column":31}},"30":{"start":{"line":71,"column":2},"end":{"line":73,"column":29}},"31":{"start":{"line":76,"column":0},"end":{"line":80,"column":2}}},"fnMap":{"0":{"name":"encrypt","decl":{"start":{"line":22,"column":9},"end":{"line":22,"column":16}},"loc":{"start":{"line":22,"column":28},"end":{"line":33,"column":1}},"line":22},"1":{"name":"decrypt","decl":{"start":{"line":40,"column":9},"end":{"line":40,"column":16}},"loc":{"start":{"line":40,"column":32},"end":{"line":60,"column":1}},"line":40},"2":{"name":"isEncrypted","decl":{"start":{"line":67,"column":9},"end":{"line":67,"column":20}},"loc":{"start":{"line":67,"column":27},"end":{"line":74,"column":1}},"line":67}},"branchMap":{"0":{"loc":{"start":{"line":10,"column":0},"end":{"line":12,"column":1}},"type":"if","locations":[{"start":{"line":10,"column":0},"end":{"line":12,"column":1}},{"start":{},"end":{}}],"line":10},"1":{"loc":{"start":{"line":23,"column":2},"end":{"line":23,"column":30}},"type":"if","locations":[{"start":{"line":23,"column":2},"end":{"line":23,"column":30}},{"start":{},"end":{}}],"line":23},"2":{"loc":{"start":{"line":41,"column":2},"end":{"line":41,"column":34}},"type":"if","locations":[{"start":{"line":41,"column":2},"end":{"line":41,"column":34}},{"start":{},"end":{}}],"line":41},"3":{"loc":{"start":{"line":45,"column":4},"end":{"line":45,"column":40}},"type":"if","locations":[{"start":{"line":45,"column":4},"end":{"line":45,"column":40}},{"start":{},"end":{}}],"line":45},"4":{"loc":{"start":{"line":68,"column":2},"end":{"line":68,"column":54}},"type":"if","locations":[{"start":{"line":68,"column":2},"end":{"line":68,"column":54}},{"start":{},"end":{}}],"line":68},"5":{"loc":{"start":{"line":68,"column":6},"end":{"line":68,"column":39}},"type":"binary-expr","locations":[{"start":{"line":68,"column":6},"end":{"line":68,"column":11}},{"start":{"line":68,"column":15},"end":{"line":68,"column":39}}],"line":68},"6":{"loc":{"start":{"line":71,"column":9},"end":{"line":73,"column":28}},"type":"binary-expr","locations":[{"start":{"line":71,"column":9},"end":{"line":71,"column":27}},{"start":{"line":72,"column":9},"end":{"line":72,"column":31}},{"start":{"line":73,"column":9},"end":{"line":73,"column":28}}],"line":71}},"s":{"0":26,"1":26,"2":26,"3":26,"4":0,"5":26,"6":1040,"7":1,"8":1039,"9":1039,"10":1039,"11":1039,"12":1039,"13":498,"14":1,"15":497,"16":497,"17":497,"18":0,"19":497,"20":497,"21":497,"22":497,"23":497,"24":497,"25":0,"26":0,"27":1,"28":0,"29":1,"30":1,"31":26},"f":{"0":1040,"1":498,"2":1},"b":{"0":[0,26],"1":[1,1039],"2":[1,497],"3":[0,497],"4":[0,1],"5":[1,1],"6":[1,1,1]},"_coverageSchema":"1a1c01bbd47fc00a2c39e90264f33305004495a9","hash":"6231a05fe4157864c68fe1c78b3e4c5da41c1fd5"}
,"/Users/mac/mekong-cli/SALE MLM/src/utils/monitoring.js": {"path":"/Users/mac/mekong-cli/SALE MLM/src/utils/monitoring.js","statementMap":{"0":{"start":{"line":11,"column":15},"end":{"line":11,"column":32}},"1":{"start":{"line":14,"column":17},"end":{"line":14,"column":19}},"2":{"start":{"line":21,"column":4},"end":{"line":21,"column":19}},"3":{"start":{"line":22,"column":4},"end":{"line":22,"column":25}},"4":{"start":{"line":26,"column":18},"end":{"line":36,"column":5}},"5":{"start":{"line":38,"column":4},"end":{"line":38,"column":25}},"6":{"start":{"line":40,"column":4},"end":{"line":43,"column":5}},"7":{"start":{"line":42,"column":6},"end":{"line":42,"column":69}},"8":{"start":{"line":45,"column":4},"end":{"line":45,"column":20}},"9":{"start":{"line":49,"column":18},"end":{"line":55,"column":5}},"10":{"start":{"line":57,"column":4},"end":{"line":57,"column":25}},"11":{"start":{"line":58,"column":4},"end":{"line":58,"column":20}},"12":{"start":{"line":62,"column":4},"end":{"line":62,"column":44}},"13":{"start":{"line":66,"column":18},"end":{"line":66,"column":33}},"14":{"start":{"line":67,"column":19},"end":{"line":67,"column":55}},"15":{"start":{"line":67,"column":40},"end":{"line":67,"column":47}},"16":{"start":{"line":68,"column":21},"end":{"line":68,"column":71}},"17":{"start":{"line":68,"column":42},"end":{"line":68,"column":63}},"18":{"start":{"line":70,"column":20},"end":{"line":70,"column":22}},"19":{"start":{"line":71,"column":4},"end":{"line":74,"column":5}},"20":{"start":{"line":72,"column":20},"end":{"line":72,"column":67}},"21":{"start":{"line":73,"column":6},"end":{"line":73,"column":49}},"22":{"start":{"line":76,"column":4},"end":{"line":76,"column":48}},"23":{"start":{"line":81,"column":19},"end":{"line":81,"column":63}},"24":{"start":{"line":87,"column":18},"end":{"line":92,"column":4}},"25":{"start":{"line":95,"column":2},"end":{"line":97,"column":3}},"26":{"start":{"line":96,"column":4},"end":{"line":96,"column":31}},"27":{"start":{"line":99,"column":2},"end":{"line":103,"column":5}},"28":{"start":{"line":110,"column":21},"end":{"line":110,"column":51}},"29":{"start":{"line":111,"column":2},"end":{"line":111,"column":26}},"30":{"start":{"line":111,"column":19},"end":{"line":111,"column":26}},"31":{"start":{"line":113,"column":18},"end":{"line":120,"column":3}},"32":{"start":{"line":123,"column":2},"end":{"line":123,"column":65}},"33":{"start":{"line":124,"column":2},"end":{"line":124,"column":17}},"34":{"start":{"line":131,"column":21},"end":{"line":138,"column":3}},"35":{"start":{"line":140,"column":21},"end":{"line":140,"column":108}},"36":{"start":{"line":140,"column":58},"end":{"line":140,"column":107}},"37":{"start":{"line":142,"column":2},"end":{"line":150,"column":4}},"38":{"start":{"line":157,"column":2},"end":{"line":157,"column":80}},"39":{"start":{"line":158,"column":2},"end":{"line":162,"column":5}},"40":{"start":{"line":165,"column":0},"end":{"line":172,"column":2}}},"fnMap":{"0":{"name":"(anonymous_0)","decl":{"start":{"line":20,"column":2},"end":{"line":20,"column":3}},"loc":{"start":{"line":20,"column":19},"end":{"line":23,"column":3}},"line":20},"1":{"name":"(anonymous_1)","decl":{"start":{"line":25,"column":2},"end":{"line":25,"column":3}},"loc":{"start":{"line":25,"column":40},"end":{"line":46,"column":3}},"line":25},"2":{"name":"(anonymous_2)","decl":{"start":{"line":48,"column":2},"end":{"line":48,"column":3}},"loc":{"start":{"line":48,"column":56},"end":{"line":59,"column":3}},"line":48},"3":{"name":"(anonymous_3)","decl":{"start":{"line":61,"column":2},"end":{"line":61,"column":3}},"loc":{"start":{"line":61,"column":26},"end":{"line":63,"column":3}},"line":61},"4":{"name":"(anonymous_4)","decl":{"start":{"line":65,"column":2},"end":{"line":65,"column":3}},"loc":{"start":{"line":65,"column":20},"end":{"line":77,"column":3}},"line":65},"5":{"name":"(anonymous_5)","decl":{"start":{"line":67,"column":35},"end":{"line":67,"column":36}},"loc":{"start":{"line":67,"column":40},"end":{"line":67,"column":47}},"line":67},"6":{"name":"(anonymous_6)","decl":{"start":{"line":68,"column":37},"end":{"line":68,"column":38}},"loc":{"start":{"line":68,"column":42},"end":{"line":68,"column":63}},"line":68},"7":{"name":"errorMiddleware","decl":{"start":{"line":86,"column":9},"end":{"line":86,"column":24}},"loc":{"start":{"line":86,"column":46},"end":{"line":104,"column":1}},"line":86},"8":{"name":"triggerZaloAlert","decl":{"start":{"line":109,"column":9},"end":{"line":109,"column":25}},"loc":{"start":{"line":109,"column":38},"end":{"line":125,"column":1}},"line":109},"9":{"name":"getHealthStatus","decl":{"start":{"line":130,"column":9},"end":{"line":130,"column":24}},"loc":{"start":{"line":130,"column":27},"end":{"line":151,"column":1}},"line":130},"10":{"name":"(anonymous_10)","decl":{"start":{"line":140,"column":53},"end":{"line":140,"column":54}},"loc":{"start":{"line":140,"column":58},"end":{"line":140,"column":107}},"line":140},"11":{"name":"notFoundMiddleware","decl":{"start":{"line":156,"column":9},"end":{"line":156,"column":27}},"loc":{"start":{"line":156,"column":38},"end":{"line":163,"column":1}},"line":156}},"branchMap":{"0":{"loc":{"start":{"line":25,"column":26},"end":{"line":25,"column":38}},"type":"default-arg","locations":[{"start":{"line":25,"column":36},"end":{"line":25,"column":38}}],"line":25},"1":{"loc":{"start":{"line":35,"column":19},"end":{"line":35,"column":56}},"type":"binary-expr","locations":[{"start":{"line":35,"column":19},"end":{"line":35,"column":39}},{"start":{"line":35,"column":43},"end":{"line":35,"column":56}}],"line":35},"2":{"loc":{"start":{"line":40,"column":4},"end":{"line":43,"column":5}},"type":"if","locations":[{"start":{"line":40,"column":4},"end":{"line":43,"column":5}},{"start":{},"end":{}}],"line":40},"3":{"loc":{"start":{"line":48,"column":26},"end":{"line":48,"column":40}},"type":"default-arg","locations":[{"start":{"line":48,"column":34},"end":{"line":48,"column":40}}],"line":48},"4":{"loc":{"start":{"line":48,"column":42},"end":{"line":48,"column":54}},"type":"default-arg","locations":[{"start":{"line":48,"column":52},"end":{"line":48,"column":54}}],"line":48},"5":{"loc":{"start":{"line":61,"column":14},"end":{"line":61,"column":24}},"type":"default-arg","locations":[{"start":{"line":61,"column":22},"end":{"line":61,"column":24}}],"line":61},"6":{"loc":{"start":{"line":68,"column":42},"end":{"line":68,"column":63}},"type":"binary-expr","locations":[{"start":{"line":68,"column":42},"end":{"line":68,"column":51}},{"start":{"line":68,"column":55},"end":{"line":68,"column":63}}],"line":68},"7":{"loc":{"start":{"line":72,"column":20},"end":{"line":72,"column":67}},"type":"cond-expr","locations":[{"start":{"line":72,"column":34},"end":{"line":72,"column":41}},{"start":{"line":72,"column":45},"end":{"line":72,"column":66}}],"line":72},"8":{"loc":{"start":{"line":72,"column":45},"end":{"line":72,"column":66}},"type":"binary-expr","locations":[{"start":{"line":72,"column":45},"end":{"line":72,"column":56}},{"start":{"line":72,"column":60},"end":{"line":72,"column":66}}],"line":72},"9":{"loc":{"start":{"line":73,"column":24},"end":{"line":73,"column":43}},"type":"binary-expr","locations":[{"start":{"line":73,"column":24},"end":{"line":73,"column":38}},{"start":{"line":73,"column":42},"end":{"line":73,"column":43}}],"line":73},"10":{"loc":{"start":{"line":95,"column":2},"end":{"line":97,"column":3}},"type":"if","locations":[{"start":{"line":95,"column":2},"end":{"line":97,"column":3}},{"start":{},"end":{}}],"line":95},"11":{"loc":{"start":{"line":95,"column":6},"end":{"line":95,"column":45}},"type":"binary-expr","locations":[{"start":{"line":95,"column":6},"end":{"line":95,"column":27}},{"start":{"line":95,"column":31},"end":{"line":95,"column":45}}],"line":95},"12":{"loc":{"start":{"line":99,"column":13},"end":{"line":99,"column":34}},"type":"binary-expr","locations":[{"start":{"line":99,"column":13},"end":{"line":99,"column":27}},{"start":{"line":99,"column":31},"end":{"line":99,"column":34}}],"line":99},"13":{"loc":{"start":{"line":100,"column":11},"end":{"line":100,"column":88}},"type":"cond-expr","locations":[{"start":{"line":100,"column":51},"end":{"line":100,"column":74}},{"start":{"line":100,"column":77},"end":{"line":100,"column":88}}],"line":100},"14":{"loc":{"start":{"line":101,"column":10},"end":{"line":101,"column":38}},"type":"binary-expr","locations":[{"start":{"line":101,"column":10},"end":{"line":101,"column":18}},{"start":{"line":101,"column":22},"end":{"line":101,"column":38}}],"line":101},"15":{"loc":{"start":{"line":111,"column":2},"end":{"line":111,"column":26}},"type":"if","locations":[{"start":{"line":111,"column":2},"end":{"line":111,"column":26}},{"start":{},"end":{}}],"line":111},"16":{"loc":{"start":{"line":134,"column":26},"end":{"line":134,"column":69}},"type":"cond-expr","locations":[{"start":{"line":134,"column":47},"end":{"line":134,"column":56}},{"start":{"line":134,"column":59},"end":{"line":134,"column":69}}],"line":134},"17":{"loc":{"start":{"line":140,"column":58},"end":{"line":140,"column":107}},"type":"binary-expr","locations":[{"start":{"line":140,"column":58},"end":{"line":140,"column":80}},{"start":{"line":140,"column":84},"end":{"line":140,"column":107}}],"line":140},"18":{"loc":{"start":{"line":143,"column":12},"end":{"line":143,"column":47}},"type":"cond-expr","locations":[{"start":{"line":143,"column":25},"end":{"line":143,"column":34}},{"start":{"line":143,"column":37},"end":{"line":143,"column":47}}],"line":143}},"s":{"0":9,"1":9,"2":9,"3":9,"4":1,"5":1,"6":1,"7":0,"8":1,"9":2,"10":2,"11":2,"12":1,"13":3,"14":3,"15":2,"16":3,"17":2,"18":3,"19":3,"20":2,"21":2,"22":3,"23":9,"24":0,"25":0,"26":0,"27":0,"28":0,"29":0,"30":0,"31":0,"32":0,"33":0,"34":4,"35":4,"36":24,"37":4,"38":1,"39":1,"40":9},"f":{"0":9,"1":1,"2":2,"3":1,"4":3,"5":2,"6":2,"7":0,"8":0,"9":4,"10":24,"11":1},"b":{"0":[0],"1":[1,0],"2":[0,1],"3":[0],"4":[1],"5":[0],"6":[2,1],"7":[1,1],"8":[1,0],"9":[2,2],"10":[0,0],"11":[0,0],"12":[0,0],"13":[0,0],"14":[0,0],"15":[0,0],"16":[0,4],"17":[24,4],"18":[4,0]},"_coverageSchema":"1a1c01bbd47fc00a2c39e90264f33305004495a9","hash":"c8d1f16b98e02ebf2c2fae0645f2804982cd56e9"}
}
