TN:
SF:src/api/alerts.js
FN:18,(anonymous_0)
FN:23,(anonymous_1)
FN:34,(anonymous_2)
FN:39,(anonymous_3)
FNF:4
FNH:4
FNDA:1,(anonymous_0)
FNDA:2,(anonymous_1)
FNDA:6,(anonymous_2)
FNDA:1,(anonymous_3)
DA:1,6
DA:2,6
DA:3,6
DA:6,6
DA:15,6
DA:18,6
DA:19,1
DA:23,6
DA:24,2
DA:25,2
DA:27,2
DA:28,2
DA:29,2
DA:30,2
DA:31,2
DA:32,2
DA:34,6
DA:35,2
DA:39,6
DA:40,1
DA:43,6
LF:21
LH:21
BRDA:27,0,0,1
BRDA:27,0,1,1
BRDA:28,1,0,1
BRDA:28,1,1,1
BRDA:29,2,0,1
BRDA:29,2,1,1
BRDA:30,3,0,1
BRDA:30,3,1,1
BRDA:31,4,0,1
BRDA:31,4,1,1
BRDA:32,5,0,1
BRDA:32,5,1,1
BRF:12
BRH:12
end_of_record
TN:
SF:src/api/analytics-funnel.js
FN:21,(anonymous_0)
FN:23,visibleLeadScope
FN:30,(anonymous_2)
FN:33,daysBetween
FN:42,(anonymous_4)
FN:46,(anonymous_5)
FN:47,(anonymous_6)
FN:64,(anonymous_7)
FN:68,(anonymous_8)
FN:71,(anonymous_9)
FN:73,(anonymous_10)
FN:84,(anonymous_11)
FN:90,(anonymous_12)
FN:91,(anonymous_13)
FN:93,(anonymous_14)
FN:94,(anonymous_15)
FN:95,(anonymous_16)
FN:100,(anonymous_17)
FN:101,(anonymous_18)
FN:103,(anonymous_19)
FN:110,(anonymous_20)
FN:111,(anonymous_21)
FN:116,(anonymous_22)
FN:118,(anonymous_23)
FN:119,(anonymous_24)
FN:134,(anonymous_25)
FN:139,(anonymous_26)
FN:151,(anonymous_27)
FNF:28
FNH:12
FNDA:14,(anonymous_0)
FNDA:14,visibleLeadScope
FNDA:0,(anonymous_2)
FNDA:0,daysBetween
FNDA:6,(anonymous_4)
FNDA:30,(anonymous_5)
FNDA:0,(anonymous_6)
FNDA:30,(anonymous_7)
FNDA:30,(anonymous_8)
FNDA:120,(anonymous_9)
FNDA:24,(anonymous_10)
FNDA:6,(anonymous_11)
FNDA:30,(anonymous_12)
FNDA:0,(anonymous_13)
FNDA:0,(anonymous_14)
FNDA:0,(anonymous_15)
FNDA:0,(anonymous_16)
FNDA:30,(anonymous_17)
FNDA:0,(anonymous_18)
FNDA:0,(anonymous_19)
FNDA:0,(anonymous_20)
FNDA:0,(anonymous_21)
FNDA:0,(anonymous_22)
FNDA:0,(anonymous_23)
FNDA:0,(anonymous_24)
FNDA:2,(anonymous_25)
FNDA:0,(anonymous_26)
FNDA:0,(anonymous_27)
DA:10,5
DA:11,5
DA:12,5
DA:13,5
DA:14,5
DA:15,5
DA:21,14
DA:24,14
DA:25,14
DA:26,14
DA:27,14
DA:28,14
DA:29,3
DA:30,0
DA:34,0
DA:35,0
DA:42,5
DA:43,6
DA:46,6
DA:47,30
DA:48,30
DA:52,6
DA:53,6
DA:54,24
DA:55,24
DA:56,24
DA:64,30
DA:67,6
DA:68,6
DA:69,30
DA:71,120
DA:72,30
DA:73,30
DA:74,30
DA:77,6
DA:84,5
DA:85,6
DA:86,6
DA:87,6
DA:90,6
DA:91,30
DA:92,30
DA:93,0
DA:94,0
DA:95,30
DA:96,30
DA:100,6
DA:101,30
DA:102,30
DA:103,0
DA:104,0
DA:108,6
DA:109,6
DA:110,0
DA:112,0
DA:115,6
DA:116,0
DA:119,0
DA:120,0
DA:127,6
DA:134,5
DA:135,2
DA:136,2
DA:138,2
DA:139,2
DA:140,0
DA:141,0
DA:151,0
DA:154,2
DA:155,2
DA:156,2
DA:157,2
DA:160,5
LF:73
LH:58
BRDA:26,0,0,0
BRDA:26,0,1,14
BRDA:26,1,0,14
BRDA:26,1,1,14
BRDA:27,2,0,14
BRDA:27,2,1,0
BRDA:28,3,0,11
BRDA:28,3,1,3
BRDA:29,4,0,3
BRDA:29,4,1,0
BRDA:34,5,0,0
BRDA:34,5,1,0
BRDA:34,6,0,0
BRDA:34,6,1,0
BRDA:59,7,0,0
BRDA:59,7,1,24
BRDA:71,8,0,120
BRDA:71,8,1,24
BRDA:94,9,0,0
BRDA:94,9,1,0
BRDA:95,10,0,0
BRDA:95,10,1,30
BRDA:102,11,0,30
BRDA:102,11,1,0
BRDA:103,12,0,0
BRDA:103,12,1,0
BRDA:103,12,2,0
BRDA:110,13,0,0
BRDA:110,13,1,0
BRDA:112,14,0,0
BRDA:112,14,1,0
BRDA:122,15,0,0
BRDA:122,15,1,0
BRDA:136,16,0,2
BRDA:136,16,1,0
BRDA:140,17,0,0
BRDA:140,17,1,0
BRDA:143,18,0,0
BRDA:143,18,1,0
BRDA:144,19,0,0
BRDA:144,19,1,0
BRDA:145,20,0,0
BRDA:145,20,1,0
BRDA:148,21,0,0
BRDA:148,21,1,0
BRF:45
BRH:13
end_of_record
TN:
SF:src/api/auth.js
FN:8,hashPassword
FN:14,(anonymous_1)
FN:27,(anonymous_2)
FN:44,(anonymous_3)
FN:55,(anonymous_4)
FN:60,(anonymous_5)
FNF:6
FNH:3
FNDA:3,hashPassword
FNDA:5,(anonymous_1)
FNDA:3,(anonymous_2)
FNDA:0,(anonymous_3)
FNDA:0,(anonymous_4)
FNDA:0,(anonymous_5)
DA:1,6
DA:2,6
DA:3,6
DA:4,6
DA:6,6
DA:9,3
DA:10,3
DA:11,3
DA:14,6
DA:15,5
DA:16,5
DA:17,2
DA:19,3
DA:20,3
DA:21,0
DA:24,3
DA:26,3
DA:27,3
DA:28,3
DA:29,0
DA:31,3
DA:32,3
DA:33,3
DA:35,0
DA:36,0
DA:37,0
DA:41,0
DA:44,6
DA:45,0
DA:46,0
DA:47,0
DA:48,0
DA:49,0
DA:51,0
DA:55,6
DA:56,0
DA:57,0
DA:58,0
DA:59,0
DA:60,0
DA:61,0
DA:64,6
LF:42
LH:24
BRDA:10,0,0,0
BRDA:10,0,1,3
BRDA:16,1,0,2
BRDA:16,1,1,3
BRDA:16,2,0,5
BRDA:16,2,1,4
BRDA:20,3,0,0
BRDA:20,3,1,3
BRDA:26,4,0,3
BRDA:26,4,1,0
BRDA:27,5,0,3
BRDA:27,5,1,3
BRDA:27,5,2,3
BRDA:28,6,0,0
BRDA:28,6,1,3
BRDA:32,7,0,3
BRDA:32,7,1,0
BRDA:46,8,0,0
BRDA:46,8,1,0
BRDA:57,9,0,0
BRDA:57,9,1,0
BRF:21
BRH:12
end_of_record
TN:
SF:src/api/habits.js
FN:9,(anonymous_0)
FN:24,(anonymous_1)
FN:31,(anonymous_2)
FN:60,(anonymous_3)
FN:61,(anonymous_4)
FN:63,(anonymous_5)
FN:79,(anonymous_6)
FN:82,(anonymous_7)
FN:83,(anonymous_8)
FN:84,(anonymous_9)
FN:88,(anonymous_10)
FN:91,(anonymous_11)
FN:92,(anonymous_12)
FN:106,(anonymous_13)
FN:113,(anonymous_14)
FN:115,(anonymous_15)
FN:116,(anonymous_16)
FN:132,(anonymous_17)
FN:135,(anonymous_18)
FN:148,(anonymous_19)
FN:149,(anonymous_20)
FN:150,(anonymous_21)
FN:157,(anonymous_22)
FNF:23
FNH:12
FNDA:9,(anonymous_0)
FNDA:7,(anonymous_1)
FNDA:25,(anonymous_2)
FNDA:14,(anonymous_3)
FNDA:0,(anonymous_4)
FNDA:2,(anonymous_5)
FNDA:0,(anonymous_6)
FNDA:0,(anonymous_7)
FNDA:0,(anonymous_8)
FNDA:0,(anonymous_9)
FNDA:2,(anonymous_10)
FNDA:3,(anonymous_11)
FNDA:0,(anonymous_12)
FNDA:2,(anonymous_13)
FNDA:3,(anonymous_14)
FNDA:3,(anonymous_15)
FNDA:3,(anonymous_16)
FNDA:0,(anonymous_17)
FNDA:0,(anonymous_18)
FNDA:0,(anonymous_19)
FNDA:0,(anonymous_20)
FNDA:0,(anonymous_21)
FNDA:1,(anonymous_22)
DA:1,7
DA:2,7
DA:3,7
DA:6,7
DA:9,7
DA:10,9
DA:11,9
DA:14,9
DA:15,1
DA:17,8
DA:18,1
DA:21,7
DA:24,7
DA:25,7
DA:26,7
DA:27,7
DA:31,7
DA:32,25
DA:34,6
DA:35,6
DA:37,6
DA:38,6
DA:40,6
DA:41,6
DA:43,0
DA:44,0
DA:46,0
DA:47,0
DA:50,7
DA:51,7
DA:52,0
DA:53,0
DA:59,7
DA:60,14
DA:61,0
DA:63,7
DA:64,7
DA:66,7
DA:74,0
DA:79,7
DA:80,0
DA:81,0
DA:82,0
DA:83,0
DA:84,0
DA:88,7
DA:89,2
DA:90,2
DA:91,3
DA:92,0
DA:94,2
DA:95,2
DA:97,2
DA:106,7
DA:107,2
DA:108,2
DA:109,2
DA:110,2
DA:113,3
DA:115,3
DA:117,3
DA:118,3
DA:120,3
DA:125,2
DA:127,0
DA:132,7
DA:133,0
DA:134,0
DA:135,0
DA:136,0
DA:137,0
DA:138,0
DA:140,0
DA:141,0
DA:142,0
DA:143,0
DA:144,0
DA:147,0
DA:148,0
DA:149,0
DA:150,0
DA:151,0
DA:153,0
DA:157,7
DA:159,1
DA:165,1
DA:168,7
LF:87
LH:55
BRDA:14,0,0,1
BRDA:14,0,1,8
BRDA:17,1,0,1
BRDA:17,1,1,7
BRDA:21,2,0,7
BRDA:21,2,1,0
BRDA:24,3,0,7
BRDA:24,3,1,2
BRDA:25,4,0,7
BRDA:25,4,1,0
BRDA:32,5,0,6
BRDA:32,5,1,6
BRDA:32,5,2,6
BRDA:32,5,3,0
BRDA:32,5,4,0
BRDA:32,5,5,7
BRDA:50,6,0,7
BRDA:50,6,1,0
BRDA:50,7,0,7
BRDA:50,7,1,7
BRDA:52,8,0,0
BRDA:52,8,1,0
BRDA:52,9,0,0
BRDA:52,9,1,0
BRDA:52,9,2,0
BRDA:60,10,0,14
BRDA:60,10,1,9
BRDA:82,11,0,0
BRDA:82,11,1,0
BRDA:83,12,0,0
BRDA:83,12,1,0
BRDA:94,13,0,2
BRDA:94,13,1,1
BRDA:108,14,0,1
BRDA:117,15,0,3
BRDA:117,15,1,0
BRDA:117,16,0,3
BRDA:117,16,1,1
BRDA:135,17,0,0
BRDA:135,17,1,0
BRDA:136,18,0,0
BRDA:136,18,1,0
BRDA:140,19,0,0
BRDA:140,19,1,0
BRDA:141,20,0,0
BRDA:141,20,1,0
BRDA:142,21,0,0
BRDA:142,21,1,0
BRDA:143,22,0,0
BRDA:143,22,1,0
BRDA:144,23,0,0
BRDA:144,23,1,0
BRDA:148,24,0,0
BRDA:148,24,1,0
BRF:54
BRH:23
end_of_record
TN:
SF:src/api/kpi.js
FN:14,(anonymous_0)
FN:28,(anonymous_1)
FN:34,(anonymous_2)
FN:44,(anonymous_3)
FN:53,(anonymous_4)
FN:88,calculateDailyRollup
FN:99,(anonymous_6)
FN:100,(anonymous_7)
FN:101,(anonymous_8)
FN:132,calculateWeeklyRollup
FN:136,(anonymous_10)
FN:148,(anonymous_11)
FN:150,(anonymous_12)
FN:151,(anonymous_13)
FN:152,(anonymous_14)
FN:180,calculateMonthlyRollup
FN:184,(anonymous_16)
FN:194,(anonymous_17)
FN:197,(anonymous_18)
FN:198,(anonymous_19)
FN:199,(anonymous_20)
FN:227,getWeekNumber
FN:238,(anonymous_22)
FN:243,(anonymous_23)
FN:244,(anonymous_24)
FN:259,(anonymous_25)
FN:260,(anonymous_26)
FN:261,(anonymous_27)
FN:269,(anonymous_28)
FN:286,(anonymous_29)
FNF:30
FNH:6
FNDA:1,(anonymous_0)
FNDA:8,(anonymous_1)
FNDA:32,(anonymous_2)
FNDA:0,(anonymous_3)
FNDA:0,(anonymous_4)
FNDA:3,calculateDailyRollup
FNDA:0,(anonymous_6)
FNDA:0,(anonymous_7)
FNDA:0,(anonymous_8)
FNDA:1,calculateWeeklyRollup
FNDA:0,(anonymous_10)
FNDA:0,(anonymous_11)
FNDA:0,(anonymous_12)
FNDA:0,(anonymous_13)
FNDA:0,(anonymous_14)
FNDA:1,calculateMonthlyRollup
FNDA:0,(anonymous_16)
FNDA:0,(anonymous_17)
FNDA:0,(anonymous_18)
FNDA:0,(anonymous_19)
FNDA:0,(anonymous_20)
FNDA:0,getWeekNumber
FNDA:0,(anonymous_22)
FNDA:0,(anonymous_23)
FNDA:0,(anonymous_24)
FNDA:0,(anonymous_25)
FNDA:0,(anonymous_26)
FNDA:0,(anonymous_27)
FNDA:0,(anonymous_28)
FNDA:0,(anonymous_29)
DA:1,6
DA:2,6
DA:3,6
DA:4,6
DA:5,6
DA:8,6
DA:9,6
DA:14,6
DA:15,1
DA:16,1
DA:17,1
DA:18,1
DA:20,0
DA:28,6
DA:29,8
DA:30,8
DA:31,8
DA:34,32
DA:35,8
DA:36,2
DA:40,6
DA:41,6
DA:44,6
DA:47,6
DA:48,6
DA:49,6
DA:50,6
DA:53,6
DA:58,6
DA:59,3
DA:60,3
DA:61,1
DA:62,2
DA:63,1
DA:65,1
DA:68,5
DA:79,5
DA:81,0
DA:89,3
DA:90,3
DA:99,0
DA:100,0
DA:101,0
DA:103,0
DA:104,0
DA:106,0
DA:134,1
DA:136,1
DA:137,0
DA:138,0
DA:139,0
DA:140,0
DA:142,0
DA:143,0
DA:145,0
DA:148,1
DA:149,0
DA:150,0
DA:151,0
DA:152,0
DA:154,0
DA:174,1
DA:182,1
DA:184,1
DA:185,0
DA:186,0
DA:188,0
DA:189,0
DA:191,0
DA:194,1
DA:195,0
DA:196,0
DA:197,0
DA:198,0
DA:199,0
DA:201,0
DA:221,1
DA:228,0
DA:229,0
DA:230,0
DA:231,0
DA:232,0
DA:238,6
DA:239,0
DA:240,0
DA:243,0
DA:244,0
DA:245,0
DA:246,0
DA:248,0
DA:249,0
DA:258,0
DA:259,0
DA:260,0
DA:261,0
DA:263,0
DA:269,0
DA:270,0
DA:271,0
DA:275,0
DA:277,0
DA:286,0
DA:288,0
DA:294,0
DA:298,6
LF:105
LH:48
BRDA:31,0,0,4
BRDA:31,1,0,7
BRDA:35,2,0,2
BRDA:35,2,1,6
BRDA:41,3,0,6
BRDA:41,3,1,0
BRDA:58,4,0,3
BRDA:58,4,1,3
BRDA:60,5,0,1
BRDA:60,5,1,2
BRDA:62,6,0,1
BRDA:62,6,1,1
BRDA:89,7,0,3
BRDA:89,7,1,0
BRDA:142,8,0,0
BRDA:142,8,1,0
BRDA:188,9,0,0
BRDA:188,9,1,0
BRDA:229,10,0,0
BRDA:229,10,1,0
BRDA:240,11,0,0
BRDA:240,12,0,0
BRDA:246,13,0,0
BRDA:246,13,1,0
BRDA:248,14,0,0
BRDA:248,14,1,0
BRDA:270,15,0,0
BRDA:270,15,1,0
BRF:28
BRH:12
end_of_record
TN:
SF:src/api/leads.js
FN:32,allLeads
FN:34,visibleLeadScope
FN:49,(anonymous_2)
FN:52,pluck
FN:56,coerceId
FN:59,(anonymous_5)
FN:69,(anonymous_6)
FN:79,(anonymous_7)
FN:82,(anonymous_8)
FN:85,(anonymous_9)
FN:94,(anonymous_10)
FN:106,(anonymous_11)
FN:108,(anonymous_12)
FN:114,(anonymous_13)
FN:126,(anonymous_14)
FN:144,(anonymous_15)
FN:155,(anonymous_16)
FN:157,(anonymous_17)
FN:162,(anonymous_18)
FN:198,(anonymous_19)
FN:200,(anonymous_20)
FN:205,(anonymous_21)
FN:228,(anonymous_22)
FN:230,(anonymous_23)
FN:235,(anonymous_24)
FN:248,(anonymous_25)
FN:264,(anonymous_26)
FN:272,(anonymous_27)
FN:276,(anonymous_28)
FN:292,(anonymous_29)
FN:300,(anonymous_30)
FN:304,(anonymous_31)
FN:326,(anonymous_32)
FN:334,(anonymous_33)
FN:338,(anonymous_34)
FNF:35
FNH:29
FNDA:46,allLeads
FNDA:22,visibleLeadScope
FNDA:16,(anonymous_2)
FNDA:218,pluck
FNDA:10,coerceId
FNDA:0,(anonymous_5)
FNDA:15,(anonymous_6)
FNDA:16,(anonymous_7)
FNDA:16,(anonymous_8)
FNDA:0,(anonymous_9)
FNDA:210,(anonymous_10)
FNDA:2,(anonymous_11)
FNDA:17,(anonymous_12)
FNDA:1,(anonymous_13)
FNDA:5,(anonymous_14)
FNDA:69,(anonymous_15)
FNDA:1,(anonymous_16)
FNDA:1,(anonymous_17)
FNDA:1,(anonymous_18)
FNDA:2,(anonymous_19)
FNDA:38,(anonymous_20)
FNDA:38,(anonymous_21)
FNDA:1,(anonymous_22)
FNDA:1,(anonymous_23)
FNDA:1,(anonymous_24)
FNDA:0,(anonymous_25)
FNDA:2,(anonymous_26)
FNDA:1,(anonymous_27)
FNDA:1,(anonymous_28)
FNDA:2,(anonymous_29)
FNDA:1,(anonymous_30)
FNDA:1,(anonymous_31)
FNDA:0,(anonymous_32)
FNDA:0,(anonymous_33)
FNDA:0,(anonymous_34)
DA:20,5
DA:21,5
DA:22,5
DA:23,5
DA:24,5
DA:30,5
DA:31,5
DA:32,46
DA:35,22
DA:36,22
DA:38,22
DA:40,22
DA:41,22
DA:43,12
DA:45,11
DA:49,16
DA:53,218
DA:58,10
DA:59,0
DA:60,0
DA:62,10
DA:69,5
DA:70,15
DA:71,15
DA:72,15
DA:73,15
DA:74,15
DA:76,15
DA:78,15
DA:79,16
DA:81,15
DA:82,16
DA:84,15
DA:85,0
DA:88,15
DA:89,15
DA:90,15
DA:91,15
DA:93,15
DA:94,210
DA:106,5
DA:107,2
DA:108,17
DA:110,2
DA:113,1
DA:114,1
DA:115,0
DA:118,1
DA:119,1
DA:126,5
DA:127,5
DA:129,5
DA:130,1
DA:133,4
DA:144,69
DA:146,4
DA:148,4
DA:155,5
DA:156,1
DA:157,1
DA:159,1
DA:161,1
DA:162,1
DA:163,0
DA:166,1
DA:168,1
DA:169,11
DA:170,2
DA:171,1
DA:172,1
DA:173,1
DA:174,0
DA:175,0
DA:176,1
DA:177,1
DA:178,1
DA:179,1
DA:180,0
DA:181,0
DA:182,0
DA:184,0
DA:189,1
DA:190,1
DA:191,1
DA:198,5
DA:199,2
DA:200,38
DA:202,2
DA:204,2
DA:205,38
DA:206,0
DA:209,2
DA:211,2
DA:213,1
DA:214,1
DA:218,1
DA:219,1
DA:220,1
DA:221,1
DA:228,5
DA:229,1
DA:230,1
DA:232,1
DA:234,1
DA:235,1
DA:236,0
DA:239,1
DA:240,1
DA:248,0
DA:257,1
DA:264,5
DA:265,2
DA:266,2
DA:268,2
DA:269,1
DA:272,1
DA:273,1
DA:275,1
DA:276,1
DA:277,0
DA:280,1
DA:281,1
DA:282,1
DA:284,1
DA:285,1
DA:292,5
DA:293,2
DA:294,2
DA:296,2
DA:297,1
DA:300,1
DA:301,1
DA:303,1
DA:304,1
DA:305,0
DA:308,1
DA:309,1
DA:311,0
DA:314,1
DA:315,1
DA:326,5
DA:327,0
DA:328,0
DA:330,0
DA:331,0
DA:334,0
DA:335,0
DA:337,0
DA:338,0
DA:339,0
DA:342,0
DA:343,0
DA:344,0
DA:345,0
DA:347,0
DA:350,5
LF:156
LH:125
BRDA:38,0,0,0
BRDA:38,0,1,22
BRDA:38,1,0,22
BRDA:38,1,1,22
BRDA:40,2,0,22
BRDA:40,2,1,0
BRDA:41,3,0,10
BRDA:41,3,1,12
BRDA:43,4,0,11
BRDA:43,4,1,1
BRDA:53,5,0,86
BRDA:53,5,1,132
BRDA:58,6,0,0
BRDA:58,6,1,10
BRDA:58,7,0,10
BRDA:58,7,1,10
BRDA:60,8,0,0
BRDA:60,8,1,0
BRDA:70,9,0,15
BRDA:70,9,1,14
BRDA:71,10,0,15
BRDA:71,10,1,14
BRDA:78,11,0,1
BRDA:78,11,1,14
BRDA:78,12,0,15
BRDA:78,12,1,1
BRDA:81,13,0,1
BRDA:81,13,1,14
BRDA:81,14,0,15
BRDA:81,14,1,1
BRDA:84,15,0,0
BRDA:84,15,1,15
BRDA:85,16,0,0
BRDA:85,16,1,0
BRDA:85,16,2,0
BRDA:89,17,0,15
BRDA:89,17,1,1
BRDA:91,18,0,15
BRDA:91,18,1,0
BRDA:110,19,0,1
BRDA:110,19,1,1
BRDA:114,20,0,0
BRDA:114,20,1,1
BRDA:118,21,0,1
BRDA:118,21,1,0
BRDA:129,22,0,1
BRDA:129,22,1,4
BRDA:129,23,0,5
BRDA:129,23,1,4
BRDA:137,24,0,4
BRDA:137,24,1,2
BRDA:138,25,0,2
BRDA:138,25,1,2
BRDA:144,26,0,4
BRDA:144,26,1,0
BRDA:144,27,0,69
BRDA:144,27,1,0
BRDA:148,28,0,4
BRDA:148,28,1,0
BRDA:159,29,0,0
BRDA:159,29,1,1
BRDA:162,30,0,0
BRDA:162,30,1,1
BRDA:169,31,0,2
BRDA:169,31,1,9
BRDA:170,32,0,1
BRDA:170,32,1,1
BRDA:173,33,0,0
BRDA:173,33,1,1
BRDA:174,34,0,0
BRDA:174,34,1,0
BRDA:176,35,0,1
BRDA:176,35,1,0
BRDA:177,36,0,0
BRDA:177,36,1,1
BRDA:180,37,0,0
BRDA:180,37,1,0
BRDA:180,38,0,0
BRDA:180,38,1,0
BRDA:190,39,0,1
BRDA:190,39,1,0
BRDA:202,40,0,0
BRDA:202,40,1,2
BRDA:205,41,0,0
BRDA:205,41,1,2
BRDA:209,42,0,2
BRDA:209,42,1,0
BRDA:211,43,0,1
BRDA:211,43,1,1
BRDA:232,44,0,0
BRDA:232,44,1,1
BRDA:235,45,0,0
BRDA:235,45,1,1
BRDA:239,46,0,1
BRDA:239,46,1,1
BRDA:268,47,0,1
BRDA:268,47,1,1
BRDA:273,48,0,0
BRDA:273,48,1,1
BRDA:276,49,0,0
BRDA:276,49,1,1
BRDA:284,50,0,1
BRDA:284,50,1,0
BRDA:296,51,0,1
BRDA:296,51,1,1
BRDA:301,52,0,0
BRDA:301,52,1,1
BRDA:304,53,0,0
BRDA:304,53,1,1
BRDA:314,54,0,1
BRDA:314,54,1,0
BRDA:330,55,0,0
BRDA:330,55,1,0
BRDA:335,56,0,0
BRDA:335,56,1,0
BRDA:338,57,0,0
BRDA:338,57,1,0
BRDA:343,58,0,0
BRDA:343,58,1,0
BRF:119
BRH:73
end_of_record
TN:
SF:src/api/members.js
FN:14,validateMemberData
FN:71,logPIIAccessForMember
FN:92,(anonymous_2)
FN:99,(anonymous_3)
FN:101,(anonymous_4)
FN:116,(anonymous_5)
FN:130,(anonymous_6)
FN:133,(anonymous_7)
FN:134,(anonymous_8)
FN:152,(anonymous_9)
FN:153,(anonymous_10)
FN:169,(anonymous_11)
FN:171,(anonymous_12)
FN:201,(anonymous_13)
FN:203,(anonymous_14)
FN:272,(anonymous_15)
FN:274,(anonymous_16)
FNF:17
FNH:14
FNDA:9,validateMemberData
FNDA:5,logPIIAccessForMember
FNDA:2,(anonymous_2)
FNDA:0,(anonymous_3)
FNDA:0,(anonymous_4)
FNDA:7,(anonymous_5)
FNDA:4,(anonymous_6)
FNDA:4,(anonymous_7)
FNDA:4,(anonymous_8)
FNDA:0,(anonymous_9)
FNDA:22,(anonymous_10)
FNDA:1,(anonymous_11)
FNDA:4,(anonymous_12)
FNDA:3,(anonymous_13)
FNDA:12,(anonymous_14)
FNDA:1,(anonymous_15)
FNDA:4,(anonymous_16)
DA:1,7
DA:2,7
DA:3,7
DA:4,7
DA:5,7
DA:6,7
DA:9,7
DA:12,7
DA:15,9
DA:17,9
DA:18,0
DA:25,9
DA:26,0
DA:33,9
DA:34,1
DA:41,8
DA:42,1
DA:49,7
DA:50,4
DA:51,4
DA:52,1
DA:60,6
DA:61,1
DA:68,5
DA:72,5
DA:73,5
DA:74,3
DA:75,2
DA:76,2
DA:78,5
DA:79,5
DA:92,7
DA:93,2
DA:94,2
DA:95,2
DA:96,2
DA:98,2
DA:99,0
DA:101,2
DA:102,2
DA:108,0
DA:109,0
DA:116,7
DA:117,7
DA:118,7
DA:119,7
DA:121,7
DA:122,2
DA:123,2
DA:124,1
DA:130,4
DA:133,6
DA:134,6
DA:136,6
DA:137,6
DA:138,6
DA:139,0
DA:145,6
DA:146,6
DA:148,6
DA:151,6
DA:152,0
DA:153,22
DA:155,6
DA:161,0
DA:162,0
DA:169,7
DA:170,1
DA:171,4
DA:172,1
DA:173,0
DA:179,1
DA:183,1
DA:184,0
DA:190,1
DA:191,1
DA:193,0
DA:194,0
DA:201,7
DA:202,3
DA:203,12
DA:204,3
DA:205,0
DA:211,3
DA:212,3
DA:213,3
DA:215,3
DA:216,0
DA:222,3
DA:223,3
DA:227,3
DA:228,3
DA:229,8
DA:230,3
DA:234,3
DA:235,1
DA:241,2
DA:242,2
DA:243,2
DA:245,2
DA:246,2
DA:247,2
DA:251,2
DA:252,2
DA:258,0
DA:259,0
DA:260,0
DA:265,0
DA:272,7
DA:273,1
DA:274,4
DA:275,1
DA:276,1
DA:282,0
DA:283,0
DA:284,0
DA:286,0
DA:292,0
DA:293,0
DA:300,7
LF:120
LH:95
BRDA:17,0,0,0
BRDA:17,0,1,9
BRDA:17,1,0,9
BRDA:17,1,1,6
BRDA:25,2,0,0
BRDA:25,2,1,9
BRDA:25,3,0,9
BRDA:25,3,1,8
BRDA:25,3,2,8
BRDA:33,4,0,1
BRDA:33,4,1,8
BRDA:33,5,0,9
BRDA:33,5,1,3
BRDA:41,6,0,1
BRDA:41,6,1,7
BRDA:41,7,0,8
BRDA:41,7,1,3
BRDA:49,8,0,4
BRDA:49,8,1,3
BRDA:51,9,0,1
BRDA:51,9,1,3
BRDA:60,10,0,1
BRDA:60,10,1,5
BRDA:60,11,0,6
BRDA:60,11,1,3
BRDA:60,11,2,3
BRDA:60,11,3,3
BRDA:73,12,0,3
BRDA:73,12,1,2
BRDA:73,13,0,5
BRDA:73,13,1,4
BRDA:73,13,2,2
BRDA:75,14,0,2
BRDA:75,14,1,0
BRDA:78,15,0,5
BRDA:78,15,1,0
BRDA:99,16,0,0
BRDA:99,16,1,0
BRDA:118,17,0,6
BRDA:118,18,0,6
BRDA:118,19,0,7
BRDA:121,20,0,2
BRDA:121,20,1,5
BRDA:123,21,0,1
BRDA:123,21,1,1
BRDA:133,22,0,1
BRDA:133,22,1,5
BRDA:134,23,0,1
BRDA:134,23,1,5
BRDA:138,24,0,0
BRDA:138,24,1,6
BRDA:138,25,0,6
BRDA:138,25,1,6
BRDA:138,25,2,6
BRDA:138,25,3,6
BRDA:148,26,0,6
BRDA:148,26,1,0
BRDA:148,26,2,0
BRDA:151,27,0,0
BRDA:151,27,1,6
BRDA:172,28,0,0
BRDA:172,28,1,1
BRDA:179,29,0,1
BRDA:179,29,1,1
BRDA:179,29,2,0
BRDA:183,30,0,0
BRDA:183,30,1,1
BRDA:204,31,0,0
BRDA:204,31,1,3
BRDA:215,32,0,0
BRDA:215,32,1,3
BRDA:215,33,0,3
BRDA:215,33,1,2
BRDA:215,33,2,2
BRDA:222,34,0,3
BRDA:222,34,1,1
BRDA:223,35,0,1
BRDA:223,35,1,2
BRDA:229,36,0,3
BRDA:229,36,1,5
BRDA:234,37,0,1
BRDA:234,37,1,2
BRDA:234,38,0,3
BRDA:234,38,1,1
BRDA:241,39,0,0
BRDA:241,39,1,2
BRDA:242,40,0,0
BRDA:242,40,1,2
BRDA:243,41,0,0
BRDA:243,41,1,2
BRDA:246,42,0,2
BRDA:246,42,1,0
BRDA:246,43,0,2
BRDA:246,43,1,2
BRDA:246,43,2,2
BRDA:259,44,0,0
BRDA:259,44,1,0
BRDA:275,45,0,1
BRDA:275,45,1,0
BRF:99
BRH:77
end_of_record
TN:
SF:src/api/orders.js
FN:27,parseQuery
FN:39,filterOrders
FN:43,(anonymous_2)
FN:46,(anonymous_3)
FN:49,(anonymous_4)
FN:52,(anonymous_5)
FN:55,(anonymous_6)
FN:59,(anonymous_7)
FN:69,(anonymous_8)
FN:73,paginate
FN:81,handler
FN:89,(anonymous_11)
FN:96,(anonymous_12)
FN:118,(anonymous_13)
FN:136,(anonymous_14)
FN:191,(anonymous_15)
FN:235,(anonymous_16)
FN:249,(anonymous_17)
FN:262,(anonymous_18)
FN:264,(anonymous_19)
FNF:20
FNH:1
FNDA:0,parseQuery
FNDA:0,filterOrders
FNDA:0,(anonymous_2)
FNDA:0,(anonymous_3)
FNDA:0,(anonymous_4)
FNDA:0,(anonymous_5)
FNDA:0,(anonymous_6)
FNDA:0,(anonymous_7)
FNDA:0,(anonymous_8)
FNDA:0,paginate
FNDA:5,handler
FNDA:0,(anonymous_11)
FNDA:0,(anonymous_12)
FNDA:0,(anonymous_13)
FNDA:0,(anonymous_14)
FNDA:0,(anonymous_15)
FNDA:0,(anonymous_16)
FNDA:0,(anonymous_17)
FNDA:0,(anonymous_18)
FNDA:0,(anonymous_19)
DA:6,5
DA:7,5
DA:21,5
DA:23,5
DA:24,5
DA:25,5
DA:28,0
DA:29,0
DA:30,0
DA:31,0
DA:32,0
DA:33,0
DA:34,0
DA:35,0
DA:36,0
DA:40,0
DA:42,0
DA:43,0
DA:45,0
DA:46,0
DA:48,0
DA:49,0
DA:51,0
DA:52,0
DA:54,0
DA:55,0
DA:57,0
DA:58,0
DA:59,0
DA:60,0
DA:69,0
DA:70,0
DA:74,0
DA:75,0
DA:76,0
DA:77,0
DA:78,0
DA:83,5
DA:85,5
DA:86,5
DA:89,5
DA:90,0
DA:91,0
DA:92,0
DA:93,0
DA:95,0
DA:96,0
DA:113,0
DA:118,5
DA:119,0
DA:120,0
DA:121,0
DA:122,0
DA:125,0
DA:126,0
DA:128,0
DA:130,0
DA:136,5
DA:137,0
DA:152,0
DA:155,0
DA:156,0
DA:158,0
DA:159,0
DA:161,0
DA:162,0
DA:164,0
DA:165,0
DA:168,0
DA:184,0
DA:186,0
DA:191,5
DA:192,0
DA:193,0
DA:194,0
DA:195,0
DA:196,0
DA:200,0
DA:201,0
DA:202,0
DA:204,0
DA:209,0
DA:210,0
DA:214,0
DA:215,0
DA:216,0
DA:217,0
DA:218,0
DA:219,0
DA:221,0
DA:222,0
DA:225,0
DA:226,0
DA:228,0
DA:230,0
DA:235,5
DA:236,0
DA:237,0
DA:238,0
DA:239,0
DA:240,0
DA:241,0
DA:243,0
DA:249,5
DA:250,0
DA:251,0
DA:252,0
DA:253,0
DA:255,0
DA:257,0
DA:262,5
DA:263,0
DA:264,0
DA:265,0
DA:267,0
DA:271,5
DA:278,5
LF:117
LH:18
BRDA:28,0,0,0
BRDA:28,0,1,0
BRDA:29,1,0,0
BRDA:29,1,1,0
BRDA:30,2,0,0
BRDA:30,2,1,0
BRDA:31,3,0,0
BRDA:31,3,1,0
BRDA:32,4,0,0
BRDA:32,4,1,0
BRDA:33,5,0,0
BRDA:33,5,1,0
BRDA:34,6,0,0
BRDA:34,6,1,0
BRDA:35,7,0,0
BRDA:35,7,1,0
BRDA:42,8,0,0
BRDA:42,8,1,0
BRDA:45,9,0,0
BRDA:45,9,1,0
BRDA:48,10,0,0
BRDA:48,10,1,0
BRDA:51,11,0,0
BRDA:51,11,1,0
BRDA:54,12,0,0
BRDA:54,12,1,0
BRDA:57,13,0,0
BRDA:57,13,1,0
BRDA:60,14,0,0
BRDA:60,14,1,0
BRDA:60,14,2,0
BRDA:60,14,3,0
BRDA:60,14,4,0
BRDA:75,15,0,0
BRDA:75,15,1,0
BRDA:83,16,0,5
BRDA:83,16,1,0
BRDA:83,17,0,5
BRDA:83,17,1,5
BRDA:86,18,0,5
BRDA:86,18,1,5
BRDA:121,19,0,0
BRDA:121,19,1,0
BRDA:125,20,0,0
BRDA:125,20,1,0
BRDA:125,21,0,0
BRDA:125,21,1,0
BRDA:155,22,0,0
BRDA:155,22,1,0
BRDA:155,23,0,0
BRDA:155,23,1,0
BRDA:158,24,0,0
BRDA:158,24,1,0
BRDA:158,25,0,0
BRDA:158,25,1,0
BRDA:161,26,0,0
BRDA:161,26,1,0
BRDA:161,27,0,0
BRDA:161,27,1,0
BRDA:164,28,0,0
BRDA:164,28,1,0
BRDA:164,29,0,0
BRDA:164,29,1,0
BRDA:169,30,0,0
BRDA:169,30,1,0
BRDA:170,31,0,0
BRDA:170,31,1,0
BRDA:171,32,0,0
BRDA:171,32,1,0
BRDA:172,33,0,0
BRDA:172,33,1,0
BRDA:173,34,0,0
BRDA:173,34,1,0
BRDA:178,35,0,0
BRDA:178,35,1,0
BRDA:178,36,0,0
BRDA:178,36,1,0
BRDA:178,37,0,0
BRDA:178,37,1,0
BRDA:178,38,0,0
BRDA:178,38,1,0
BRDA:179,39,0,0
BRDA:179,39,1,0
BRDA:180,40,0,0
BRDA:180,40,1,0
BRDA:181,41,0,0
BRDA:181,41,1,0
BRDA:195,42,0,0
BRDA:195,42,1,0
BRDA:200,43,0,0
BRDA:200,43,1,0
BRDA:200,44,0,0
BRDA:200,44,1,0
BRDA:209,45,0,0
BRDA:209,45,1,0
BRDA:209,46,0,0
BRDA:209,46,1,0
BRDA:214,47,0,0
BRDA:214,47,1,0
BRDA:215,48,0,0
BRDA:215,48,1,0
BRDA:216,49,0,0
BRDA:216,49,1,0
BRDA:217,50,0,0
BRDA:217,50,1,0
BRDA:221,51,0,0
BRDA:221,51,1,0
BRDA:238,52,0,0
BRDA:238,52,1,0
BRDA:240,53,0,0
BRDA:240,53,1,0
BRDA:252,54,0,0
BRDA:252,54,1,0
BRF:113
BRH:5
end_of_record
TN:
SF:src/auth/jwt.js
FN:16,base64urlEncode
FN:27,base64urlDecode
FN:38,sign
FN:70,verify
FNF:4
FNH:4
FNDA:40,base64urlEncode
FNDA:84,base64urlDecode
FNDA:20,sign
FNDA:87,verify
DA:1,10
DA:8,10
DA:9,10
DA:10,0
DA:17,40
DA:28,84
DA:29,84
DA:39,20
DA:44,20
DA:45,20
DA:51,20
DA:52,20
DA:54,20
DA:62,20
DA:71,87
DA:72,87
DA:73,86
DA:74,1
DA:77,85
DA:80,85
DA:88,85
DA:89,1
DA:93,84
DA:96,84
DA:97,84
DA:98,1
DA:101,83
DA:103,1
DA:107,10
LF:29
LH:28
BRDA:9,0,0,0
BRDA:9,0,1,10
BRDA:38,1,0,16
BRDA:73,2,0,1
BRDA:73,2,1,85
BRDA:88,3,0,1
BRDA:88,3,1,84
BRDA:97,4,0,1
BRDA:97,4,1,83
BRDA:97,5,0,84
BRDA:97,5,1,65
BRF:11
BRH:10
end_of_record
TN:
SF:src/middleware/requireRole.js
FN:10,normalizeRole
FN:19,extractToken
FN:25,requireRole
FN:28,(anonymous_3)
FN:51,(anonymous_4)
FNF:5
FNH:5
FNDA:118,normalizeRole
FNDA:92,extractToken
FNDA:95,requireRole
FNDA:92,(anonymous_3)
FNDA:88,(anonymous_4)
DA:1,10
DA:3,10
DA:11,118
DA:12,118
DA:13,118
DA:14,359
DA:16,0
DA:20,92
DA:21,92
DA:22,82
DA:26,95
DA:28,95
DA:29,92
DA:30,92
DA:31,10
DA:34,82
DA:35,82
DA:36,0
DA:39,82
DA:40,82
DA:42,82
DA:43,0
DA:51,88
DA:53,82
DA:54,8
DA:62,74
DA:63,74
DA:67,10
DA:68,10
DA:69,10
DA:70,10
DA:72,10
LF:32
LH:29
BRDA:11,0,0,0
BRDA:11,0,1,118
BRDA:14,1,0,118
BRDA:14,1,1,241
BRDA:21,2,0,10
BRDA:21,2,1,82
BRDA:21,3,0,92
BRDA:21,3,1,82
BRDA:26,4,0,71
BRDA:26,4,1,24
BRDA:30,5,0,10
BRDA:30,5,1,82
BRDA:35,6,0,0
BRDA:35,6,1,82
BRDA:42,7,0,0
BRDA:42,7,1,82
BRDA:53,8,0,8
BRDA:53,8,1,74
BRF:18
BRH:15
end_of_record
TN:
SF:src/models/habit.js
FN:27,(anonymous_0)
FN:40,(anonymous_1)
FN:51,(anonymous_2)
FN:82,(anonymous_3)
FNF:4
FNH:4
FNDA:7,(anonymous_0)
FNDA:23,(anonymous_1)
FNDA:7,(anonymous_2)
FNDA:7,(anonymous_3)
DA:24,7
DA:28,7
DA:29,7
DA:30,7
DA:31,7
DA:32,7
DA:33,7
DA:34,7
DA:35,7
DA:36,7
DA:37,7
DA:41,23
DA:42,23
DA:43,23
DA:44,3
DA:45,23
DA:46,23
DA:47,23
DA:52,7
DA:53,7
DA:55,7
DA:56,6
DA:57,1
DA:58,1
DA:60,1
DA:62,1
DA:63,0
DA:65,0
DA:68,0
DA:72,5
DA:74,6
DA:77,1
DA:78,1
DA:83,7
DA:91,7
LF:35
LH:32
BRDA:27,0,0,0
BRDA:28,1,0,7
BRDA:28,1,1,7
BRDA:29,2,0,7
BRDA:29,2,1,0
BRDA:30,3,0,7
BRDA:30,3,1,0
BRDA:31,4,0,7
BRDA:31,4,1,7
BRDA:32,5,0,7
BRDA:32,5,1,7
BRDA:33,6,0,7
BRDA:33,6,1,7
BRDA:34,7,0,7
BRDA:34,7,1,7
BRDA:35,8,0,7
BRDA:35,8,1,7
BRDA:36,9,0,7
BRDA:36,9,1,7
BRDA:37,10,0,7
BRDA:37,10,1,7
BRDA:42,11,0,20
BRDA:42,11,1,3
BRDA:43,12,0,20
BRDA:43,12,1,3
BRDA:44,13,0,0
BRDA:44,13,1,3
BRDA:45,14,0,19
BRDA:45,14,1,4
BRDA:46,15,0,20
BRDA:46,15,1,3
BRDA:51,16,0,5
BRDA:55,17,0,6
BRDA:55,17,1,1
BRDA:56,18,0,1
BRDA:56,18,1,5
BRDA:60,19,0,1
BRDA:60,19,1,0
BRDA:62,20,0,1
BRDA:62,20,1,0
BRDA:63,21,0,0
BRDA:63,21,1,0
BRDA:68,22,0,0
BRDA:68,22,1,0
BRF:44
BRH:34
end_of_record
TN:
SF:src/models/kpi.js
FN:8,(anonymous_0)
FN:26,(anonymous_1)
FN:33,(anonymous_2)
FN:60,(anonymous_3)
FNF:4
FNH:4
FNDA:3,(anonymous_0)
FNDA:2,(anonymous_1)
FNDA:7,(anonymous_2)
FNDA:9,(anonymous_3)
DA:1,7
DA:9,3
DA:10,3
DA:11,3
DA:14,3
DA:15,3
DA:16,3
DA:19,3
DA:20,3
DA:21,3
DA:23,3
DA:27,2
DA:34,7
DA:35,7
DA:37,7
DA:38,7
DA:39,7
DA:41,7
DA:47,0
DA:49,0
DA:61,9
DA:63,8
DA:65,8
DA:66,2
DA:69,6
DA:70,4
DA:71,2
DA:75,7
LF:28
LH:26
BRDA:8,0,0,0
BRDA:9,1,0,3
BRDA:9,1,1,3
BRDA:10,2,0,3
BRDA:10,2,1,0
BRDA:11,3,0,3
BRDA:11,3,1,2
BRDA:14,4,0,3
BRDA:14,4,1,0
BRDA:15,5,0,3
BRDA:15,5,1,1
BRDA:16,6,0,3
BRDA:16,6,1,1
BRDA:19,7,0,3
BRDA:19,7,1,3
BRDA:20,8,0,3
BRDA:20,8,1,3
BRDA:21,9,0,3
BRDA:21,9,1,3
BRDA:23,10,0,3
BRDA:23,10,1,3
BRDA:60,11,0,7
BRDA:61,12,0,1
BRDA:61,12,1,8
BRDA:61,13,0,9
BRDA:61,13,1,8
BRDA:65,14,0,2
BRDA:65,14,1,6
BRDA:66,15,0,1
BRDA:66,15,1,1
BRDA:69,16,0,2
BRDA:69,16,1,4
BRDA:70,17,0,2
BRDA:70,17,1,2
BRF:34
BRH:31
end_of_record
TN:
SF:src/models/lead.js
FN:24,uid
FN:28,isoNow
FN:33,(anonymous_2)
FN:64,(anonymous_3)
FN:65,(anonymous_4)
FN:66,(anonymous_5)
FN:67,(anonymous_6)
FN:69,(anonymous_7)
FN:70,(anonymous_8)
FN:71,(anonymous_9)
FN:72,(anonymous_10)
FN:76,(anonymous_11)
FN:79,(anonymous_12)
FN:86,(anonymous_13)
FN:110,(anonymous_14)
FN:126,(anonymous_15)
FN:137,(anonymous_16)
FN:168,(anonymous_17)
FN:172,(anonymous_18)
FN:221,(anonymous_19)
FN:222,(anonymous_20)
FNF:21
FNH:18
FNDA:180,uid
FNDA:362,isoNow
FNDA:180,(anonymous_2)
FNDA:180,(anonymous_3)
FNDA:180,(anonymous_4)
FNDA:180,(anonymous_5)
FNDA:12,(anonymous_6)
FNDA:130,(anonymous_7)
FNDA:130,(anonymous_8)
FNDA:130,(anonymous_9)
FNDA:86,(anonymous_10)
FNDA:0,(anonymous_11)
FNDA:0,(anonymous_12)
FNDA:218,(anonymous_13)
FNDA:86,(anonymous_14)
FNDA:1,(anonymous_15)
FNDA:1,(anonymous_16)
FNDA:16,(anonymous_17)
FNDA:176,(anonymous_18)
FNDA:65,(anonymous_19)
FNDA:0,(anonymous_20)
DA:9,19
DA:10,19
DA:12,19
DA:13,19
DA:14,19
DA:21,19
DA:22,19
DA:25,180
DA:29,362
DA:34,180
DA:35,180
DA:36,180
DA:39,180
DA:40,180
DA:41,180
DA:42,180
DA:43,180
DA:44,180
DA:45,180
DA:46,180
DA:47,180
DA:48,180
DA:50,180
DA:51,180
DA:52,180
DA:53,180
DA:55,180
DA:56,180
DA:57,180
DA:58,180
DA:59,180
DA:64,180
DA:65,180
DA:66,180
DA:67,12
DA:69,130
DA:70,130
DA:71,130
DA:72,86
DA:77,0
DA:80,0
DA:87,218
DA:111,86
DA:127,1
DA:128,1
DA:129,1
DA:131,0
DA:132,0
DA:134,1
DA:138,1
DA:139,1
DA:141,1
DA:142,1
DA:143,1
DA:144,1
DA:147,1
DA:156,1
DA:157,1
DA:163,19
DA:164,19
DA:166,19
DA:168,19
DA:169,16
DA:172,11
DA:173,176
DA:174,176
DA:175,176
DA:179,11
DA:180,11
DA:181,11
DA:183,11
DA:211,11
DA:214,19
DA:221,65
DA:222,0
LF:75
LH:70
BRDA:33,0,0,0
BRDA:34,1,0,180
BRDA:34,1,1,180
BRDA:35,2,0,180
BRDA:35,2,1,48
BRDA:36,3,0,180
BRDA:36,3,1,0
BRDA:39,4,0,167
BRDA:39,4,1,13
BRDA:40,5,0,180
BRDA:40,5,1,180
BRDA:41,6,0,180
BRDA:41,6,1,147
BRDA:42,7,0,180
BRDA:42,7,1,158
BRDA:43,8,0,180
BRDA:43,8,1,169
BRDA:44,9,0,180
BRDA:44,9,1,180
BRDA:45,10,0,180
BRDA:45,10,1,180
BRDA:46,11,0,180
BRDA:46,11,1,180
BRDA:47,12,0,180
BRDA:47,12,1,180
BRDA:48,13,0,180
BRDA:48,13,1,158
BRDA:50,14,0,180
BRDA:50,14,1,180
BRDA:51,15,0,180
BRDA:51,15,1,180
BRDA:52,16,0,180
BRDA:52,16,1,180
BRDA:53,17,0,180
BRDA:53,17,1,180
BRDA:55,18,0,180
BRDA:55,18,1,0
BRDA:55,19,0,180
BRDA:55,19,1,180
BRDA:56,20,0,180
BRDA:56,20,1,0
BRDA:56,21,0,180
BRDA:56,21,1,180
BRDA:57,22,0,180
BRDA:57,22,1,0
BRDA:57,23,0,180
BRDA:57,23,1,180
BRDA:58,24,0,11
BRDA:58,24,1,169
BRDA:58,25,0,180
BRDA:58,25,1,11
BRDA:59,26,0,0
BRDA:59,26,1,180
BRDA:59,27,0,180
BRDA:59,27,1,0
BRDA:67,28,0,12
BRDA:67,28,1,0
BRDA:69,29,0,130
BRDA:69,29,1,0
BRDA:70,30,0,130
BRDA:70,30,1,0
BRDA:71,31,0,130
BRDA:71,31,1,0
BRDA:72,32,0,6
BRDA:72,32,1,80
BRDA:126,33,0,0
BRDA:127,34,0,0
BRDA:127,34,1,1
BRDA:128,35,0,0
BRDA:128,35,1,1
BRDA:129,36,0,0
BRDA:129,36,1,1
BRDA:131,37,0,0
BRDA:131,37,1,0
BRDA:131,38,0,0
BRDA:131,38,1,0
BRDA:139,39,0,0
BRDA:139,39,1,1
BRDA:139,40,0,0
BRDA:139,40,1,0
BRDA:156,41,0,1
BRDA:156,41,1,0
BRDA:169,42,0,5
BRDA:169,42,1,11
BRDA:181,43,0,11
BRDA:181,43,1,0
BRDA:196,44,0,11
BRDA:196,44,1,0
BRDA:197,45,0,11
BRDA:197,45,1,0
BRDA:207,46,0,11
BRDA:207,46,1,0
BRDA:208,47,0,11
BRDA:208,47,1,11
BRF:94
BRH:67
end_of_record
TN:
SF:src/models/member.js
FN:22,getStore
FN:26,initStore
FN:31,(anonymous_2)
FN:62,(anonymous_3)
FN:69,(anonymous_4)
FN:79,(anonymous_5)
FN:90,(anonymous_6)
FN:98,(anonymous_7)
FN:109,(anonymous_8)
FN:114,(anonymous_9)
FN:131,(anonymous_10)
FN:156,(anonymous_11)
FNF:12
FNH:11
FNDA:16,getStore
FNDA:12,initStore
FNDA:126,(anonymous_2)
FNDA:7,(anonymous_3)
FNDA:0,(anonymous_4)
FNDA:121,(anonymous_5)
FNDA:7,(anonymous_6)
FNDA:120,(anonymous_7)
FNDA:7,(anonymous_8)
FNDA:6,(anonymous_9)
FNDA:23,(anonymous_10)
FNDA:29,(anonymous_11)
DA:1,15
DA:2,15
DA:17,15
DA:20,15
DA:23,16
DA:27,12
DA:32,126
DA:33,126
DA:36,126
DA:37,126
DA:39,126
DA:40,126
DA:41,126
DA:42,126
DA:43,126
DA:44,126
DA:45,126
DA:46,126
DA:47,126
DA:48,126
DA:51,126
DA:52,121
DA:54,126
DA:55,120
DA:63,7
DA:70,0
DA:71,0
DA:73,0
DA:80,121
DA:81,0
DA:83,121
DA:91,7
DA:92,7
DA:99,120
DA:100,0
DA:102,120
DA:110,7
DA:111,6
DA:115,6
DA:117,6
DA:118,6
DA:119,6
DA:122,6
DA:123,6
DA:125,6
DA:132,23
DA:133,23
DA:134,23
DA:135,23
DA:138,23
DA:157,29
DA:194,29
DA:198,15
LF:53
LH:48
BRDA:31,0,0,5
BRDA:32,1,0,126
BRDA:32,1,1,10
BRDA:33,2,0,126
BRDA:33,2,1,5
BRDA:36,3,0,126
BRDA:36,3,1,126
BRDA:37,4,0,126
BRDA:37,4,1,126
BRDA:39,5,0,126
BRDA:39,5,1,126
BRDA:40,6,0,126
BRDA:40,6,1,8
BRDA:41,7,0,126
BRDA:41,7,1,8
BRDA:42,8,0,126
BRDA:42,8,1,67
BRDA:43,9,0,126
BRDA:43,9,1,126
BRDA:44,10,0,126
BRDA:44,10,1,126
BRDA:45,11,0,126
BRDA:45,11,1,126
BRDA:46,12,0,126
BRDA:46,12,1,126
BRDA:47,13,0,126
BRDA:47,13,1,126
BRDA:48,14,0,126
BRDA:48,14,1,126
BRDA:51,15,0,121
BRDA:51,15,1,5
BRDA:51,16,0,126
BRDA:51,16,1,121
BRDA:54,17,0,120
BRDA:54,17,1,6
BRDA:54,18,0,126
BRDA:54,18,1,120
BRDA:70,19,0,0
BRDA:70,19,1,0
BRDA:80,20,0,0
BRDA:80,20,1,121
BRDA:91,21,0,0
BRDA:91,21,1,7
BRDA:92,22,0,7
BRDA:92,22,1,0
BRDA:99,23,0,0
BRDA:99,23,1,120
BRDA:110,24,0,1
BRDA:110,24,1,6
BRDA:111,25,0,6
BRDA:111,25,1,0
BRF:51
BRH:44
end_of_record
TN:
SF:src/models/order.js
FN:14,uid
FN:18,isoNow
FN:22,formatVND
FN:27,(anonymous_3)
FN:57,(anonymous_4)
FN:61,(anonymous_5)
FN:65,(anonymous_6)
FN:71,(anonymous_7)
FN:79,(anonymous_8)
FN:98,(anonymous_9)
FN:125,(anonymous_10)
FN:155,(anonymous_11)
FN:167,(anonymous_12)
FN:170,(anonymous_13)
FN:253,markPaid
FN:281,allOrders
FN:286,findById
FN:287,(anonymous_17)
FN:290,findByLeadId
FN:291,(anonymous_19)
FN:294,createOrder
FN:301,updateOrder
FN:302,(anonymous_22)
FN:311,deleteOrder
FN:312,(anonymous_24)
FN:332,(anonymous_25)
FN:333,(anonymous_26)
FNF:27
FNH:7
FNDA:44,uid
FNDA:88,isoNow
FNDA:0,formatVND
FNDA:44,(anonymous_3)
FNDA:0,(anonymous_4)
FNDA:0,(anonymous_5)
FNDA:0,(anonymous_6)
FNDA:0,(anonymous_7)
FNDA:0,(anonymous_8)
FNDA:0,(anonymous_9)
FNDA:0,(anonymous_10)
FNDA:0,(anonymous_11)
FNDA:14,(anonymous_12)
FNDA:44,(anonymous_13)
FNDA:0,markPaid
FNDA:9,allOrders
FNDA:0,findById
FNDA:0,(anonymous_17)
FNDA:0,findByLeadId
FNDA:0,(anonymous_19)
FNDA:0,createOrder
FNDA:0,updateOrder
FNDA:0,(anonymous_22)
FNDA:0,deleteOrder
FNDA:0,(anonymous_24)
FNDA:0,(anonymous_25)
FNDA:5,(anonymous_26)
DA:6,11
DA:8,11
DA:9,11
DA:10,11
DA:11,11
DA:12,11
DA:15,44
DA:19,88
DA:23,0
DA:28,44
DA:29,44
DA:30,44
DA:31,44
DA:32,44
DA:33,44
DA:34,44
DA:35,44
DA:36,44
DA:37,44
DA:38,44
DA:39,44
DA:40,44
DA:41,44
DA:42,44
DA:43,44
DA:44,44
DA:45,44
DA:46,44
DA:47,44
DA:48,44
DA:49,44
DA:50,44
DA:51,44
DA:52,44
DA:58,0
DA:62,0
DA:66,0
DA:72,0
DA:73,0
DA:74,0
DA:80,0
DA:81,0
DA:84,0
DA:93,0
DA:99,0
DA:100,0
DA:102,0
DA:103,0
DA:104,0
DA:107,0
DA:108,0
DA:109,0
DA:112,0
DA:119,0
DA:120,0
DA:126,0
DA:156,0
DA:162,11
DA:163,11
DA:165,11
DA:167,11
DA:168,14
DA:170,11
DA:171,44
DA:172,44
DA:173,44
DA:177,11
DA:178,11
DA:180,11
DA:247,11
DA:254,0
DA:255,0
DA:256,0
DA:257,0
DA:258,0
DA:260,0
DA:261,0
DA:262,0
DA:265,0
DA:266,0
DA:267,0
DA:275,0
DA:276,0
DA:277,0
DA:278,0
DA:282,9
DA:283,9
DA:287,0
DA:291,0
DA:295,0
DA:296,0
DA:297,0
DA:298,0
DA:302,0
DA:303,0
DA:304,0
DA:305,0
DA:306,0
DA:307,0
DA:308,0
DA:312,0
DA:313,0
DA:314,0
DA:315,0
DA:318,11
DA:332,0
DA:333,5
LF:107
LH:50
BRDA:27,0,0,0
BRDA:28,1,0,44
BRDA:28,1,1,44
BRDA:29,2,0,44
BRDA:29,2,1,0
BRDA:30,3,0,44
BRDA:30,3,1,0
BRDA:31,4,0,44
BRDA:31,4,1,0
BRDA:32,5,0,44
BRDA:32,5,1,0
BRDA:33,6,0,44
BRDA:33,6,1,44
BRDA:34,7,0,44
BRDA:34,7,1,0
BRDA:35,8,0,44
BRDA:35,8,1,0
BRDA:36,9,0,44
BRDA:36,9,1,0
BRDA:37,10,0,44
BRDA:37,10,1,0
BRDA:38,11,0,44
BRDA:38,11,1,44
BRDA:39,12,0,44
BRDA:39,12,1,0
BRDA:40,13,0,44
BRDA:40,13,1,0
BRDA:41,14,0,44
BRDA:41,14,1,0
BRDA:42,15,0,44
BRDA:42,15,1,0
BRDA:43,16,0,44
BRDA:43,16,1,44
BRDA:44,17,0,44
BRDA:44,17,1,0
BRDA:45,18,0,44
BRDA:45,18,1,44
BRDA:46,19,0,44
BRDA:46,19,1,0
BRDA:47,20,0,44
BRDA:47,20,1,44
BRDA:48,21,0,44
BRDA:48,21,1,44
BRDA:49,22,0,44
BRDA:49,22,1,44
BRDA:50,23,0,44
BRDA:50,23,1,44
BRDA:51,24,0,44
BRDA:51,24,1,44
BRDA:52,25,0,44
BRDA:52,25,1,44
BRDA:80,26,0,0
BRDA:80,26,1,0
BRDA:81,27,0,0
BRDA:81,27,1,0
BRDA:93,28,0,0
BRDA:93,28,1,0
BRDA:100,29,0,0
BRDA:100,29,1,0
BRDA:107,30,0,0
BRDA:107,30,1,0
BRDA:108,31,0,0
BRDA:108,31,1,0
BRDA:109,32,0,0
BRDA:109,32,1,0
BRDA:119,33,0,0
BRDA:119,33,1,0
BRDA:168,34,0,3
BRDA:168,34,1,11
BRDA:183,35,0,11
BRDA:183,35,1,0
BRDA:184,36,0,11
BRDA:184,36,1,0
BRDA:185,37,0,11
BRDA:185,37,1,0
BRDA:199,38,0,11
BRDA:199,38,1,0
BRDA:200,39,0,11
BRDA:200,39,1,0
BRDA:201,40,0,11
BRDA:201,40,1,0
BRDA:215,41,0,11
BRDA:215,41,1,0
BRDA:216,42,0,11
BRDA:216,42,1,0
BRDA:217,43,0,11
BRDA:217,43,1,0
BRDA:231,44,0,11
BRDA:231,44,1,0
BRDA:232,45,0,11
BRDA:232,45,1,0
BRDA:233,46,0,11
BRDA:233,46,1,0
BRDA:255,47,0,0
BRDA:255,47,1,0
BRDA:256,48,0,0
BRDA:256,48,1,0
BRDA:257,49,0,0
BRDA:257,49,1,0
BRDA:257,50,0,0
BRDA:257,50,1,0
BRDA:261,51,0,0
BRDA:261,51,1,0
BRDA:262,52,0,0
BRDA:262,52,1,0
BRDA:272,53,0,0
BRDA:272,53,1,0
BRDA:275,54,0,0
BRDA:275,54,1,0
BRDA:287,55,0,0
BRDA:287,55,1,0
BRDA:303,56,0,0
BRDA:303,56,1,0
BRDA:313,57,0,0
BRDA:313,57,1,0
BRF:115
BRH:50
end_of_record
TN:
SF:src/models/psn.js
FN:2,(anonymous_0)
FN:11,(anonymous_1)
FN:13,(anonymous_2)
FN:17,(anonymous_3)
FNF:4
FNH:4
FNDA:6,(anonymous_0)
FNDA:2,(anonymous_1)
FNDA:2,(anonymous_2)
FNDA:1,(anonymous_3)
DA:3,6
DA:4,6
DA:5,6
DA:6,6
DA:7,6
DA:8,6
DA:11,2
DA:14,2
DA:18,1
DA:22,1
LF:10
LH:10
BRDA:2,0,0,1
BRDA:3,1,0,6
BRDA:3,1,1,1
BRDA:4,2,0,6
BRDA:4,2,1,1
BRDA:5,3,0,6
BRDA:5,3,1,4
BRDA:6,4,0,6
BRDA:6,4,1,3
BRDA:7,5,0,6
BRDA:7,5,1,6
BRDA:8,6,0,6
BRDA:8,6,1,6
BRDA:14,7,0,1
BRDA:14,7,1,1
BRF:15
BRH:15
end_of_record
TN:
SF:src/utils/auditLog.js
FN:27,logPIIAccess
FN:60,getAuditLogs
FN:64,(anonymous_2)
FN:68,(anonymous_3)
FN:72,(anonymous_4)
FN:76,(anonymous_5)
FN:80,(anonymous_6)
FN:84,(anonymous_7)
FN:92,isPIIField
FN:101,extractPIIFields
FN:104,(anonymous_10)
FNF:11
FNH:8
FNDA:9,logPIIAccess
FNDA:6,getAuditLogs
FNDA:7,(anonymous_2)
FNDA:0,(anonymous_3)
FNDA:5,(anonymous_4)
FNDA:0,(anonymous_5)
FNDA:0,(anonymous_6)
FNDA:1,(anonymous_7)
FNDA:21,isPIIField
FNDA:5,extractPIIFields
FNDA:16,(anonymous_10)
DA:1,7
DA:8,7
DA:13,7
DA:28,9
DA:42,9
DA:45,9
DA:47,9
DA:61,6
DA:63,6
DA:64,7
DA:67,6
DA:68,0
DA:71,6
DA:72,5
DA:75,6
DA:76,0
DA:79,6
DA:80,0
DA:84,6
DA:93,21
DA:102,5
DA:104,16
DA:107,7
LF:23
LH:20
BRDA:37,0,0,9
BRDA:37,0,1,4
BRDA:38,1,0,9
BRDA:38,1,1,9
BRDA:60,2,0,2
BRDA:63,3,0,2
BRDA:63,3,1,4
BRDA:67,4,0,0
BRDA:67,4,1,6
BRDA:71,5,0,2
BRDA:71,5,1,4
BRDA:75,6,0,0
BRDA:75,6,1,6
BRDA:79,7,0,0
BRDA:79,7,1,6
BRDA:102,8,0,2
BRDA:102,8,1,3
BRDA:102,9,0,5
BRDA:102,9,1,4
BRF:19
BRH:16
end_of_record
TN:
SF:src/utils/encryption.js
FN:22,encrypt
FN:40,decrypt
FN:67,isEncrypted
FNF:3
FNH:3
FNDA:795,encrypt
FNDA:411,decrypt
FNDA:1,isEncrypted
DA:1,23
DA:8,23
DA:9,23
DA:10,23
DA:11,0
DA:15,23
DA:23,795
DA:25,794
DA:26,794
DA:28,794
DA:29,794
DA:32,794
DA:41,411
DA:43,410
DA:44,410
DA:45,410
DA:47,410
DA:48,410
DA:50,410
DA:52,410
DA:53,410
DA:55,410
DA:57,0
DA:58,0
DA:68,1
DA:70,1
DA:71,1
DA:76,23
LF:28
LH:25
BRDA:10,0,0,0
BRDA:10,0,1,23
BRDA:23,1,0,1
BRDA:23,1,1,794
BRDA:41,2,0,1
BRDA:41,2,1,410
BRDA:45,3,0,0
BRDA:45,3,1,410
BRDA:68,4,0,0
BRDA:68,4,1,1
BRDA:68,5,0,1
BRDA:68,5,1,1
BRDA:71,6,0,1
BRDA:71,6,1,1
BRDA:71,6,2,1
BRF:15
BRH:12
end_of_record
TN:
SF:src/utils/monitoring.js
FN:20,(anonymous_0)
FN:25,(anonymous_1)
FN:48,(anonymous_2)
FN:61,(anonymous_3)
FN:65,(anonymous_4)
FN:67,(anonymous_5)
FN:68,(anonymous_6)
FN:86,errorMiddleware
FN:109,triggerZaloAlert
FN:130,getHealthStatus
FN:140,(anonymous_10)
FN:156,notFoundMiddleware
FNF:12
FNH:10
FNDA:6,(anonymous_0)
FNDA:1,(anonymous_1)
FNDA:2,(anonymous_2)
FNDA:1,(anonymous_3)
FNDA:1,(anonymous_4)
FNDA:2,(anonymous_5)
FNDA:2,(anonymous_6)
FNDA:0,errorMiddleware
FNDA:0,triggerZaloAlert
FNDA:4,getHealthStatus
FNDA:24,(anonymous_10)
FNDA:1,notFoundMiddleware
DA:11,6
DA:14,6
DA:21,6
DA:22,6
DA:26,1
DA:38,1
DA:40,1
DA:42,0
DA:45,1
DA:49,2
DA:57,2
DA:58,2
DA:62,1
DA:66,1
DA:67,2
DA:68,2
DA:70,1
DA:71,1
DA:72,2
DA:73,2
DA:76,1
DA:81,6
DA:87,0
DA:95,0
DA:96,0
DA:99,0
DA:110,0
DA:111,0
DA:113,0
DA:123,0
DA:124,0
DA:131,4
DA:140,24
DA:142,4
DA:157,1
DA:158,1
DA:165,6
LF:37
LH:27
BRDA:25,0,0,0
BRDA:35,1,0,1
BRDA:35,1,1,0
BRDA:40,2,0,0
BRDA:40,2,1,1
BRDA:48,3,0,0
BRDA:48,4,0,1
BRDA:61,5,0,0
BRDA:68,6,0,2
BRDA:68,6,1,1
BRDA:72,7,0,1
BRDA:72,7,1,1
BRDA:72,8,0,1
BRDA:72,8,1,0
BRDA:73,9,0,2
BRDA:73,9,1,2
BRDA:95,10,0,0
BRDA:95,10,1,0
BRDA:95,11,0,0
BRDA:95,11,1,0
BRDA:99,12,0,0
BRDA:99,12,1,0
BRDA:100,13,0,0
BRDA:100,13,1,0
BRDA:101,14,0,0
BRDA:101,14,1,0
BRDA:111,15,0,0
BRDA:111,15,1,0
BRDA:134,16,0,0
BRDA:134,16,1,4
BRDA:140,17,0,24
BRDA:140,17,1,4
BRDA:143,18,0,4
BRDA:143,18,1,0
BRF:34
BRH:14
end_of_record
