TN:
SF:src/api/alerts.js
FN:18,(anonymous_0)
FN:23,(anonymous_1)
FN:34,(anonymous_2)
FN:39,(anonymous_3)
FNF:4
FNH:4
FNDA:1,(anonymous_0)
FNDA:2,(anonymous_1)
FNDA:6,(anonymous_2)
FNDA:1,(anonymous_3)
DA:1,9
DA:2,9
DA:3,9
DA:6,9
DA:15,9
DA:18,9
DA:19,1
DA:23,9
DA:24,2
DA:25,2
DA:27,2
DA:28,2
DA:29,2
DA:30,2
DA:31,2
DA:32,2
DA:34,6
DA:35,2
DA:39,9
DA:40,1
DA:43,9
LF:21
LH:21
BRDA:27,0,0,1
BRDA:27,0,1,1
BRDA:28,1,0,1
BRDA:28,1,1,1
BRDA:29,2,0,1
BRDA:29,2,1,1
BRDA:30,3,0,1
BRDA:30,3,1,1
BRDA:31,4,0,1
BRDA:31,4,1,1
BRDA:32,5,0,1
BRDA:32,5,1,1
BRF:12
BRH:12
end_of_record
TN:
SF:src/api/analytics-funnel.js
FN:21,(anonymous_0)
FN:23,visibleLeadScope
FN:30,(anonymous_2)
FN:33,daysBetween
FN:42,(anonymous_4)
FN:46,(anonymous_5)
FN:47,(anonymous_6)
FN:64,(anonymous_7)
FN:68,(anonymous_8)
FN:71,(anonymous_9)
FN:73,(anonymous_10)
FN:84,(anonymous_11)
FN:90,(anonymous_12)
FN:91,(anonymous_13)
FN:93,(anonymous_14)
FN:94,(anonymous_15)
FN:95,(anonymous_16)
FN:100,(anonymous_17)
FN:101,(anonymous_18)
FN:103,(anonymous_19)
FN:110,(anonymous_20)
FN:111,(anonymous_21)
FN:116,(anonymous_22)
FN:118,(anonymous_23)
FN:119,(anonymous_24)
FN:134,(anonymous_25)
FN:139,(anonymous_26)
FN:151,(anonymous_27)
FNF:28
FNH:12
FNDA:14,(anonymous_0)
FNDA:14,visibleLeadScope
FNDA:0,(anonymous_2)
FNDA:0,daysBetween
FNDA:6,(anonymous_4)
FNDA:30,(anonymous_5)
FNDA:0,(anonymous_6)
FNDA:30,(anonymous_7)
FNDA:30,(anonymous_8)
FNDA:120,(anonymous_9)
FNDA:24,(anonymous_10)
FNDA:6,(anonymous_11)
FNDA:30,(anonymous_12)
FNDA:0,(anonymous_13)
FNDA:0,(anonymous_14)
FNDA:0,(anonymous_15)
FNDA:0,(anonymous_16)
FNDA:30,(anonymous_17)
FNDA:0,(anonymous_18)
FNDA:0,(anonymous_19)
FNDA:0,(anonymous_20)
FNDA:0,(anonymous_21)
FNDA:0,(anonymous_22)
FNDA:0,(anonymous_23)
FNDA:0,(anonymous_24)
FNDA:2,(anonymous_25)
FNDA:0,(anonymous_26)
FNDA:0,(anonymous_27)
DA:10,8
DA:11,8
DA:12,8
DA:13,8
DA:14,8
DA:15,8
DA:21,14
DA:24,14
DA:25,14
DA:26,14
DA:27,14
DA:28,14
DA:29,3
DA:30,0
DA:34,0
DA:35,0
DA:42,8
DA:43,6
DA:46,6
DA:47,30
DA:48,30
DA:52,6
DA:53,6
DA:54,24
DA:55,24
DA:56,24
DA:64,30
DA:67,6
DA:68,6
DA:69,30
DA:71,120
DA:72,30
DA:73,30
DA:74,30
DA:77,6
DA:84,8
DA:85,6
DA:86,6
DA:87,6
DA:90,6
DA:91,30
DA:92,30
DA:93,0
DA:94,0
DA:95,30
DA:96,30
DA:100,6
DA:101,30
DA:102,30
DA:103,0
DA:104,0
DA:108,6
DA:109,6
DA:110,0
DA:112,0
DA:115,6
DA:116,0
DA:119,0
DA:120,0
DA:127,6
DA:134,8
DA:135,2
DA:136,2
DA:138,2
DA:139,2
DA:140,0
DA:141,0
DA:151,0
DA:154,2
DA:155,2
DA:156,2
DA:157,2
DA:160,8
LF:73
LH:58
BRDA:26,0,0,0
BRDA:26,0,1,14
BRDA:26,1,0,14
BRDA:26,1,1,14
BRDA:27,2,0,14
BRDA:27,2,1,0
BRDA:28,3,0,11
BRDA:28,3,1,3
BRDA:29,4,0,3
BRDA:29,4,1,0
BRDA:34,5,0,0
BRDA:34,5,1,0
BRDA:34,6,0,0
BRDA:34,6,1,0
BRDA:59,7,0,0
BRDA:59,7,1,24
BRDA:71,8,0,120
BRDA:71,8,1,24
BRDA:94,9,0,0
BRDA:94,9,1,0
BRDA:95,10,0,0
BRDA:95,10,1,30
BRDA:102,11,0,30
BRDA:102,11,1,0
BRDA:103,12,0,0
BRDA:103,12,1,0
BRDA:103,12,2,0
BRDA:110,13,0,0
BRDA:110,13,1,0
BRDA:112,14,0,0
BRDA:112,14,1,0
BRDA:122,15,0,0
BRDA:122,15,1,0
BRDA:136,16,0,2
BRDA:136,16,1,0
BRDA:140,17,0,0
BRDA:140,17,1,0
BRDA:143,18,0,0
BRDA:143,18,1,0
BRDA:144,19,0,0
BRDA:144,19,1,0
BRDA:145,20,0,0
BRDA:145,20,1,0
BRDA:148,21,0,0
BRDA:148,21,1,0
BRF:45
BRH:13
end_of_record
TN:
SF:src/api/auth.js
FN:8,hashPassword
FN:14,(anonymous_1)
FN:27,(anonymous_2)
FN:44,(anonymous_3)
FN:55,(anonymous_4)
FN:60,(anonymous_5)
FNF:6
FNH:3
FNDA:3,hashPassword
FNDA:5,(anonymous_1)
FNDA:3,(anonymous_2)
FNDA:0,(anonymous_3)
FNDA:0,(anonymous_4)
FNDA:0,(anonymous_5)
DA:1,9
DA:2,9
DA:3,9
DA:4,9
DA:6,9
DA:9,3
DA:10,3
DA:11,3
DA:14,9
DA:15,5
DA:16,5
DA:17,2
DA:19,3
DA:20,3
DA:21,0
DA:24,3
DA:26,3
DA:27,3
DA:28,3
DA:29,0
DA:31,3
DA:32,3
DA:33,3
DA:35,0
DA:36,0
DA:37,0
DA:41,0
DA:44,9
DA:45,0
DA:46,0
DA:47,0
DA:48,0
DA:49,0
DA:51,0
DA:55,9
DA:56,0
DA:57,0
DA:58,0
DA:59,0
DA:60,0
DA:61,0
DA:64,9
LF:42
LH:24
BRDA:10,0,0,0
BRDA:10,0,1,3
BRDA:16,1,0,2
BRDA:16,1,1,3
BRDA:16,2,0,5
BRDA:16,2,1,4
BRDA:20,3,0,0
BRDA:20,3,1,3
BRDA:26,4,0,3
BRDA:26,4,1,0
BRDA:27,5,0,3
BRDA:27,5,1,3
BRDA:27,5,2,3
BRDA:28,6,0,0
BRDA:28,6,1,3
BRDA:32,7,0,3
BRDA:32,7,1,0
BRDA:46,8,0,0
BRDA:46,8,1,0
BRDA:57,9,0,0
BRDA:57,9,1,0
BRF:21
BRH:12
end_of_record
TN:
SF:src/api/habits.js
FN:9,(anonymous_0)
FN:24,(anonymous_1)
FN:31,(anonymous_2)
FN:60,(anonymous_3)
FN:61,(anonymous_4)
FN:63,(anonymous_5)
FN:79,(anonymous_6)
FN:82,(anonymous_7)
FN:83,(anonymous_8)
FN:84,(anonymous_9)
FN:88,(anonymous_10)
FN:91,(anonymous_11)
FN:92,(anonymous_12)
FN:106,(anonymous_13)
FN:113,(anonymous_14)
FN:115,(anonymous_15)
FN:116,(anonymous_16)
FN:132,(anonymous_17)
FN:135,(anonymous_18)
FN:148,(anonymous_19)
FN:149,(anonymous_20)
FN:150,(anonymous_21)
FN:157,(anonymous_22)
FNF:23
FNH:19
FNDA:13,(anonymous_0)
FNDA:8,(anonymous_1)
FNDA:32,(anonymous_2)
FNDA:17,(anonymous_3)
FNDA:0,(anonymous_4)
FNDA:2,(anonymous_5)
FNDA:4,(anonymous_6)
FNDA:4,(anonymous_7)
FNDA:3,(anonymous_8)
FNDA:6,(anonymous_9)
FNDA:4,(anonymous_10)
FNDA:7,(anonymous_11)
FNDA:0,(anonymous_12)
FNDA:4,(anonymous_13)
FNDA:17,(anonymous_14)
FNDA:17,(anonymous_15)
FNDA:5,(anonymous_16)
FNDA:5,(anonymous_17)
FNDA:20,(anonymous_18)
FNDA:25,(anonymous_19)
FNDA:0,(anonymous_20)
FNDA:0,(anonymous_21)
FNDA:2,(anonymous_22)
DA:1,10
DA:2,10
DA:3,10
DA:6,10
DA:9,10
DA:10,13
DA:11,13
DA:14,13
DA:15,2
DA:17,11
DA:18,2
DA:21,9
DA:24,9
DA:25,9
DA:26,9
DA:27,9
DA:31,9
DA:32,32
DA:34,7
DA:35,7
DA:37,7
DA:38,7
DA:40,7
DA:41,7
DA:43,1
DA:44,1
DA:46,1
DA:47,1
DA:50,9
DA:51,8
DA:52,1
DA:53,1
DA:59,9
DA:60,17
DA:61,0
DA:63,9
DA:64,9
DA:66,9
DA:74,0
DA:79,10
DA:80,4
DA:81,4
DA:82,4
DA:83,4
DA:84,6
DA:88,10
DA:89,4
DA:90,4
DA:91,7
DA:92,0
DA:94,4
DA:95,4
DA:97,4
DA:106,10
DA:107,4
DA:108,4
DA:109,4
DA:110,4
DA:113,17
DA:115,17
DA:117,5
DA:118,5
DA:120,5
DA:125,4
DA:127,0
DA:132,10
DA:133,5
DA:134,5
DA:135,20
DA:136,5
DA:137,5
DA:138,5
DA:140,5
DA:141,5
DA:142,5
DA:143,5
DA:144,5
DA:147,5
DA:148,25
DA:149,0
DA:150,5
DA:151,5
DA:153,5
DA:157,10
DA:159,2
DA:165,2
DA:168,10
LF:87
LH:82
BRDA:14,0,0,2
BRDA:14,0,1,11
BRDA:17,1,0,2
BRDA:17,1,1,9
BRDA:21,2,0,9
BRDA:21,2,1,0
BRDA:24,3,0,8
BRDA:24,3,1,2
BRDA:25,4,0,9
BRDA:25,4,1,0
BRDA:32,5,0,7
BRDA:32,5,1,7
BRDA:32,5,2,7
BRDA:32,5,3,1
BRDA:32,5,4,1
BRDA:32,5,5,9
BRDA:50,6,0,8
BRDA:50,6,1,1
BRDA:50,7,0,9
BRDA:50,7,1,8
BRDA:52,8,0,1
BRDA:52,8,1,0
BRDA:52,9,0,1
BRDA:52,9,1,1
BRDA:52,9,2,1
BRDA:60,10,0,17
BRDA:60,10,1,11
BRDA:82,11,0,2
BRDA:82,11,1,2
BRDA:83,12,0,2
BRDA:83,12,1,2
BRDA:94,13,0,4
BRDA:94,13,1,2
BRDA:108,14,0,2
BRDA:117,15,0,5
BRDA:117,15,1,0
BRDA:117,16,0,5
BRDA:117,16,1,1
BRDA:135,17,0,20
BRDA:135,17,1,0
BRDA:136,18,0,5
BRDA:136,18,1,0
BRDA:140,19,0,1
BRDA:140,19,1,4
BRDA:141,20,0,1
BRDA:141,20,1,4
BRDA:142,21,0,1
BRDA:142,21,1,4
BRDA:143,22,0,1
BRDA:143,22,1,4
BRDA:144,23,0,1
BRDA:144,23,1,4
BRDA:148,24,0,25
BRDA:148,24,1,5
BRF:54
BRH:48
end_of_record
TN:
SF:src/api/kpi.js
FN:14,(anonymous_0)
FN:28,(anonymous_1)
FN:33,(anonymous_2)
FN:34,(anonymous_3)
FN:49,(anonymous_4)
FN:50,(anonymous_5)
FN:51,(anonymous_6)
FN:59,(anonymous_7)
FN:79,(anonymous_8)
FN:97,(anonymous_9)
FN:103,(anonymous_10)
FN:113,(anonymous_11)
FN:122,(anonymous_12)
FN:156,calculateDailyRollup
FN:161,(anonymous_14)
FN:162,(anonymous_15)
FN:163,(anonymous_16)
FN:177,calculateWeeklyRollup
FN:184,(anonymous_18)
FN:190,(anonymous_19)
FN:191,(anonymous_20)
FN:192,(anonymous_21)
FN:196,(anonymous_22)
FN:197,(anonymous_23)
FN:198,(anonymous_24)
FN:209,calculateMonthlyRollup
FN:214,(anonymous_26)
FN:215,(anonymous_27)
FN:216,(anonymous_28)
FN:230,getWeekNumber
FNF:30
FNH:30
FNDA:3,(anonymous_0)
FNDA:3,(anonymous_1)
FNDA:12,(anonymous_2)
FNDA:24,(anonymous_3)
FNDA:3,(anonymous_4)
FNDA:3,(anonymous_5)
FNDA:3,(anonymous_6)
FNDA:9,(anonymous_7)
FNDA:15,(anonymous_8)
FNDA:13,(anonymous_9)
FNDA:52,(anonymous_10)
FNDA:8,(anonymous_11)
FNDA:4,(anonymous_12)
FNDA:4,calculateDailyRollup
FNDA:1,(anonymous_14)
FNDA:1,(anonymous_15)
FNDA:1,(anonymous_16)
FNDA:2,calculateWeeklyRollup
FNDA:1,(anonymous_18)
FNDA:1,(anonymous_19)
FNDA:1,(anonymous_20)
FNDA:1,(anonymous_21)
FNDA:1,(anonymous_22)
FNDA:1,(anonymous_23)
FNDA:1,(anonymous_24)
FNDA:2,calculateMonthlyRollup
FNDA:1,(anonymous_26)
FNDA:1,(anonymous_27)
FNDA:1,(anonymous_28)
FNDA:1,getWeekNumber
DA:1,9
DA:2,9
DA:3,9
DA:4,9
DA:5,9
DA:8,9
DA:9,9
DA:14,9
DA:15,3
DA:16,3
DA:17,3
DA:18,3
DA:20,0
DA:28,9
DA:29,3
DA:30,3
DA:33,3
DA:34,24
DA:35,12
DA:36,12
DA:38,12
DA:39,9
DA:48,3
DA:49,3
DA:50,3
DA:51,3
DA:53,3
DA:59,3
DA:60,9
DA:61,9
DA:65,3
DA:67,3
DA:79,15
DA:81,3
DA:82,3
DA:88,0
DA:89,0
DA:97,9
DA:98,13
DA:99,13
DA:100,13
DA:103,52
DA:104,13
DA:105,3
DA:109,10
DA:110,10
DA:113,10
DA:116,10
DA:117,10
DA:118,10
DA:119,10
DA:122,10
DA:127,10
DA:128,4
DA:129,6
DA:130,2
DA:131,4
DA:132,2
DA:134,2
DA:137,8
DA:147,0
DA:148,0
DA:152,9
DA:157,4
DA:158,3
DA:161,1
DA:162,1
DA:163,1
DA:165,1
DA:171,1
DA:174,1
DA:178,2
DA:179,1
DA:183,1
DA:184,1
DA:185,1
DA:186,1
DA:187,1
DA:190,1
DA:191,1
DA:192,1
DA:193,1
DA:196,1
DA:197,1
DA:198,1
DA:200,1
DA:210,2
DA:211,1
DA:214,1
DA:215,1
DA:216,1
DA:218,1
DA:231,1
DA:232,1
DA:233,1
DA:234,1
DA:235,1
LF:97
LH:92
BRDA:30,0,0,0
BRDA:30,1,0,2
BRDA:36,2,0,12
BRDA:36,2,1,0
BRDA:38,3,0,9
BRDA:38,3,1,3
BRDA:60,4,0,9
BRDA:60,4,1,3
BRDA:81,5,0,3
BRDA:81,5,1,0
BRDA:100,6,0,5
BRDA:100,7,0,11
BRDA:104,8,0,3
BRDA:104,8,1,10
BRDA:110,9,0,10
BRDA:110,9,1,0
BRDA:127,10,0,4
BRDA:127,10,1,6
BRDA:129,11,0,2
BRDA:129,11,1,4
BRDA:131,12,0,2
BRDA:131,12,1,2
BRDA:157,13,0,3
BRDA:157,13,1,1
BRDA:171,14,0,0
BRDA:171,14,1,1
BRDA:172,15,0,0
BRDA:172,15,1,1
BRDA:178,16,0,1
BRDA:178,16,1,1
BRDA:186,17,0,1
BRDA:186,17,1,0
BRDA:204,18,0,1
BRDA:204,18,1,0
BRDA:210,19,0,1
BRDA:210,19,1,1
BRDA:222,20,0,1
BRDA:222,20,1,0
BRDA:232,21,0,1
BRDA:232,21,1,1
BRF:40
BRH:31
end_of_record
TN:
SF:src/api/leads.js
FN:32,allLeads
FN:34,visibleLeadScope
FN:49,(anonymous_2)
FN:52,pluck
FN:56,coerceId
FN:59,(anonymous_5)
FN:69,(anonymous_6)
FN:79,(anonymous_7)
FN:82,(anonymous_8)
FN:85,(anonymous_9)
FN:94,(anonymous_10)
FN:106,(anonymous_11)
FN:108,(anonymous_12)
FN:114,(anonymous_13)
FN:126,(anonymous_14)
FN:144,(anonymous_15)
FN:155,(anonymous_16)
FN:157,(anonymous_17)
FN:162,(anonymous_18)
FN:198,(anonymous_19)
FN:200,(anonymous_20)
FN:205,(anonymous_21)
FN:228,(anonymous_22)
FN:230,(anonymous_23)
FN:235,(anonymous_24)
FN:248,(anonymous_25)
FN:264,(anonymous_26)
FN:272,(anonymous_27)
FN:276,(anonymous_28)
FN:292,(anonymous_29)
FN:300,(anonymous_30)
FN:304,(anonymous_31)
FN:326,(anonymous_32)
FN:334,(anonymous_33)
FN:338,(anonymous_34)
FNF:35
FNH:29
FNDA:50,allLeads
FNDA:23,visibleLeadScope
FNDA:16,(anonymous_2)
FNDA:235,pluck
FNDA:10,coerceId
FNDA:0,(anonymous_5)
FNDA:16,(anonymous_6)
FNDA:16,(anonymous_7)
FNDA:16,(anonymous_8)
FNDA:0,(anonymous_9)
FNDA:226,(anonymous_10)
FNDA:2,(anonymous_11)
FNDA:17,(anonymous_12)
FNDA:1,(anonymous_13)
FNDA:6,(anonymous_14)
FNDA:85,(anonymous_15)
FNDA:1,(anonymous_16)
FNDA:1,(anonymous_17)
FNDA:1,(anonymous_18)
FNDA:2,(anonymous_19)
FNDA:38,(anonymous_20)
FNDA:38,(anonymous_21)
FNDA:1,(anonymous_22)
FNDA:1,(anonymous_23)
FNDA:1,(anonymous_24)
FNDA:0,(anonymous_25)
FNDA:2,(anonymous_26)
FNDA:1,(anonymous_27)
FNDA:1,(anonymous_28)
FNDA:2,(anonymous_29)
FNDA:1,(anonymous_30)
FNDA:1,(anonymous_31)
FNDA:0,(anonymous_32)
FNDA:0,(anonymous_33)
FNDA:0,(anonymous_34)
DA:20,8
DA:21,8
DA:22,8
DA:23,8
DA:24,8
DA:30,8
DA:31,8
DA:32,50
DA:35,23
DA:36,23
DA:38,23
DA:40,23
DA:41,23
DA:43,12
DA:45,11
DA:49,16
DA:53,235
DA:58,10
DA:59,0
DA:60,0
DA:62,10
DA:69,8
DA:70,16
DA:71,16
DA:72,16
DA:73,16
DA:74,16
DA:76,16
DA:78,16
DA:79,16
DA:81,16
DA:82,16
DA:84,16
DA:85,0
DA:88,16
DA:89,16
DA:90,16
DA:91,16
DA:93,16
DA:94,226
DA:106,8
DA:107,2
DA:108,17
DA:110,2
DA:113,1
DA:114,1
DA:115,0
DA:118,1
DA:119,1
DA:126,8
DA:127,6
DA:129,6
DA:130,1
DA:133,5
DA:144,85
DA:146,5
DA:148,5
DA:155,8
DA:156,1
DA:157,1
DA:159,1
DA:161,1
DA:162,1
DA:163,0
DA:166,1
DA:168,1
DA:169,11
DA:170,2
DA:171,1
DA:172,1
DA:173,1
DA:174,0
DA:175,0
DA:176,1
DA:177,1
DA:178,1
DA:179,1
DA:180,0
DA:181,0
DA:182,0
DA:184,0
DA:189,1
DA:190,1
DA:191,1
DA:198,8
DA:199,2
DA:200,38
DA:202,2
DA:204,2
DA:205,38
DA:206,0
DA:209,2
DA:211,2
DA:213,1
DA:214,1
DA:218,1
DA:219,1
DA:220,1
DA:221,1
DA:228,8
DA:229,1
DA:230,1
DA:232,1
DA:234,1
DA:235,1
DA:236,0
DA:239,1
DA:240,1
DA:248,0
DA:257,1
DA:264,8
DA:265,2
DA:266,2
DA:268,2
DA:269,1
DA:272,1
DA:273,1
DA:275,1
DA:276,1
DA:277,0
DA:280,1
DA:281,1
DA:282,1
DA:284,1
DA:285,1
DA:292,8
DA:293,2
DA:294,2
DA:296,2
DA:297,1
DA:300,1
DA:301,1
DA:303,1
DA:304,1
DA:305,0
DA:308,1
DA:309,1
DA:311,0
DA:314,1
DA:315,1
DA:326,8
DA:327,0
DA:328,0
DA:330,0
DA:331,0
DA:334,0
DA:335,0
DA:337,0
DA:338,0
DA:339,0
DA:342,0
DA:343,0
DA:344,0
DA:345,0
DA:347,0
DA:350,8
LF:156
LH:125
BRDA:38,0,0,0
BRDA:38,0,1,23
BRDA:38,1,0,23
BRDA:38,1,1,23
BRDA:40,2,0,23
BRDA:40,2,1,0
BRDA:41,3,0,11
BRDA:41,3,1,12
BRDA:43,4,0,11
BRDA:43,4,1,1
BRDA:53,5,0,103
BRDA:53,5,1,132
BRDA:58,6,0,0
BRDA:58,6,1,10
BRDA:58,7,0,10
BRDA:58,7,1,10
BRDA:60,8,0,0
BRDA:60,8,1,0
BRDA:70,9,0,16
BRDA:70,9,1,15
BRDA:71,10,0,16
BRDA:71,10,1,15
BRDA:78,11,0,1
BRDA:78,11,1,15
BRDA:78,12,0,16
BRDA:78,12,1,1
BRDA:81,13,0,1
BRDA:81,13,1,15
BRDA:81,14,0,16
BRDA:81,14,1,1
BRDA:84,15,0,0
BRDA:84,15,1,16
BRDA:85,16,0,0
BRDA:85,16,1,0
BRDA:85,16,2,0
BRDA:89,17,0,16
BRDA:89,17,1,1
BRDA:91,18,0,16
BRDA:91,18,1,0
BRDA:110,19,0,1
BRDA:110,19,1,1
BRDA:114,20,0,0
BRDA:114,20,1,1
BRDA:118,21,0,1
BRDA:118,21,1,0
BRDA:129,22,0,1
BRDA:129,22,1,5
BRDA:129,23,0,6
BRDA:129,23,1,5
BRDA:137,24,0,5
BRDA:137,24,1,2
BRDA:138,25,0,2
BRDA:138,25,1,3
BRDA:144,26,0,5
BRDA:144,26,1,0
BRDA:144,27,0,85
BRDA:144,27,1,0
BRDA:148,28,0,5
BRDA:148,28,1,0
BRDA:159,29,0,0
BRDA:159,29,1,1
BRDA:162,30,0,0
BRDA:162,30,1,1
BRDA:169,31,0,2
BRDA:169,31,1,9
BRDA:170,32,0,1
BRDA:170,32,1,1
BRDA:173,33,0,0
BRDA:173,33,1,1
BRDA:174,34,0,0
BRDA:174,34,1,0
BRDA:176,35,0,1
BRDA:176,35,1,0
BRDA:177,36,0,0
BRDA:177,36,1,1
BRDA:180,37,0,0
BRDA:180,37,1,0
BRDA:180,38,0,0
BRDA:180,38,1,0
BRDA:190,39,0,1
BRDA:190,39,1,0
BRDA:202,40,0,0
BRDA:202,40,1,2
BRDA:205,41,0,0
BRDA:205,41,1,2
BRDA:209,42,0,2
BRDA:209,42,1,0
BRDA:211,43,0,1
BRDA:211,43,1,1
BRDA:232,44,0,0
BRDA:232,44,1,1
BRDA:235,45,0,0
BRDA:235,45,1,1
BRDA:239,46,0,1
BRDA:239,46,1,1
BRDA:268,47,0,1
BRDA:268,47,1,1
BRDA:273,48,0,0
BRDA:273,48,1,1
BRDA:276,49,0,0
BRDA:276,49,1,1
BRDA:284,50,0,1
BRDA:284,50,1,0
BRDA:296,51,0,1
BRDA:296,51,1,1
BRDA:301,52,0,0
BRDA:301,52,1,1
BRDA:304,53,0,0
BRDA:304,53,1,1
BRDA:314,54,0,1
BRDA:314,54,1,0
BRDA:330,55,0,0
BRDA:330,55,1,0
BRDA:335,56,0,0
BRDA:335,56,1,0
BRDA:338,57,0,0
BRDA:338,57,1,0
BRDA:343,58,0,0
BRDA:343,58,1,0
BRF:119
BRH:73
end_of_record
TN:
SF:src/api/members.js
FN:14,validateMemberData
FN:71,logPIIAccessForMember
FN:92,(anonymous_2)
FN:99,(anonymous_3)
FN:101,(anonymous_4)
FN:116,(anonymous_5)
FN:130,(anonymous_6)
FN:133,(anonymous_7)
FN:134,(anonymous_8)
FN:152,(anonymous_9)
FN:153,(anonymous_10)
FN:169,(anonymous_11)
FN:171,(anonymous_12)
FN:201,(anonymous_13)
FN:203,(anonymous_14)
FN:272,(anonymous_15)
FN:274,(anonymous_16)
FNF:17
FNH:14
FNDA:9,validateMemberData
FNDA:5,logPIIAccessForMember
FNDA:2,(anonymous_2)
FNDA:0,(anonymous_3)
FNDA:0,(anonymous_4)
FNDA:7,(anonymous_5)
FNDA:4,(anonymous_6)
FNDA:4,(anonymous_7)
FNDA:4,(anonymous_8)
FNDA:0,(anonymous_9)
FNDA:22,(anonymous_10)
FNDA:1,(anonymous_11)
FNDA:4,(anonymous_12)
FNDA:3,(anonymous_13)
FNDA:12,(anonymous_14)
FNDA:1,(anonymous_15)
FNDA:4,(anonymous_16)
DA:1,10
DA:2,10
DA:3,10
DA:4,10
DA:5,10
DA:6,10
DA:9,10
DA:12,10
DA:15,9
DA:17,9
DA:18,0
DA:25,9
DA:26,0
DA:33,9
DA:34,1
DA:41,8
DA:42,1
DA:49,7
DA:50,4
DA:51,4
DA:52,1
DA:60,6
DA:61,1
DA:68,5
DA:72,5
DA:73,5
DA:74,3
DA:75,2
DA:76,2
DA:78,5
DA:79,5
DA:92,10
DA:93,2
DA:94,2
DA:95,2
DA:96,2
DA:98,2
DA:99,0
DA:101,2
DA:102,2
DA:108,0
DA:109,0
DA:116,10
DA:117,7
DA:118,7
DA:119,7
DA:121,7
DA:122,2
DA:123,2
DA:124,1
DA:130,4
DA:133,6
DA:134,6
DA:136,6
DA:137,6
DA:138,6
DA:139,0
DA:145,6
DA:146,6
DA:148,6
DA:151,6
DA:152,0
DA:153,22
DA:155,6
DA:161,0
DA:162,0
DA:169,10
DA:170,1
DA:171,4
DA:172,1
DA:173,0
DA:179,1
DA:183,1
DA:184,0
DA:190,1
DA:191,1
DA:193,0
DA:194,0
DA:201,10
DA:202,3
DA:203,12
DA:204,3
DA:205,0
DA:211,3
DA:212,3
DA:213,3
DA:215,3
DA:216,0
DA:222,3
DA:223,3
DA:227,3
DA:228,3
DA:229,8
DA:230,3
DA:234,3
DA:235,1
DA:241,2
DA:242,2
DA:243,2
DA:245,2
DA:246,2
DA:247,2
DA:251,2
DA:252,2
DA:258,0
DA:259,0
DA:260,0
DA:265,0
DA:272,10
DA:273,1
DA:274,4
DA:275,1
DA:276,1
DA:282,0
DA:283,0
DA:284,0
DA:286,0
DA:292,0
DA:293,0
DA:300,10
LF:120
LH:95
BRDA:17,0,0,0
BRDA:17,0,1,9
BRDA:17,1,0,9
BRDA:17,1,1,6
BRDA:25,2,0,0
BRDA:25,2,1,9
BRDA:25,3,0,9
BRDA:25,3,1,8
BRDA:25,3,2,8
BRDA:33,4,0,1
BRDA:33,4,1,8
BRDA:33,5,0,9
BRDA:33,5,1,3
BRDA:41,6,0,1
BRDA:41,6,1,7
BRDA:41,7,0,8
BRDA:41,7,1,3
BRDA:49,8,0,4
BRDA:49,8,1,3
BRDA:51,9,0,1
BRDA:51,9,1,3
BRDA:60,10,0,1
BRDA:60,10,1,5
BRDA:60,11,0,6
BRDA:60,11,1,3
BRDA:60,11,2,3
BRDA:60,11,3,3
BRDA:73,12,0,3
BRDA:73,12,1,2
BRDA:73,13,0,5
BRDA:73,13,1,4
BRDA:73,13,2,2
BRDA:75,14,0,2
BRDA:75,14,1,0
BRDA:78,15,0,5
BRDA:78,15,1,0
BRDA:99,16,0,0
BRDA:99,16,1,0
BRDA:118,17,0,6
BRDA:118,18,0,6
BRDA:118,19,0,7
BRDA:121,20,0,2
BRDA:121,20,1,5
BRDA:123,21,0,1
BRDA:123,21,1,1
BRDA:133,22,0,1
BRDA:133,22,1,5
BRDA:134,23,0,1
BRDA:134,23,1,5
BRDA:138,24,0,0
BRDA:138,24,1,6
BRDA:138,25,0,6
BRDA:138,25,1,6
BRDA:138,25,2,6
BRDA:138,25,3,6
BRDA:148,26,0,6
BRDA:148,26,1,0
BRDA:148,26,2,0
BRDA:151,27,0,0
BRDA:151,27,1,6
BRDA:172,28,0,0
BRDA:172,28,1,1
BRDA:179,29,0,1
BRDA:179,29,1,1
BRDA:179,29,2,0
BRDA:183,30,0,0
BRDA:183,30,1,1
BRDA:204,31,0,0
BRDA:204,31,1,3
BRDA:215,32,0,0
BRDA:215,32,1,3
BRDA:215,33,0,3
BRDA:215,33,1,2
BRDA:215,33,2,2
BRDA:222,34,0,3
BRDA:222,34,1,1
BRDA:223,35,0,1
BRDA:223,35,1,2
BRDA:229,36,0,3
BRDA:229,36,1,5
BRDA:234,37,0,1
BRDA:234,37,1,2
BRDA:234,38,0,3
BRDA:234,38,1,1
BRDA:241,39,0,0
BRDA:241,39,1,2
BRDA:242,40,0,0
BRDA:242,40,1,2
BRDA:243,41,0,0
BRDA:243,41,1,2
BRDA:246,42,0,2
BRDA:246,42,1,0
BRDA:246,43,0,2
BRDA:246,43,1,2
BRDA:246,43,2,2
BRDA:259,44,0,0
BRDA:259,44,1,0
BRDA:275,45,0,1
BRDA:275,45,1,0
BRF:99
BRH:77
end_of_record
TN:
SF:src/api/orders.js
FN:27,parseQuery
FN:39,filterOrders
FN:43,(anonymous_2)
FN:46,(anonymous_3)
FN:49,(anonymous_4)
FN:52,(anonymous_5)
FN:55,(anonymous_6)
FN:59,(anonymous_7)
FN:69,(anonymous_8)
FN:73,paginate
FN:81,handler
FN:89,(anonymous_11)
FN:96,(anonymous_12)
FN:118,(anonymous_13)
FN:136,(anonymous_14)
FN:191,(anonymous_15)
FN:235,(anonymous_16)
FN:249,(anonymous_17)
FN:262,(anonymous_18)
FN:264,(anonymous_19)
FNF:20
FNH:3
FNDA:0,parseQuery
FNDA:0,filterOrders
FNDA:0,(anonymous_2)
FNDA:0,(anonymous_3)
FNDA:0,(anonymous_4)
FNDA:0,(anonymous_5)
FNDA:0,(anonymous_6)
FNDA:0,(anonymous_7)
FNDA:0,(anonymous_8)
FNDA:0,paginate
FNDA:8,handler
FNDA:0,(anonymous_11)
FNDA:0,(anonymous_12)
FNDA:0,(anonymous_13)
FNDA:2,(anonymous_14)
FNDA:0,(anonymous_15)
FNDA:1,(anonymous_16)
FNDA:0,(anonymous_17)
FNDA:0,(anonymous_18)
FNDA:0,(anonymous_19)
DA:6,8
DA:7,8
DA:21,8
DA:23,8
DA:24,8
DA:25,8
DA:28,0
DA:29,0
DA:30,0
DA:31,0
DA:32,0
DA:33,0
DA:34,0
DA:35,0
DA:36,0
DA:40,0
DA:42,0
DA:43,0
DA:45,0
DA:46,0
DA:48,0
DA:49,0
DA:51,0
DA:52,0
DA:54,0
DA:55,0
DA:57,0
DA:58,0
DA:59,0
DA:60,0
DA:69,0
DA:70,0
DA:74,0
DA:75,0
DA:76,0
DA:77,0
DA:78,0
DA:83,8
DA:85,8
DA:86,8
DA:89,8
DA:90,0
DA:91,0
DA:92,0
DA:93,0
DA:95,0
DA:96,0
DA:113,0
DA:118,8
DA:119,0
DA:120,0
DA:121,0
DA:122,0
DA:125,0
DA:126,0
DA:128,0
DA:130,0
DA:136,8
DA:137,2
DA:152,2
DA:155,2
DA:156,0
DA:158,2
DA:159,0
DA:161,2
DA:162,0
DA:164,2
DA:165,0
DA:168,2
DA:184,2
DA:186,0
DA:191,8
DA:192,0
DA:193,0
DA:194,0
DA:195,0
DA:196,0
DA:200,0
DA:201,0
DA:202,0
DA:204,0
DA:209,0
DA:210,0
DA:214,0
DA:215,0
DA:216,0
DA:217,0
DA:218,0
DA:219,0
DA:221,0
DA:222,0
DA:225,0
DA:226,0
DA:228,0
DA:230,0
DA:235,8
DA:236,1
DA:237,1
DA:238,1
DA:239,1
DA:240,1
DA:241,1
DA:243,0
DA:249,8
DA:250,0
DA:251,0
DA:252,0
DA:253,0
DA:255,0
DA:257,0
DA:262,8
DA:263,0
DA:264,0
DA:265,0
DA:267,0
DA:271,8
DA:278,8
LF:117
LH:32
BRDA:28,0,0,0
BRDA:28,0,1,0
BRDA:29,1,0,0
BRDA:29,1,1,0
BRDA:30,2,0,0
BRDA:30,2,1,0
BRDA:31,3,0,0
BRDA:31,3,1,0
BRDA:32,4,0,0
BRDA:32,4,1,0
BRDA:33,5,0,0
BRDA:33,5,1,0
BRDA:34,6,0,0
BRDA:34,6,1,0
BRDA:35,7,0,0
BRDA:35,7,1,0
BRDA:42,8,0,0
BRDA:42,8,1,0
BRDA:45,9,0,0
BRDA:45,9,1,0
BRDA:48,10,0,0
BRDA:48,10,1,0
BRDA:51,11,0,0
BRDA:51,11,1,0
BRDA:54,12,0,0
BRDA:54,12,1,0
BRDA:57,13,0,0
BRDA:57,13,1,0
BRDA:60,14,0,0
BRDA:60,14,1,0
BRDA:60,14,2,0
BRDA:60,14,3,0
BRDA:60,14,4,0
BRDA:75,15,0,0
BRDA:75,15,1,0
BRDA:83,16,0,8
BRDA:83,16,1,0
BRDA:83,17,0,8
BRDA:83,17,1,8
BRDA:86,18,0,8
BRDA:86,18,1,8
BRDA:121,19,0,0
BRDA:121,19,1,0
BRDA:125,20,0,0
BRDA:125,20,1,0
BRDA:125,21,0,0
BRDA:125,21,1,0
BRDA:155,22,0,0
BRDA:155,22,1,2
BRDA:155,23,0,2
BRDA:155,23,1,2
BRDA:158,24,0,0
BRDA:158,24,1,2
BRDA:158,25,0,2
BRDA:158,25,1,2
BRDA:161,26,0,0
BRDA:161,26,1,2
BRDA:161,27,0,2
BRDA:161,27,1,2
BRDA:164,28,0,0
BRDA:164,28,1,2
BRDA:164,29,0,2
BRDA:164,29,1,2
BRDA:169,30,0,2
BRDA:169,30,1,2
BRDA:170,31,0,2
BRDA:170,31,1,0
BRDA:171,32,0,2
BRDA:171,32,1,2
BRDA:172,33,0,2
BRDA:172,33,1,2
BRDA:173,34,0,2
BRDA:173,34,1,2
BRDA:178,35,0,2
BRDA:178,35,1,2
BRDA:178,36,0,0
BRDA:178,36,1,2
BRDA:178,37,0,0
BRDA:178,37,1,2
BRDA:178,38,0,1
BRDA:178,38,1,1
BRDA:179,39,0,0
BRDA:179,39,1,2
BRDA:180,40,0,2
BRDA:180,40,1,2
BRDA:181,41,0,2
BRDA:181,41,1,2
BRDA:195,42,0,0
BRDA:195,42,1,0
BRDA:200,43,0,0
BRDA:200,43,1,0
BRDA:200,44,0,0
BRDA:200,44,1,0
BRDA:209,45,0,0
BRDA:209,45,1,0
BRDA:209,46,0,0
BRDA:209,46,1,0
BRDA:214,47,0,0
BRDA:214,47,1,0
BRDA:215,48,0,0
BRDA:215,48,1,0
BRDA:216,49,0,0
BRDA:216,49,1,0
BRDA:217,50,0,0
BRDA:217,50,1,0
BRDA:221,51,0,0
BRDA:221,51,1,0
BRDA:238,52,0,0
BRDA:238,52,1,1
BRDA:240,53,0,0
BRDA:240,53,1,1
BRDA:252,54,0,0
BRDA:252,54,1,0
BRF:113
BRH:39
end_of_record
TN:
SF:src/auth/jwt.js
FN:16,base64urlEncode
FN:27,base64urlDecode
FN:38,sign
FN:70,verify
FNF:4
FNH:4
FNDA:58,base64urlEncode
FNDA:92,base64urlDecode
FNDA:29,sign
FNDA:95,verify
DA:1,13
DA:8,13
DA:9,13
DA:10,0
DA:17,58
DA:28,92
DA:29,92
DA:39,29
DA:44,29
DA:45,29
DA:51,29
DA:52,29
DA:54,29
DA:62,29
DA:71,95
DA:72,95
DA:73,94
DA:74,1
DA:77,93
DA:80,93
DA:88,93
DA:89,1
DA:93,92
DA:96,92
DA:97,92
DA:98,1
DA:101,91
DA:103,1
DA:107,13
LF:29
LH:28
BRDA:9,0,0,0
BRDA:9,0,1,13
BRDA:38,1,0,20
BRDA:73,2,0,1
BRDA:73,2,1,93
BRDA:88,3,0,1
BRDA:88,3,1,92
BRDA:97,4,0,1
BRDA:97,4,1,91
BRDA:97,5,0,92
BRDA:97,5,1,73
BRF:11
BRH:10
end_of_record
TN:
SF:src/middleware/requireRole.js
FN:10,normalizeRole
FN:19,extractToken
FN:25,requireRole
FN:28,(anonymous_3)
FN:51,(anonymous_4)
FNF:5
FNH:5
FNDA:127,normalizeRole
FNDA:102,extractToken
FNDA:134,requireRole
FNDA:102,(anonymous_3)
FNDA:96,(anonymous_4)
DA:1,13
DA:3,13
DA:11,127
DA:12,127
DA:13,127
DA:14,395
DA:16,0
DA:20,102
DA:21,102
DA:22,90
DA:26,134
DA:28,134
DA:29,102
DA:30,102
DA:31,12
DA:34,90
DA:35,90
DA:36,0
DA:39,90
DA:40,90
DA:42,90
DA:43,0
DA:51,96
DA:53,90
DA:54,8
DA:62,82
DA:63,82
DA:67,13
DA:68,13
DA:69,13
DA:70,13
DA:72,13
LF:32
LH:29
BRDA:11,0,0,0
BRDA:11,0,1,127
BRDA:14,1,0,127
BRDA:14,1,1,268
BRDA:21,2,0,12
BRDA:21,2,1,90
BRDA:21,3,0,102
BRDA:21,3,1,90
BRDA:26,4,0,104
BRDA:26,4,1,30
BRDA:30,5,0,12
BRDA:30,5,1,90
BRDA:35,6,0,0
BRDA:35,6,1,90
BRDA:42,7,0,0
BRDA:42,7,1,90
BRDA:53,8,0,8
BRDA:53,8,1,82
BRF:18
BRH:15
end_of_record
TN:
SF:src/models/habit.js
FN:27,(anonymous_0)
FN:40,(anonymous_1)
FN:51,(anonymous_2)
FN:82,(anonymous_3)
FNF:4
FNH:4
FNDA:14,(anonymous_0)
FNDA:56,(anonymous_1)
FNDA:14,(anonymous_2)
FNDA:20,(anonymous_3)
DA:24,10
DA:28,14
DA:29,14
DA:30,14
DA:31,14
DA:32,14
DA:33,14
DA:34,14
DA:35,14
DA:36,14
DA:37,14
DA:41,56
DA:42,56
DA:43,56
DA:44,29
DA:45,56
DA:46,56
DA:47,56
DA:52,14
DA:53,14
DA:55,14
DA:56,7
DA:57,1
DA:58,1
DA:60,1
DA:62,1
DA:63,0
DA:65,0
DA:68,0
DA:72,6
DA:74,7
DA:77,7
DA:78,7
DA:83,20
DA:91,10
LF:35
LH:32
BRDA:27,0,0,0
BRDA:28,1,0,14
BRDA:28,1,1,14
BRDA:29,2,0,14
BRDA:29,2,1,0
BRDA:30,3,0,14
BRDA:30,3,1,0
BRDA:31,4,0,14
BRDA:31,4,1,14
BRDA:32,5,0,14
BRDA:32,5,1,14
BRDA:33,6,0,14
BRDA:33,6,1,14
BRDA:34,7,0,14
BRDA:34,7,1,14
BRDA:35,8,0,14
BRDA:35,8,1,14
BRDA:36,9,0,14
BRDA:36,9,1,14
BRDA:37,10,0,14
BRDA:37,10,1,14
BRDA:42,11,0,34
BRDA:42,11,1,22
BRDA:43,12,0,27
BRDA:43,12,1,29
BRDA:44,13,0,11
BRDA:44,13,1,18
BRDA:45,14,0,33
BRDA:45,14,1,23
BRDA:46,15,0,34
BRDA:46,15,1,22
BRDA:51,16,0,12
BRDA:55,17,0,7
BRDA:55,17,1,7
BRDA:56,18,0,1
BRDA:56,18,1,6
BRDA:60,19,0,1
BRDA:60,19,1,0
BRDA:62,20,0,1
BRDA:62,20,1,0
BRDA:63,21,0,0
BRDA:63,21,1,0
BRDA:68,22,0,0
BRDA:68,22,1,0
BRF:44
BRH:35
end_of_record
TN:
SF:src/models/kpi.js
FN:8,(anonymous_0)
FN:26,(anonymous_1)
FN:33,(anonymous_2)
FN:60,(anonymous_3)
FNF:4
FNH:4
FNDA:5,(anonymous_0)
FNDA:4,(anonymous_1)
FNDA:23,(anonymous_2)
FNDA:21,(anonymous_3)
DA:1,10
DA:9,5
DA:10,5
DA:11,5
DA:14,5
DA:15,5
DA:16,5
DA:19,5
DA:20,5
DA:21,5
DA:23,5
DA:27,4
DA:34,23
DA:35,23
DA:37,23
DA:38,23
DA:39,23
DA:41,23
DA:47,0
DA:49,0
DA:61,21
DA:63,20
DA:65,20
DA:66,5
DA:69,15
DA:70,4
DA:71,2
DA:75,10
LF:28
LH:26
BRDA:8,0,0,0
BRDA:9,1,0,5
BRDA:9,1,1,5
BRDA:10,2,0,5
BRDA:10,2,1,1
BRDA:11,3,0,5
BRDA:11,3,1,3
BRDA:14,4,0,5
BRDA:14,4,1,1
BRDA:15,5,0,5
BRDA:15,5,1,2
BRDA:16,6,0,5
BRDA:16,6,1,2
BRDA:19,7,0,5
BRDA:19,7,1,5
BRDA:20,8,0,5
BRDA:20,8,1,5
BRDA:21,9,0,5
BRDA:21,9,1,5
BRDA:23,10,0,5
BRDA:23,10,1,5
BRDA:60,11,0,16
BRDA:61,12,0,1
BRDA:61,12,1,20
BRDA:61,13,0,21
BRDA:61,13,1,20
BRDA:65,14,0,5
BRDA:65,14,1,15
BRDA:66,15,0,4
BRDA:66,15,1,1
BRDA:69,16,0,11
BRDA:69,16,1,4
BRDA:70,17,0,2
BRDA:70,17,1,2
BRF:34
BRH:33
end_of_record
TN:
SF:src/models/lead.js
FN:24,uid
FN:28,isoNow
FN:33,(anonymous_2)
FN:64,(anonymous_3)
FN:65,(anonymous_4)
FN:66,(anonymous_5)
FN:67,(anonymous_6)
FN:69,(anonymous_7)
FN:70,(anonymous_8)
FN:71,(anonymous_9)
FN:72,(anonymous_10)
FN:76,(anonymous_11)
FN:79,(anonymous_12)
FN:86,(anonymous_13)
FN:110,(anonymous_14)
FN:126,(anonymous_15)
FN:137,(anonymous_16)
FN:168,(anonymous_17)
FN:172,(anonymous_18)
FN:221,(anonymous_19)
FN:222,(anonymous_20)
FNF:21
FNH:18
FNDA:229,uid
FNDA:460,isoNow
FNDA:229,(anonymous_2)
FNDA:229,(anonymous_3)
FNDA:229,(anonymous_4)
FNDA:228,(anonymous_5)
FNDA:15,(anonymous_6)
FNDA:159,(anonymous_7)
FNDA:159,(anonymous_8)
FNDA:159,(anonymous_9)
FNDA:103,(anonymous_10)
FNDA:0,(anonymous_11)
FNDA:0,(anonymous_12)
FNDA:235,(anonymous_13)
FNDA:103,(anonymous_14)
FNDA:1,(anonymous_15)
FNDA:1,(anonymous_16)
FNDA:22,(anonymous_17)
FNDA:224,(anonymous_18)
FNDA:72,(anonymous_19)
FNDA:0,(anonymous_20)
DA:9,22
DA:10,22
DA:12,22
DA:13,22
DA:14,22
DA:21,22
DA:22,22
DA:25,229
DA:29,460
DA:34,229
DA:35,229
DA:36,229
DA:39,229
DA:40,229
DA:41,229
DA:42,229
DA:43,229
DA:44,229
DA:45,229
DA:46,229
DA:47,229
DA:48,229
DA:50,229
DA:51,229
DA:52,229
DA:53,229
DA:55,229
DA:56,229
DA:57,229
DA:58,229
DA:59,229
DA:64,229
DA:65,229
DA:66,228
DA:67,15
DA:69,159
DA:70,159
DA:71,159
DA:72,103
DA:77,0
DA:80,0
DA:87,235
DA:111,103
DA:127,1
DA:128,1
DA:129,1
DA:131,0
DA:132,0
DA:134,1
DA:138,1
DA:139,1
DA:141,1
DA:142,1
DA:143,1
DA:144,1
DA:147,1
DA:156,1
DA:157,1
DA:163,22
DA:164,22
DA:166,22
DA:168,22
DA:169,22
DA:172,14
DA:173,224
DA:174,224
DA:175,224
DA:179,14
DA:180,14
DA:181,14
DA:183,14
DA:211,14
DA:214,22
DA:221,72
DA:222,0
LF:75
LH:70
BRDA:33,0,0,0
BRDA:34,1,0,229
BRDA:34,1,1,229
BRDA:35,2,0,229
BRDA:35,2,1,61
BRDA:36,3,0,229
BRDA:36,3,1,0
BRDA:39,4,0,212
BRDA:39,4,1,17
BRDA:40,5,0,229
BRDA:40,5,1,229
BRDA:41,6,0,229
BRDA:41,6,1,187
BRDA:42,7,0,229
BRDA:42,7,1,201
BRDA:43,8,0,229
BRDA:43,8,1,215
BRDA:44,9,0,229
BRDA:44,9,1,229
BRDA:45,10,0,229
BRDA:45,10,1,229
BRDA:46,11,0,229
BRDA:46,11,1,229
BRDA:47,12,0,229
BRDA:47,12,1,229
BRDA:48,13,0,229
BRDA:48,13,1,201
BRDA:50,14,0,229
BRDA:50,14,1,229
BRDA:51,15,0,229
BRDA:51,15,1,229
BRDA:52,16,0,229
BRDA:52,16,1,229
BRDA:53,17,0,229
BRDA:53,17,1,229
BRDA:55,18,0,229
BRDA:55,18,1,0
BRDA:55,19,0,229
BRDA:55,19,1,229
BRDA:56,20,0,229
BRDA:56,20,1,0
BRDA:56,21,0,229
BRDA:56,21,1,229
BRDA:57,22,0,228
BRDA:57,22,1,1
BRDA:57,23,0,229
BRDA:57,23,1,228
BRDA:58,24,0,14
BRDA:58,24,1,215
BRDA:58,25,0,229
BRDA:58,25,1,14
BRDA:59,26,0,0
BRDA:59,26,1,229
BRDA:59,27,0,229
BRDA:59,27,1,0
BRDA:67,28,0,15
BRDA:67,28,1,0
BRDA:69,29,0,159
BRDA:69,29,1,0
BRDA:70,30,0,159
BRDA:70,30,1,0
BRDA:71,31,0,158
BRDA:71,31,1,1
BRDA:72,32,0,7
BRDA:72,32,1,96
BRDA:126,33,0,0
BRDA:127,34,0,0
BRDA:127,34,1,1
BRDA:128,35,0,0
BRDA:128,35,1,1
BRDA:129,36,0,0
BRDA:129,36,1,1
BRDA:131,37,0,0
BRDA:131,37,1,0
BRDA:131,38,0,0
BRDA:131,38,1,0
BRDA:139,39,0,0
BRDA:139,39,1,1
BRDA:139,40,0,0
BRDA:139,40,1,0
BRDA:156,41,0,1
BRDA:156,41,1,0
BRDA:169,42,0,8
BRDA:169,42,1,14
BRDA:181,43,0,14
BRDA:181,43,1,0
BRDA:196,44,0,14
BRDA:196,44,1,0
BRDA:197,45,0,14
BRDA:197,45,1,0
BRDA:207,46,0,14
BRDA:207,46,1,0
BRDA:208,47,0,14
BRDA:208,47,1,14
BRF:94
BRH:69
end_of_record
TN:
SF:src/models/member.js
FN:22,getStore
FN:26,initStore
FN:31,(anonymous_2)
FN:62,(anonymous_3)
FN:69,(anonymous_4)
FN:79,(anonymous_5)
FN:90,(anonymous_6)
FN:98,(anonymous_7)
FN:109,(anonymous_8)
FN:114,(anonymous_9)
FN:131,(anonymous_10)
FN:156,(anonymous_11)
FNF:12
FNH:11
FNDA:23,getStore
FNDA:18,initStore
FNDA:174,(anonymous_2)
FNDA:7,(anonymous_3)
FNDA:0,(anonymous_4)
FNDA:169,(anonymous_5)
FNDA:7,(anonymous_6)
FNDA:168,(anonymous_7)
FNDA:7,(anonymous_8)
FNDA:6,(anonymous_9)
FNDA:23,(anonymous_10)
FNDA:41,(anonymous_11)
DA:1,18
DA:2,18
DA:17,18
DA:20,18
DA:23,23
DA:27,18
DA:32,174
DA:33,174
DA:36,174
DA:37,174
DA:39,174
DA:40,174
DA:41,174
DA:42,174
DA:43,174
DA:44,174
DA:45,174
DA:46,174
DA:47,174
DA:48,174
DA:51,174
DA:52,169
DA:54,174
DA:55,168
DA:63,7
DA:70,0
DA:71,0
DA:73,0
DA:80,169
DA:81,0
DA:83,169
DA:91,7
DA:92,7
DA:99,168
DA:100,0
DA:102,168
DA:110,7
DA:111,6
DA:115,6
DA:117,6
DA:118,6
DA:119,6
DA:122,6
DA:123,6
DA:125,6
DA:132,23
DA:133,23
DA:134,23
DA:135,23
DA:138,23
DA:157,41
DA:194,41
DA:198,18
LF:53
LH:48
BRDA:31,0,0,5
BRDA:32,1,0,174
BRDA:32,1,1,10
BRDA:33,2,0,174
BRDA:33,2,1,5
BRDA:36,3,0,174
BRDA:36,3,1,174
BRDA:37,4,0,174
BRDA:37,4,1,174
BRDA:39,5,0,174
BRDA:39,5,1,174
BRDA:40,6,0,174
BRDA:40,6,1,8
BRDA:41,7,0,174
BRDA:41,7,1,8
BRDA:42,8,0,174
BRDA:42,8,1,91
BRDA:43,9,0,174
BRDA:43,9,1,174
BRDA:44,10,0,174
BRDA:44,10,1,174
BRDA:45,11,0,174
BRDA:45,11,1,174
BRDA:46,12,0,174
BRDA:46,12,1,174
BRDA:47,13,0,174
BRDA:47,13,1,174
BRDA:48,14,0,174
BRDA:48,14,1,174
BRDA:51,15,0,169
BRDA:51,15,1,5
BRDA:51,16,0,174
BRDA:51,16,1,169
BRDA:54,17,0,168
BRDA:54,17,1,6
BRDA:54,18,0,174
BRDA:54,18,1,168
BRDA:70,19,0,0
BRDA:70,19,1,0
BRDA:80,20,0,0
BRDA:80,20,1,169
BRDA:91,21,0,0
BRDA:91,21,1,7
BRDA:92,22,0,7
BRDA:92,22,1,0
BRDA:99,23,0,0
BRDA:99,23,1,168
BRDA:110,24,0,1
BRDA:110,24,1,6
BRDA:111,25,0,6
BRDA:111,25,1,0
BRF:51
BRH:44
end_of_record
TN:
SF:src/models/order.js
FN:14,uid
FN:18,isoNow
FN:22,formatVND
FN:27,(anonymous_3)
FN:57,(anonymous_4)
FN:61,(anonymous_5)
FN:65,(anonymous_6)
FN:71,(anonymous_7)
FN:79,(anonymous_8)
FN:98,(anonymous_9)
FN:125,(anonymous_10)
FN:155,(anonymous_11)
FN:167,(anonymous_12)
FN:170,(anonymous_13)
FN:253,markPaid
FN:281,allOrders
FN:286,findById
FN:287,(anonymous_17)
FN:290,findByLeadId
FN:291,(anonymous_19)
FN:294,createOrder
FN:301,updateOrder
FN:302,(anonymous_22)
FN:311,deleteOrder
FN:312,(anonymous_24)
FN:332,(anonymous_25)
FN:333,(anonymous_26)
FNF:27
FNH:15
FNDA:58,uid
FNDA:121,isoNow
FNDA:0,formatVND
FNDA:58,(anonymous_3)
FNDA:0,(anonymous_4)
FNDA:0,(anonymous_5)
FNDA:0,(anonymous_6)
FNDA:3,(anonymous_7)
FNDA:0,(anonymous_8)
FNDA:0,(anonymous_9)
FNDA:3,(anonymous_10)
FNDA:0,(anonymous_11)
FNDA:18,(anonymous_12)
FNDA:56,(anonymous_13)
FNDA:1,markPaid
FNDA:10,allOrders
FNDA:1,findById
FNDA:1,(anonymous_17)
FNDA:0,findByLeadId
FNDA:0,(anonymous_19)
FNDA:2,createOrder
FNDA:1,updateOrder
FNDA:1,(anonymous_22)
FNDA:0,deleteOrder
FNDA:0,(anonymous_24)
FNDA:0,(anonymous_25)
FNDA:8,(anonymous_26)
DA:6,14
DA:8,14
DA:9,14
DA:10,14
DA:11,14
DA:12,14
DA:15,58
DA:19,121
DA:23,0
DA:28,58
DA:29,58
DA:30,58
DA:31,58
DA:32,58
DA:33,58
DA:34,58
DA:35,58
DA:36,58
DA:37,58
DA:38,58
DA:39,58
DA:40,58
DA:41,58
DA:42,58
DA:43,58
DA:44,58
DA:45,58
DA:46,58
DA:47,58
DA:48,58
DA:49,58
DA:50,58
DA:51,58
DA:52,58
DA:58,0
DA:62,0
DA:66,0
DA:72,3
DA:73,3
DA:74,3
DA:80,0
DA:81,0
DA:84,0
DA:93,0
DA:99,0
DA:100,0
DA:102,0
DA:103,0
DA:104,0
DA:107,0
DA:108,0
DA:109,0
DA:112,0
DA:119,0
DA:120,0
DA:126,3
DA:156,0
DA:162,14
DA:163,14
DA:165,14
DA:167,14
DA:168,18
DA:170,14
DA:171,56
DA:172,56
DA:173,56
DA:177,14
DA:178,14
DA:180,14
DA:247,14
DA:254,1
DA:255,1
DA:256,1
DA:257,1
DA:258,0
DA:260,1
DA:261,1
DA:262,1
DA:265,1
DA:266,1
DA:267,1
DA:275,1
DA:276,1
DA:277,1
DA:278,1
DA:282,10
DA:283,10
DA:287,1
DA:291,0
DA:295,2
DA:296,2
DA:297,2
DA:298,2
DA:302,1
DA:303,1
DA:304,1
DA:305,1
DA:306,1
DA:307,1
DA:308,1
DA:312,0
DA:313,0
DA:314,0
DA:315,0
DA:318,14
DA:332,0
DA:333,8
LF:107
LH:80
BRDA:27,0,0,0
BRDA:28,1,0,58
BRDA:28,1,1,58
BRDA:29,2,0,58
BRDA:29,2,1,2
BRDA:30,3,0,58
BRDA:30,3,1,0
BRDA:31,4,0,58
BRDA:31,4,1,2
BRDA:32,5,0,58
BRDA:32,5,1,2
BRDA:33,6,0,58
BRDA:33,6,1,56
BRDA:34,7,0,58
BRDA:34,7,1,0
BRDA:35,8,0,58
BRDA:35,8,1,0
BRDA:36,9,0,58
BRDA:36,9,1,0
BRDA:37,10,0,58
BRDA:37,10,1,0
BRDA:38,11,0,58
BRDA:38,11,1,58
BRDA:39,12,0,58
BRDA:39,12,1,2
BRDA:40,13,0,58
BRDA:40,13,1,0
BRDA:41,14,0,58
BRDA:41,14,1,0
BRDA:42,15,0,56
BRDA:42,15,1,2
BRDA:43,16,0,58
BRDA:43,16,1,58
BRDA:44,17,0,58
BRDA:44,17,1,2
BRDA:45,18,0,58
BRDA:45,18,1,58
BRDA:46,19,0,56
BRDA:46,19,1,2
BRDA:47,20,0,58
BRDA:47,20,1,58
BRDA:48,21,0,58
BRDA:48,21,1,58
BRDA:49,22,0,58
BRDA:49,22,1,58
BRDA:50,23,0,58
BRDA:50,23,1,58
BRDA:51,24,0,58
BRDA:51,24,1,58
BRDA:52,25,0,58
BRDA:52,25,1,58
BRDA:80,26,0,0
BRDA:80,26,1,0
BRDA:81,27,0,0
BRDA:81,27,1,0
BRDA:93,28,0,0
BRDA:93,28,1,0
BRDA:100,29,0,0
BRDA:100,29,1,0
BRDA:107,30,0,0
BRDA:107,30,1,0
BRDA:108,31,0,0
BRDA:108,31,1,0
BRDA:109,32,0,0
BRDA:109,32,1,0
BRDA:119,33,0,0
BRDA:119,33,1,0
BRDA:168,34,0,4
BRDA:168,34,1,14
BRDA:183,35,0,14
BRDA:183,35,1,0
BRDA:184,36,0,14
BRDA:184,36,1,0
BRDA:185,37,0,14
BRDA:185,37,1,0
BRDA:199,38,0,14
BRDA:199,38,1,0
BRDA:200,39,0,14
BRDA:200,39,1,0
BRDA:201,40,0,14
BRDA:201,40,1,0
BRDA:215,41,0,14
BRDA:215,41,1,0
BRDA:216,42,0,14
BRDA:216,42,1,0
BRDA:217,43,0,14
BRDA:217,43,1,0
BRDA:231,44,0,14
BRDA:231,44,1,0
BRDA:232,45,0,14
BRDA:232,45,1,0
BRDA:233,46,0,14
BRDA:233,46,1,0
BRDA:255,47,0,0
BRDA:255,47,1,1
BRDA:256,48,0,0
BRDA:256,48,1,1
BRDA:257,49,0,0
BRDA:257,49,1,1
BRDA:257,50,0,1
BRDA:257,50,1,1
BRDA:261,51,0,1
BRDA:261,51,1,0
BRDA:262,52,0,1
BRDA:262,52,1,0
BRDA:272,53,0,1
BRDA:272,53,1,0
BRDA:275,54,0,1
BRDA:275,54,1,1
BRDA:287,55,0,1
BRDA:287,55,1,0
BRDA:303,56,0,0
BRDA:303,56,1,1
BRDA:313,57,0,0
BRDA:313,57,1,0
BRF:115
BRH:69
end_of_record
TN:
SF:src/models/psn.js
FN:2,(anonymous_0)
FN:11,(anonymous_1)
FN:13,(anonymous_2)
FN:17,(anonymous_3)
FNF:4
FNH:4
FNDA:6,(anonymous_0)
FNDA:2,(anonymous_1)
FNDA:2,(anonymous_2)
FNDA:1,(anonymous_3)
DA:3,6
DA:4,6
DA:5,6
DA:6,6
DA:7,6
DA:8,6
DA:11,2
DA:14,2
DA:18,1
DA:22,1
LF:10
LH:10
BRDA:2,0,0,1
BRDA:3,1,0,6
BRDA:3,1,1,1
BRDA:4,2,0,6
BRDA:4,2,1,1
BRDA:5,3,0,6
BRDA:5,3,1,4
BRDA:6,4,0,6
BRDA:6,4,1,3
BRDA:7,5,0,6
BRDA:7,5,1,6
BRDA:8,6,0,6
BRDA:8,6,1,6
BRDA:14,7,0,1
BRDA:14,7,1,1
BRF:15
BRH:15
end_of_record
TN:
SF:src/utils/auditLog.js
FN:27,logPIIAccess
FN:60,getAuditLogs
FN:64,(anonymous_2)
FN:68,(anonymous_3)
FN:72,(anonymous_4)
FN:76,(anonymous_5)
FN:80,(anonymous_6)
FN:84,(anonymous_7)
FN:92,isPIIField
FN:101,extractPIIFields
FN:104,(anonymous_10)
FNF:11
FNH:8
FNDA:9,logPIIAccess
FNDA:6,getAuditLogs
FNDA:7,(anonymous_2)
FNDA:0,(anonymous_3)
FNDA:5,(anonymous_4)
FNDA:0,(anonymous_5)
FNDA:0,(anonymous_6)
FNDA:1,(anonymous_7)
FNDA:21,isPIIField
FNDA:5,extractPIIFields
FNDA:16,(anonymous_10)
DA:1,10
DA:8,10
DA:13,10
DA:28,9
DA:42,9
DA:45,9
DA:47,9
DA:61,6
DA:63,6
DA:64,7
DA:67,6
DA:68,0
DA:71,6
DA:72,5
DA:75,6
DA:76,0
DA:79,6
DA:80,0
DA:84,6
DA:93,21
DA:102,5
DA:104,16
DA:107,10
LF:23
LH:20
BRDA:37,0,0,9
BRDA:37,0,1,4
BRDA:38,1,0,9
BRDA:38,1,1,9
BRDA:60,2,0,2
BRDA:63,3,0,2
BRDA:63,3,1,4
BRDA:67,4,0,0
BRDA:67,4,1,6
BRDA:71,5,0,2
BRDA:71,5,1,4
BRDA:75,6,0,0
BRDA:75,6,1,6
BRDA:79,7,0,0
BRDA:79,7,1,6
BRDA:102,8,0,2
BRDA:102,8,1,3
BRDA:102,9,0,5
BRDA:102,9,1,4
BRF:19
BRH:16
end_of_record
TN:
SF:src/utils/encryption.js
FN:22,encrypt
FN:40,decrypt
FN:67,isEncrypted
FNF:3
FNH:3
FNDA:1040,encrypt
FNDA:498,decrypt
FNDA:1,isEncrypted
DA:1,26
DA:8,26
DA:9,26
DA:10,26
DA:11,0
DA:15,26
DA:23,1040
DA:25,1039
DA:26,1039
DA:28,1039
DA:29,1039
DA:32,1039
DA:41,498
DA:43,497
DA:44,497
DA:45,497
DA:47,497
DA:48,497
DA:50,497
DA:52,497
DA:53,497
DA:55,497
DA:57,0
DA:58,0
DA:68,1
DA:70,1
DA:71,1
DA:76,26
LF:28
LH:25
BRDA:10,0,0,0
BRDA:10,0,1,26
BRDA:23,1,0,1
BRDA:23,1,1,1039
BRDA:41,2,0,1
BRDA:41,2,1,497
BRDA:45,3,0,0
BRDA:45,3,1,497
BRDA:68,4,0,0
BRDA:68,4,1,1
BRDA:68,5,0,1
BRDA:68,5,1,1
BRDA:71,6,0,1
BRDA:71,6,1,1
BRDA:71,6,2,1
BRF:15
BRH:12
end_of_record
TN:
SF:src/utils/monitoring.js
FN:20,(anonymous_0)
FN:25,(anonymous_1)
FN:48,(anonymous_2)
FN:61,(anonymous_3)
FN:65,(anonymous_4)
FN:67,(anonymous_5)
FN:68,(anonymous_6)
FN:86,errorMiddleware
FN:109,triggerZaloAlert
FN:130,getHealthStatus
FN:140,(anonymous_10)
FN:156,notFoundMiddleware
FNF:12
FNH:10
FNDA:9,(anonymous_0)
FNDA:1,(anonymous_1)
FNDA:2,(anonymous_2)
FNDA:1,(anonymous_3)
FNDA:3,(anonymous_4)
FNDA:2,(anonymous_5)
FNDA:2,(anonymous_6)
FNDA:0,errorMiddleware
FNDA:0,triggerZaloAlert
FNDA:4,getHealthStatus
FNDA:24,(anonymous_10)
FNDA:1,notFoundMiddleware
DA:11,9
DA:14,9
DA:21,9
DA:22,9
DA:26,1
DA:38,1
DA:40,1
DA:42,0
DA:45,1
DA:49,2
DA:57,2
DA:58,2
DA:62,1
DA:66,3
DA:67,3
DA:68,3
DA:70,3
DA:71,3
DA:72,2
DA:73,2
DA:76,3
DA:81,9
DA:87,0
DA:95,0
DA:96,0
DA:99,0
DA:110,0
DA:111,0
DA:113,0
DA:123,0
DA:124,0
DA:131,4
DA:140,24
DA:142,4
DA:157,1
DA:158,1
DA:165,9
LF:37
LH:27
BRDA:25,0,0,0
BRDA:35,1,0,1
BRDA:35,1,1,0
BRDA:40,2,0,0
BRDA:40,2,1,1
BRDA:48,3,0,0
BRDA:48,4,0,1
BRDA:61,5,0,0
BRDA:68,6,0,2
BRDA:68,6,1,1
BRDA:72,7,0,1
BRDA:72,7,1,1
BRDA:72,8,0,1
BRDA:72,8,1,0
BRDA:73,9,0,2
BRDA:73,9,1,2
BRDA:95,10,0,0
BRDA:95,10,1,0
BRDA:95,11,0,0
BRDA:95,11,1,0
BRDA:99,12,0,0
BRDA:99,12,1,0
BRDA:100,13,0,0
BRDA:100,13,1,0
BRDA:101,14,0,0
BRDA:101,14,1,0
BRDA:111,15,0,0
BRDA:111,15,1,0
BRDA:134,16,0,0
BRDA:134,16,1,4
BRDA:140,17,0,24
BRDA:140,17,1,4
BRDA:143,18,0,4
BRDA:143,18,1,0
BRF:34
BRH:14
end_of_record
